This file contains any messages produced by compilers while
running configure, to aid debugging if configure makes a mistake.

It was created by gold configure 0.1, which was
generated by GNU Autoconf 2.64.  Invocation command line was

  $ /home/freddie/JohnOfPatmos/toolchain/secure_build/binutils-2.23.1/gold/configure --cache-file=./config.cache --with-gnu-as --with-gnu-ld --with-system-zlib --prefix=/home/freddie/JohnOfPatmos/toolchain/secure_build/toolchain --with-sysroot=/home/freddie/JohnOfPatmos/toolchain/secure_build/toolchain/arm-none-eabi --disable-nls --disable-werror --enable-gold --enable-deterministic-archives --enable-secureplt --with-gnu-as --with-gnu-ld --program-transform-name=s&^&arm-none-eabi-& --disable-option-checking --build=x86_64-unknown-linux-gnu --host=x86_64-unknown-linux-gnu --target=arm-none-eabi --srcdir=/home/freddie/JohnOfPatmos/toolchain/secure_build/binutils-2.23.1/gold

## --------- ##
## Platform. ##
## --------- ##

hostname = SneakyFox
uname -m = x86_64
uname -r = 6.5.0-45-generic
uname -s = Linux
uname -v = #45~22.04.1-Ubuntu SMP PREEMPT_DYNAMIC Mon Jul 15 16:40:02 UTC 2

/usr/bin/uname -p = x86_64
/bin/uname -X     = unknown

/bin/arch              = x86_64
/usr/bin/arch -k       = unknown
/usr/convex/getsysinfo = unknown
/usr/bin/hostinfo      = unknown
/bin/machine           = unknown
/usr/bin/oslevel       = unknown
/bin/universe          = unknown

PATH: /home/freddie/JohnOfPatmos/toolchain/secure_build/toolchain/bin
PATH: /opt/cross/bin
PATH: /home/freddie/.pyenv/shims
PATH: /home/freddie/.pyenv/bin
PATH: /home/freddie/.local/bin
PATH: /home/freddie/bin
PATH: /opt/cross/bin
PATH: /home/freddie/.nvm/versions/node/v20.19.4/bin
PATH: /home/freddie/.cargo/bin
PATH: /home/freddie/.pyenv/bin
PATH: /home/freddie/.local/bin
PATH: /home/freddie/bin
PATH: /usr/local/sbin
PATH: /usr/local/bin
PATH: /usr/sbin
PATH: /usr/bin
PATH: /sbin
PATH: /bin
PATH: /usr/games
PATH: /usr/local/games
PATH: /snap/bin
PATH: /home/freddie/.yarn/bin
PATH: /home/freddie/.vscode/extensions/ms-python.debugpy-2025.10.0-linux-x64/bundled/scripts/noConfigScripts
PATH: /home/freddie/.yarn/bin


## ----------- ##
## Core tests. ##
## ----------- ##

configure:2525: loading cache ./config.cache
configure:2638: checking build system type
configure:2652: result: x86_64-unknown-linux-gnu
configure:2672: checking host system type
configure:2685: result: x86_64-unknown-linux-gnu
configure:2705: checking target system type
configure:2718: result: arm-none-eabi
configure:2761: checking for a BSD-compatible install
configure:2829: result: /usr/bin/install -c
configure:2840: checking whether build environment is sane
configure:2890: result: yes
configure:3031: checking for a thread-safe mkdir -p
configure:3070: result: /usr/bin/mkdir -p
configure:3083: checking for gawk
configure:3110: result: gawk
configure:3121: checking whether make sets $(MAKE)
configure:3143: result: yes
configure:3571: checking for x86_64-unknown-linux-gnu-nm
configure:3598: result: nm
configure:3669: checking for x86_64-unknown-linux-gnu-gcc
configure:3696: result: gcc
configure:3965: checking for C compiler version
configure:3974: gcc --version >&5
gcc (Ubuntu 11.4.0-1ubuntu1~22.04) 11.4.0
Copyright (C) 2021 Free Software Foundation, Inc.
This is free software; see the source for copying conditions.  There is NO
warranty; not even for MERCHANTABILITY or FITNESS FOR A PARTICULAR PURPOSE.

configure:3985: $? = 0
configure:3974: gcc -v >&5
Using built-in specs.
COLLECT_GCC=gcc
COLLECT_LTO_WRAPPER=/usr/lib/gcc/x86_64-linux-gnu/11/lto-wrapper
OFFLOAD_TARGET_NAMES=nvptx-none:amdgcn-amdhsa
OFFLOAD_TARGET_DEFAULT=1
Target: x86_64-linux-gnu
Configured with: ../src/configure -v --with-pkgversion='Ubuntu 11.4.0-1ubuntu1~22.04' --with-bugurl=file:///usr/share/doc/gcc-11/README.Bugs --enable-languages=c,ada,c++,go,brig,d,fortran,objc,obj-c++,m2 --prefix=/usr --with-gcc-major-version-only --program-suffix=-11 --program-prefix=x86_64-linux-gnu- --enable-shared --enable-linker-build-id --libexecdir=/usr/lib --without-included-gettext --enable-threads=posix --libdir=/usr/lib --enable-nls --enable-bootstrap --enable-clocale=gnu --enable-libstdcxx-debug --enable-libstdcxx-time=yes --with-default-libstdcxx-abi=new --enable-gnu-unique-object --disable-vtable-verify --enable-plugin --enable-default-pie --with-system-zlib --enable-libphobos-checking=release --with-target-system-zlib=auto --enable-objc-gc=auto --enable-multiarch --disable-werror --enable-cet --with-arch-32=i686 --with-abi=m64 --with-multilib-list=m32,m64,mx32 --enable-multilib --with-tune=generic --enable-offload-targets=nvptx-none=/build/gcc-11-XeT9lY/gcc-11-11.4.0/debian/tmp-nvptx/usr,amdgcn-amdhsa=/build/gcc-11-XeT9lY/gcc-11-11.4.0/debian/tmp-gcn/usr --without-cuda-driver --enable-checking=release --build=x86_64-linux-gnu --host=x86_64-linux-gnu --target=x86_64-linux-gnu --with-build-config=bootstrap-lto-lean --enable-link-serialization=2
Thread model: posix
Supported LTO compression algorithms: zlib zstd
gcc version 11.4.0 (Ubuntu 11.4.0-1ubuntu1~22.04) 
... rest of stderr output deleted ...
configure:3985: $? = 0
configure:3974: gcc -V >&5
gcc: error: unrecognized command-line option '-V'
gcc: fatal error: no input files
compilation terminated.
configure:3985: $? = 1
configure:3974: gcc -qversion >&5
gcc: error: unrecognized command-line option '-qversion'; did you mean '--version'?
gcc: fatal error: no input files
compilation terminated.
configure:3985: $? = 1
configure:4005: checking for C compiler default output file name
configure:4027: gcc -O2 -fstack-protector-strong -fPIC -D_FORTIFY_SOURCE=2 -Wformat -Wformat-security   -Wl,-z,relro -Wl,-z,now -Wl,-z,noexecstack conftest.c  >&5
configure:4031: $? = 0
configure:4068: result: a.out
configure:4084: checking whether the C compiler works
configure:4093: ./a.out
configure:4097: $? = 0
configure:4112: result: yes
configure:4119: checking whether we are cross compiling
configure:4121: result: no
configure:4124: checking for suffix of executables
configure:4131: gcc -o conftest -O2 -fstack-protector-strong -fPIC -D_FORTIFY_SOURCE=2 -Wformat -Wformat-security   -Wl,-z,relro -Wl,-z,now -Wl,-z,noexecstack conftest.c  >&5
configure:4135: $? = 0
configure:4157: result: 
configure:4163: checking for suffix of object files
configure:4210: result: o
configure:4214: checking whether we are using the GNU C compiler
configure:4242: result: yes
configure:4251: checking whether gcc accepts -g
configure:4312: result: yes
configure:4329: checking for gcc option to accept ISO C89
configure:4406: result: none needed
configure:4437: checking for style of include used by make
configure:4465: result: GNU
configure:4490: checking dependency style of gcc
configure:4600: result: gcc3
configure:4727: checking for C++ compiler version
configure:4736: g++ --version >&5
g++ (Ubuntu 11.4.0-1ubuntu1~22.04) 11.4.0
Copyright (C) 2021 Free Software Foundation, Inc.
This is free software; see the source for copying conditions.  There is NO
warranty; not even for MERCHANTABILITY or FITNESS FOR A PARTICULAR PURPOSE.

configure:4747: $? = 0
configure:4736: g++ -v >&5
Using built-in specs.
COLLECT_GCC=g++
COLLECT_LTO_WRAPPER=/usr/lib/gcc/x86_64-linux-gnu/11/lto-wrapper
OFFLOAD_TARGET_NAMES=nvptx-none:amdgcn-amdhsa
OFFLOAD_TARGET_DEFAULT=1
Target: x86_64-linux-gnu
Configured with: ../src/configure -v --with-pkgversion='Ubuntu 11.4.0-1ubuntu1~22.04' --with-bugurl=file:///usr/share/doc/gcc-11/README.Bugs --enable-languages=c,ada,c++,go,brig,d,fortran,objc,obj-c++,m2 --prefix=/usr --with-gcc-major-version-only --program-suffix=-11 --program-prefix=x86_64-linux-gnu- --enable-shared --enable-linker-build-id --libexecdir=/usr/lib --without-included-gettext --enable-threads=posix --libdir=/usr/lib --enable-nls --enable-bootstrap --enable-clocale=gnu --enable-libstdcxx-debug --enable-libstdcxx-time=yes --with-default-libstdcxx-abi=new --enable-gnu-unique-object --disable-vtable-verify --enable-plugin --enable-default-pie --with-system-zlib --enable-libphobos-checking=release --with-target-system-zlib=auto --enable-objc-gc=auto --enable-multiarch --disable-werror --enable-cet --with-arch-32=i686 --with-abi=m64 --with-multilib-list=m32,m64,mx32 --enable-multilib --with-tune=generic --enable-offload-targets=nvptx-none=/build/gcc-11-XeT9lY/gcc-11-11.4.0/debian/tmp-nvptx/usr,amdgcn-amdhsa=/build/gcc-11-XeT9lY/gcc-11-11.4.0/debian/tmp-gcn/usr --without-cuda-driver --enable-checking=release --build=x86_64-linux-gnu --host=x86_64-linux-gnu --target=x86_64-linux-gnu --with-build-config=bootstrap-lto-lean --enable-link-serialization=2
Thread model: posix
Supported LTO compression algorithms: zlib zstd
gcc version 11.4.0 (Ubuntu 11.4.0-1ubuntu1~22.04) 
... rest of stderr output deleted ...
configure:4747: $? = 0
configure:4736: g++ -V >&5
g++: error: unrecognized command-line option '-V'
g++: fatal error: no input files
compilation terminated.
configure:4747: $? = 1
configure:4736: g++ -qversion >&5
g++: error: unrecognized command-line option '-qversion'; did you mean '--version'?
g++: fatal error: no input files
compilation terminated.
configure:4747: $? = 1
configure:4751: checking whether we are using the GNU C++ compiler
configure:4779: result: yes
configure:4788: checking whether g++ accepts -g
configure:4849: result: yes
configure:4874: checking dependency style of g++
configure:4984: result: gcc3
configure:5003: checking for bison
configure:5030: result: bison -y
configure:5045: checking for x86_64-unknown-linux-gnu-ranlib
configure:5072: result: ranlib
configure:5135: checking whether ln -s works
configure:5139: result: yes
configure:5153: checking how to run the C preprocessor
configure:5223: result: gcc -E
configure:5243: gcc -E  conftest.c
configure:5243: $? = 0
configure:5257: gcc -E  conftest.c
conftest.c:22:10: fatal error: ac_nonexistent.h: No such file or directory
   22 | #include <ac_nonexistent.h>
      |          ^~~~~~~~~~~~~~~~~~
compilation terminated.
configure:5257: $? = 1
configure: failed program was:
| /* confdefs.h */
| #define PACKAGE_NAME "gold"
| #define PACKAGE_TARNAME "gold"
| #define PACKAGE_VERSION "0.1"
| #define PACKAGE_STRING "gold 0.1"
| #define PACKAGE_BUGREPORT ""
| #define PACKAGE_URL ""
| #define PACKAGE "gold"
| #define VERSION "0.1"
| #define TARGET_SYSTEM_ROOT "/home/freddie/JohnOfPatmos/toolchain/secure_build/toolchain/arm-none-eabi"
| #define TARGET_SYSTEM_ROOT_RELOCATABLE 0
| #define HAVE_TARGET_32_LITTLE 1
| #define HAVE_TARGET_32_BIG 1
| #define HAVE_TARGET_64_LITTLE 1
| #define HAVE_TARGET_64_BIG 1
| #define GOLD_DEFAULT_MACHINE EM_ARM
| #define GOLD_DEFAULT_SIZE 32
| #define GOLD_DEFAULT_BIG_ENDIAN false
| #define GOLD_DEFAULT_OSABI ELFOSABI_NONE
| #define LIB_PATH "::DEFAULT::"
| /* end confdefs.h.  */
| #include <ac_nonexistent.h>
configure:5286: checking for grep that handles long lines and -e
configure:5344: result: /usr/bin/grep
configure:5349: checking for egrep
configure:5411: result: /usr/bin/grep -E
configure:5416: checking for ANSI C header files
configure:5520: result: yes
configure:5533: checking for sys/types.h
configure:5533: result: yes
configure:5533: checking for sys/stat.h
configure:5533: result: yes
configure:5533: checking for stdlib.h
configure:5533: result: yes
configure:5533: checking for string.h
configure:5533: result: yes
configure:5533: checking for memory.h
configure:5533: result: yes
configure:5533: checking for strings.h
configure:5533: result: yes
configure:5533: checking for inttypes.h
configure:5533: result: yes
configure:5533: checking for stdint.h
configure:5533: result: yes
configure:5533: checking for unistd.h
configure:5533: result: yes
configure:5547: checking for minix/config.h
configure:5547: result: no
configure:5568: checking whether it is safe to define __EXTENSIONS__
configure:5593: result: yes
configure:5622: checking whether NLS is requested
configure:5625: result: no
configure:5693: checking whether NLS is requested
configure:5702: result: no
configure:5740: checking for msgfmt
configure:5771: result: /usr/bin/msgfmt
configure:5780: checking for gmsgfmt
configure:5811: result: /usr/bin/msgfmt
configure:5851: checking for xgettext
configure:5882: result: /usr/bin/xgettext
configure:5922: checking for msgmerge
configure:5952: result: /usr/bin/msgmerge
configure:5988: checking whether byte ordering is bigendian
configure:6194: result: no
configure:6241: checking whether static linking works
configure:6269: result: yes
configure:6295: checking for gcc >= 4.1
configure:6317: result: yes
configure:6326: gcc -c -O2 -fstack-protector-strong -fPIC -D_FORTIFY_SOURCE=2 -Wformat -Wformat-security -mcmodel=medium  conftest.c >&5
configure:6326: $? = 0
configure:6342: checking for thread support
configure:6358: result: yes
configure:6370: checking for glibc >= 2.4
configure:6393: result: yes
configure:6405: checking for omp support
configure:6428: result: yes
configure:6456: gcc -c -O2 -fstack-protector-strong -fPIC -D_FORTIFY_SOURCE=2 -Wformat -Wformat-security -fpic -mtls-dialect=gnu2  conftest.c >&5
configure:6456: $? = 0
configure:6472: checking for glibc >= 2.9
configure:6495: result: yes
configure:6507: checking for -frandom-seed support
configure:6526: result: yes
configure:6535: checking for glibc ifunc support
configure:6580: result: both
configure:6710: checking for sys/mman.h
configure:6710: result: yes
configure:6723: checking for chsize
configure:6723: result: no
configure:6723: checking for mmap
configure:6723: result: yes
configure:6736: checking for pread
configure:6736: result: yes
configure:6736: checking for ftruncate
configure:6736: result: yes
configure:6736: checking for ffsll
configure:6736: result: yes
configure:6755: checking mremap with MREMAP_MAYMOVE
configure:6783: result: yes
configure:6799: checking for library containing zlibVersion
configure:6847: result: -lz
configure:6854: checking for zlib.h
configure:6854: result: yes
configure:6875: checking whether basename is declared
configure:6875: result: yes
configure:6885: checking whether ffs is declared
configure:6885: result: yes
configure:6895: checking whether asprintf is declared
configure:6895: result: yes
configure:6905: checking whether vasprintf is declared
configure:6905: result: yes
configure:6915: checking whether snprintf is declared
configure:6915: result: yes
configure:6925: checking whether vsnprintf is declared
configure:6925: result: yes
configure:6935: checking whether strverscmp is declared
configure:6935: result: yes
configure:6960: checking how to run the C++ preprocessor
configure:7026: result: g++ -E
configure:7046: g++ -E  conftest.cpp
configure:7046: $? = 0
configure:7060: g++ -E  conftest.cpp
conftest.cpp:52:10: fatal error: ac_nonexistent.h: No such file or directory
   52 | #include <ac_nonexistent.h>
      |          ^~~~~~~~~~~~~~~~~~
compilation terminated.
configure:7060: $? = 1
configure: failed program was:
| /* confdefs.h */
| #define PACKAGE_NAME "gold"
| #define PACKAGE_TARNAME "gold"
| #define PACKAGE_VERSION "0.1"
| #define PACKAGE_STRING "gold 0.1"
| #define PACKAGE_BUGREPORT ""
| #define PACKAGE_URL ""
| #define PACKAGE "gold"
| #define VERSION "0.1"
| #define TARGET_SYSTEM_ROOT "/home/freddie/JohnOfPatmos/toolchain/secure_build/toolchain/arm-none-eabi"
| #define TARGET_SYSTEM_ROOT_RELOCATABLE 0
| #define HAVE_TARGET_32_LITTLE 1
| #define HAVE_TARGET_32_BIG 1
| #define HAVE_TARGET_64_LITTLE 1
| #define HAVE_TARGET_64_BIG 1
| #define GOLD_DEFAULT_MACHINE EM_ARM
| #define GOLD_DEFAULT_SIZE 32
| #define GOLD_DEFAULT_BIG_ENDIAN false
| #define GOLD_DEFAULT_OSABI ELFOSABI_NONE
| #define LIB_PATH "::DEFAULT::"
| #define STDC_HEADERS 1
| #define HAVE_SYS_TYPES_H 1
| #define HAVE_SYS_STAT_H 1
| #define HAVE_STDLIB_H 1
| #define HAVE_STRING_H 1
| #define HAVE_MEMORY_H 1
| #define HAVE_STRINGS_H 1
| #define HAVE_INTTYPES_H 1
| #define HAVE_STDINT_H 1
| #define HAVE_UNISTD_H 1
| #define __EXTENSIONS__ 1
| #define _ALL_SOURCE 1
| #define _GNU_SOURCE 1
| #define _POSIX_PTHREAD_SEMANTICS 1
| #define _TANDEM_SOURCE 1
| #define HAVE_OMP_SUPPORT 1
| #define HAVE_SYS_MMAN_H 1
| #define HAVE_MMAP 1
| #define HAVE_PREAD 1
| #define HAVE_FTRUNCATE 1
| #define HAVE_FFSLL 1
| #define HAVE_MREMAP 1
| #define HAVE_ZLIB_H 1
| #define HAVE_DECL_BASENAME 1
| #define HAVE_DECL_FFS 1
| #define HAVE_DECL_ASPRINTF 1
| #define HAVE_DECL_VASPRINTF 1
| #define HAVE_DECL_SNPRINTF 1
| #define HAVE_DECL_VSNPRINTF 1
| #define HAVE_DECL_STRVERSCMP 1
| /* end confdefs.h.  */
| #include <ac_nonexistent.h>
configure:7092: checking for tr1/unordered_set
configure:7092: result: yes
configure:7092: checking for tr1/unordered_map
configure:7092: result: yes
configure:7106: checking for ext/hash_map
configure:7106: result: yes
configure:7106: checking for ext/hash_set
configure:7106: result: yes
configure:7119: checking for byteswap.h
configure:7119: result: yes
configure:7132: checking for mallinfo
configure:7132: result: yes
configure:7132: checking for posix_fallocate
configure:7132: result: yes
configure:7132: checking for fallocate
configure:7132: result: yes
configure:7132: checking for readv
configure:7132: result: yes
configure:7132: checking for sysconf
configure:7132: result: yes
configure:7132: checking for times
configure:7132: result: yes
configure:7142: checking whether basename is declared
configure:7142: result: yes
configure:7152: checking whether ffs is declared
configure:7152: result: yes
configure:7162: checking whether asprintf is declared
configure:7162: result: yes
configure:7172: checking whether vasprintf is declared
configure:7172: result: yes
configure:7182: checking whether snprintf is declared
configure:7182: result: yes
configure:7192: checking whether vsnprintf is declared
configure:7192: result: yes
configure:7202: checking whether strverscmp is declared
configure:7202: result: yes
configure:7212: checking whether strndup is declared
configure:7212: result: yes
configure:7222: checking whether memmem is declared
configure:7222: result: yes
configure:7236: checking whether ::std::tr1::unordered_map::rehash is usable.
configure:7263: result: yes
configure:7273: checking whether std::tr1::hash<off_t> is defined
configure:7296: result: yes
configure:7307: checking whether we can use attributes with template functions
configure:7328: result: yes
configure:7336: checking for struct stat::st_mtim.
configure:7362: result: yes
configure:7376: g++ -c -O2 -fstack-protector-strong -fPIC -D_FORTIFY_SOURCE=2 -Wformat -Wformat-security -gpubnames  conftest.cpp >&5
configure:7376: $? = 0
configure:7401: checking for locale.h
configure:7401: result: yes
configure:7413: checking for setlocale
configure:7413: result: yes
configure:7423: checking for LC_MESSAGES
configure:7447: result: yes
configure:7457: checking whether to enable maintainer-specific portions of Makefiles
configure:7466: result: no
configure:7689: creating ./config.status

## ---------------------- ##
## Running config.status. ##
## ---------------------- ##

This file was extended by gold config.status 0.1, which was
generated by GNU Autoconf 2.64.  Invocation command line was

  CONFIG_FILES    = 
  CONFIG_HEADERS  = 
  CONFIG_LINKS    = 
  CONFIG_COMMANDS = 
  $ ./config.status 

on SneakyFox

config.status:1010: creating Makefile
config.status:1010: creating testsuite/Makefile
config.status:1010: creating po/Makefile.in
config.status:1010: creating config.h
config.status:1223: executing depfiles commands
config.status:1223: executing default-1 commands

## ---------------- ##
## Cache variables. ##
## ---------------- ##

ac_cv_build=x86_64-unknown-linux-gnu
ac_cv_c_bigendian=no
ac_cv_c_compiler_gnu=yes
ac_cv_cxx_compiler_gnu=yes
ac_cv_env_CCC_set=
ac_cv_env_CCC_value=
ac_cv_env_CC_set=set
ac_cv_env_CC_value=gcc
ac_cv_env_CFLAGS_set=set
ac_cv_env_CFLAGS_value='-O2 -fstack-protector-strong -fPIC -D_FORTIFY_SOURCE=2 -Wformat -Wformat-security'
ac_cv_env_CPPFLAGS_set=
ac_cv_env_CPPFLAGS_value=
ac_cv_env_CPP_set=
ac_cv_env_CPP_value=
ac_cv_env_CXXCPP_set=
ac_cv_env_CXXCPP_value=
ac_cv_env_CXXFLAGS_set=set
ac_cv_env_CXXFLAGS_value='-O2 -fstack-protector-strong -fPIC -D_FORTIFY_SOURCE=2 -Wformat -Wformat-security'
ac_cv_env_CXX_set=set
ac_cv_env_CXX_value=g++
ac_cv_env_LDFLAGS_set=set
ac_cv_env_LDFLAGS_value=' -Wl,-z,relro -Wl,-z,now -Wl,-z,noexecstack'
ac_cv_env_LIBS_set=
ac_cv_env_LIBS_value=
ac_cv_env_YACC_set=set
ac_cv_env_YACC_value='bison -y'
ac_cv_env_YFLAGS_set=
ac_cv_env_YFLAGS_value=
ac_cv_env_build_alias_set=set
ac_cv_env_build_alias_value=x86_64-unknown-linux-gnu
ac_cv_env_host_alias_set=set
ac_cv_env_host_alias_value=x86_64-unknown-linux-gnu
ac_cv_env_target_alias_set=set
ac_cv_env_target_alias_value=arm-none-eabi
ac_cv_func_chsize=no
ac_cv_func_fallocate=yes
ac_cv_func_ffsll=yes
ac_cv_func_ftruncate=yes
ac_cv_func_mallinfo=yes
ac_cv_func_mmap=yes
ac_cv_func_posix_fallocate=yes
ac_cv_func_pread=yes
ac_cv_func_readv=yes
ac_cv_func_setlocale=yes
ac_cv_func_sysconf=yes
ac_cv_func_times=yes
ac_cv_have_decl_asprintf=yes
ac_cv_have_decl_basename=yes
ac_cv_have_decl_ffs=yes
ac_cv_have_decl_memmem=yes
ac_cv_have_decl_snprintf=yes
ac_cv_have_decl_strndup=yes
ac_cv_have_decl_strverscmp=yes
ac_cv_have_decl_vasprintf=yes
ac_cv_have_decl_vsnprintf=yes
ac_cv_header_byteswap_h=yes
ac_cv_header_ext_hash_map=yes
ac_cv_header_ext_hash_set=yes
ac_cv_header_inttypes_h=yes
ac_cv_header_locale_h=yes
ac_cv_header_memory_h=yes
ac_cv_header_minix_config_h=no
ac_cv_header_stdc=yes
ac_cv_header_stdint_h=yes
ac_cv_header_stdlib_h=yes
ac_cv_header_string_h=yes
ac_cv_header_strings_h=yes
ac_cv_header_sys_mman_h=yes
ac_cv_header_sys_stat_h=yes
ac_cv_header_sys_types_h=yes
ac_cv_header_tr1_unordered_map=yes
ac_cv_header_tr1_unordered_set=yes
ac_cv_header_unistd_h=yes
ac_cv_header_zlib_h=yes
ac_cv_host=x86_64-unknown-linux-gnu
ac_cv_objext=o
ac_cv_path_EGREP='/usr/bin/grep -E'
ac_cv_path_GMSGFMT=/usr/bin/msgfmt
ac_cv_path_GREP=/usr/bin/grep
ac_cv_path_MSGFMT=/usr/bin/msgfmt
ac_cv_path_MSGMERGE=/usr/bin/msgmerge
ac_cv_path_XGETTEXT=/usr/bin/xgettext
ac_cv_path_mkdir=/usr/bin/mkdir
ac_cv_prog_AWK=gawk
ac_cv_prog_CC=gcc
ac_cv_prog_CPP='gcc -E'
ac_cv_prog_CXXCPP='g++ -E'
ac_cv_prog_NM=nm
ac_cv_prog_RANLIB=ranlib
ac_cv_prog_YACC='bison -y'
ac_cv_prog_cc_c89=
ac_cv_prog_cc_g=yes
ac_cv_prog_cxx_g=yes
ac_cv_prog_make_make_set=yes
ac_cv_safe_to_define___extensions__=yes
ac_cv_search_zlibVersion=-lz
ac_cv_target=arm-none-eabi
am_cv_CC_dependencies_compiler_type=gcc3
am_cv_CXX_dependencies_compiler_type=gcc3
am_cv_val_LC_MESSAGES=yes
gold_cv_c_random_seed=yes
gold_cv_c_thread=yes
gold_cv_c_threadprivate=yes
gold_cv_hash_off_t=yes
gold_cv_lib_glibc24=yes
gold_cv_lib_glibc29=yes
gold_cv_lib_glibc_ifunc=both
gold_cv_lib_mremap_maymove=yes
gold_cv_lib_static=yes
gold_cv_prog_gcc41=yes
gold_cv_stat_st_mtim=yes
gold_cv_template_attribute=yes
gold_cv_unordered_map_rehash=yes

## ----------------- ##
## Output variables. ##
## ----------------- ##

ACLOCAL='${SHELL} /home/freddie/JohnOfPatmos/toolchain/secure_build/binutils-2.23.1/missing --run aclocal-1.11'
AMDEPBACKSLASH='\'
AMDEP_FALSE='#'
AMDEP_TRUE=''
AMTAR='${SHELL} /home/freddie/JohnOfPatmos/toolchain/secure_build/binutils-2.23.1/missing --run tar'
AUTOCONF='${SHELL} /home/freddie/JohnOfPatmos/toolchain/secure_build/binutils-2.23.1/missing --run autoconf'
AUTOHEADER='${SHELL} /home/freddie/JohnOfPatmos/toolchain/secure_build/binutils-2.23.1/missing --run autoheader'
AUTOMAKE='${SHELL} /home/freddie/JohnOfPatmos/toolchain/secure_build/binutils-2.23.1/missing --run automake-1.11'
AWK='gawk'
CATALOGS=''
CATOBJEXT=''
CC='gcc'
CCDEPMODE='depmode=gcc3'
CFLAGS='-O2 -fstack-protector-strong -fPIC -D_FORTIFY_SOURCE=2 -Wformat -Wformat-security'
CPP='gcc -E'
CPPFLAGS=''
CXX='g++'
CXXCPP='g++ -E'
CXXDEPMODE='depmode=gcc3'
CXXFLAGS='-O2 -fstack-protector-strong -fPIC -D_FORTIFY_SOURCE=2 -Wformat -Wformat-security'
CYGPATH_W='echo'
DATADIRNAME=''
DEFAULT_TARGET_ARM_FALSE='#'
DEFAULT_TARGET_ARM_TRUE=''
DEFAULT_TARGET_I386_FALSE=''
DEFAULT_TARGET_I386_TRUE='#'
DEFAULT_TARGET_POWERPC_FALSE=''
DEFAULT_TARGET_POWERPC_TRUE='#'
DEFAULT_TARGET_SPARC_FALSE=''
DEFAULT_TARGET_SPARC_TRUE='#'
DEFAULT_TARGET_X86_64_FALSE=''
DEFAULT_TARGET_X86_64_TRUE='#'
DEFS='-DHAVE_CONFIG_H'
DEPDIR='.deps'
ECHO_C=''
ECHO_N='-n'
ECHO_T=''
EGREP='/usr/bin/grep -E'
EXEEXT=''
FN_PTRS_IN_SO_WITHOUT_PIC_FALSE='#'
FN_PTRS_IN_SO_WITHOUT_PIC_TRUE=''
GCC_FALSE='#'
GCC_TRUE=''
GENCAT=''
GMSGFMT='/usr/bin/msgfmt'
GOLD_LDADD=''
GOLD_LDFLAGS=''
GREP='/usr/bin/grep'
HAVE_PUBNAMES_FALSE='#'
HAVE_PUBNAMES_TRUE=''
HAVE_STATIC_FALSE='#'
HAVE_STATIC_TRUE=''
HAVE_ZLIB_FALSE='#'
HAVE_ZLIB_TRUE=''
IFUNC_FALSE='#'
IFUNC_STATIC_FALSE='#'
IFUNC_STATIC_TRUE=''
IFUNC_TRUE=''
INCINTL=''
INSTALL_DATA='/usr/bin/install -c -m 644'
INSTALL_PROGRAM='/usr/bin/install -c'
INSTALL_SCRIPT='/usr/bin/install -c'
INSTALL_STRIP_PROGRAM='$(install_sh) -c -s'
INSTOBJEXT=''
LDFLAGS=' -Wl,-z,relro -Wl,-z,now -Wl,-z,noexecstack'
LFS_CFLAGS='-D_LARGEFILE_SOURCE -D_FILE_OFFSET_BITS=64'
LIBINTL=''
LIBINTL_DEP=''
LIBOBJS=''
LIBS='-lz '
LN_S='ln -s'
LTLIBOBJS=''
MAINT='#'
MAINTAINER_MODE_FALSE=''
MAINTAINER_MODE_TRUE='#'
MAKEINFO='true --split-size=5000000'
MCMODEL_MEDIUM_FALSE=''
MCMODEL_MEDIUM_TRUE='#'
MKDIR_P='/usr/bin/mkdir -p'
MKINSTALLDIRS='/home/freddie/JohnOfPatmos/toolchain/secure_build/binutils-2.23.1/gold/../mkinstalldirs'
MSGFMT='/usr/bin/msgfmt'
MSGMERGE='/usr/bin/msgmerge'
NATIVE_LINKER_FALSE=''
NATIVE_LINKER_TRUE='#'
NATIVE_OR_CROSS_LINKER_FALSE='#'
NATIVE_OR_CROSS_LINKER_TRUE=''
NM='nm'
NO_WERROR=''
OBJEXT='o'
OMP_SUPPORT_FALSE='#'
OMP_SUPPORT_TRUE=''
PACKAGE='gold'
PACKAGE_BUGREPORT=''
PACKAGE_NAME='gold'
PACKAGE_STRING='gold 0.1'
PACKAGE_TARNAME='gold'
PACKAGE_URL=''
PACKAGE_VERSION='0.1'
PATH_SEPARATOR=':'
PLUGINS_FALSE=''
PLUGINS_TRUE='#'
POSUB=''
RANDOM_SEED_CFLAGS='-frandom-seed=$@'
RANLIB='ranlib'
SET_MAKE=''
SHELL='/bin/bash'
STATIC_TLS_FALSE='#'
STATIC_TLS_TRUE=''
STRIP=''
TARGETOBJS='$(ALL_TARGETOBJS)'
THREADS_FALSE=''
THREADS_TRUE='#'
TLS_DESCRIPTORS_FALSE='#'
TLS_DESCRIPTORS_TRUE=''
TLS_FALSE='#'
TLS_GNU2_DIALECT_FALSE='#'
TLS_GNU2_DIALECT_TRUE=''
TLS_TRUE=''
USE_NLS='no'
VERSION='0.1'
WARN_CFLAGS='-W -Wall -Wstrict-prototypes -Wmissing-prototypes -Wshadow'
WARN_CXXFLAGS='-W -Wall   '
XGETTEXT='/usr/bin/xgettext'
YACC='bison -y'
YFLAGS=''
ac_ct_CC=''
ac_ct_CXX=''
am__EXEEXT_FALSE=''
am__EXEEXT_TRUE='#'
am__fastdepCC_FALSE='#'
am__fastdepCC_TRUE=''
am__fastdepCXX_FALSE='#'
am__fastdepCXX_TRUE=''
am__include='include'
am__isrc=' -I$(srcdir)'
am__leading_dot='.'
am__quote=''
am__tar='${AMTAR} chof - "$$tardir"'
am__untar='${AMTAR} xf -'
bindir='${exec_prefix}/bin'
build='x86_64-unknown-linux-gnu'
build_alias='x86_64-unknown-linux-gnu'
build_cpu='x86_64'
build_os='linux-gnu'
build_vendor='unknown'
datadir='${datarootdir}'
datarootdir='${prefix}/share'
docdir='${datarootdir}/doc/${PACKAGE_TARNAME}'
dvidir='${docdir}'
exec_prefix='${prefix}'
host='x86_64-unknown-linux-gnu'
host_alias='x86_64-unknown-linux-gnu'
host_cpu='x86_64'
host_os='linux-gnu'
host_vendor='unknown'
htmldir='${docdir}'
includedir='${prefix}/include'
infodir='${datarootdir}/info'
install_as_default='yes'
install_sh='${SHELL} /home/freddie/JohnOfPatmos/toolchain/secure_build/binutils-2.23.1/install-sh'
installed_linker='ld.gold'
libdir='${exec_prefix}/lib'
libexecdir='${exec_prefix}/libexec'
localedir='${datarootdir}/locale'
localstatedir='${prefix}/var'
mandir='${datarootdir}/man'
mkdir_p='/usr/bin/mkdir -p'
oldincludedir='/usr/include'
pdfdir='${docdir}'
prefix='/home/freddie/JohnOfPatmos/toolchain/secure_build/toolchain'
program_transform_name='s&^&arm-none-eabi-&'
psdir='${docdir}'
sbindir='${exec_prefix}/sbin'
sharedstatedir='${prefix}/com'
sysconfdir='${prefix}/etc'
target='arm-none-eabi'
target_alias='arm-none-eabi'
target_cpu='arm'
target_os='eabi'
target_vendor='none'

## ----------- ##
## confdefs.h. ##
## ----------- ##

/* confdefs.h */
#define PACKAGE_NAME "gold"
#define PACKAGE_TARNAME "gold"
#define PACKAGE_VERSION "0.1"
#define PACKAGE_STRING "gold 0.1"
#define PACKAGE_BUGREPORT ""
#define PACKAGE_URL ""
#define PACKAGE "gold"
#define VERSION "0.1"
#define TARGET_SYSTEM_ROOT "/home/freddie/JohnOfPatmos/toolchain/secure_build/toolchain/arm-none-eabi"
#define TARGET_SYSTEM_ROOT_RELOCATABLE 0
#define HAVE_TARGET_32_LITTLE 1
#define HAVE_TARGET_32_BIG 1
#define HAVE_TARGET_64_LITTLE 1
#define HAVE_TARGET_64_BIG 1
#define GOLD_DEFAULT_MACHINE EM_ARM
#define GOLD_DEFAULT_SIZE 32
#define GOLD_DEFAULT_BIG_ENDIAN false
#define GOLD_DEFAULT_OSABI ELFOSABI_NONE
#define LIB_PATH "::DEFAULT::"
#define STDC_HEADERS 1
#define HAVE_SYS_TYPES_H 1
#define HAVE_SYS_STAT_H 1
#define HAVE_STDLIB_H 1
#define HAVE_STRING_H 1
#define HAVE_MEMORY_H 1
#define HAVE_STRINGS_H 1
#define HAVE_INTTYPES_H 1
#define HAVE_STDINT_H 1
#define HAVE_UNISTD_H 1
#define __EXTENSIONS__ 1
#define _ALL_SOURCE 1
#define _GNU_SOURCE 1
#define _POSIX_PTHREAD_SEMANTICS 1
#define _TANDEM_SOURCE 1
#define HAVE_OMP_SUPPORT 1
#define HAVE_SYS_MMAN_H 1
#define HAVE_MMAP 1
#define HAVE_PREAD 1
#define HAVE_FTRUNCATE 1
#define HAVE_FFSLL 1
#define HAVE_MREMAP 1
#define HAVE_ZLIB_H 1
#define HAVE_DECL_BASENAME 1
#define HAVE_DECL_FFS 1
#define HAVE_DECL_ASPRINTF 1
#define HAVE_DECL_VASPRINTF 1
#define HAVE_DECL_SNPRINTF 1
#define HAVE_DECL_VSNPRINTF 1
#define HAVE_DECL_STRVERSCMP 1
#define HAVE_TR1_UNORDERED_SET 1
#define HAVE_TR1_UNORDERED_MAP 1
#define HAVE_EXT_HASH_MAP 1
#define HAVE_EXT_HASH_SET 1
#define HAVE_BYTESWAP_H 1
#define HAVE_MALLINFO 1
#define HAVE_POSIX_FALLOCATE 1
#define HAVE_FALLOCATE 1
#define HAVE_READV 1
#define HAVE_SYSCONF 1
#define HAVE_TIMES 1
#define HAVE_DECL_BASENAME 1
#define HAVE_DECL_FFS 1
#define HAVE_DECL_ASPRINTF 1
#define HAVE_DECL_VASPRINTF 1
#define HAVE_DECL_SNPRINTF 1
#define HAVE_DECL_VSNPRINTF 1
#define HAVE_DECL_STRVERSCMP 1
#define HAVE_DECL_STRNDUP 1
#define HAVE_DECL_MEMMEM 1
#define HAVE_TR1_UNORDERED_MAP_REHASH 1
#define HAVE_TR1_HASH_OFF_T 1
#define HAVE_TEMPLATE_ATTRIBUTES 1
#define HAVE_STAT_ST_MTIM 1
#define HAVE_LOCALE_H 1
#define HAVE_SETLOCALE 1
#define HAVE_LC_MESSAGES 1

configure: exit 0
