This file contains any messages produced by compilers while
running configure, to aid debugging if configure makes a mistake.

It was created by configure, which was
generated by GNU Autoconf 2.64.  Invocation command line was

  $ /home/freddie/JohnOfPatmos/toolchain/secure_build/binutils-2.23.1/configure --target=arm-none-eabi --prefix=/home/freddie/JohnOfPatmos/toolchain/secure_build/toolchain --with-sysroot=/home/freddie/JohnOfPatmos/toolchain/secure_build/toolchain/arm-none-eabi --disable-nls --disable-werror --enable-gold --enable-deterministic-archives --enable-secureplt --with-gnu-as --with-gnu-ld CFLAGS=-O2 -fstack-protector -fPIC -D_FORTIFY_SOURCE=2 -Wformat -Wformat-security LDFLAGS=-Wl,-z,relro -Wl,-z,now

## --------- ##
## Platform. ##
## --------- ##

hostname = SneakyFox
uname -m = x86_64
uname -r = 6.5.0-45-generic
uname -s = Linux
uname -v = #45~22.04.1-Ubuntu SMP PREEMPT_DYNAMIC Mon Jul 15 16:40:02 UTC 2

/usr/bin/uname -p = x86_64
/bin/uname -X     = unknown

/bin/arch              = x86_64
/usr/bin/arch -k       = unknown
/usr/convex/getsysinfo = unknown
/usr/bin/hostinfo      = unknown
/bin/machine           = unknown
/usr/bin/oslevel       = unknown
/bin/universe          = unknown

PATH: /home/freddie/JohnOfPatmos/toolchain/secure_build/toolchain/bin
PATH: /opt/cross/bin
PATH: /home/freddie/.pyenv/shims
PATH: /home/freddie/.pyenv/bin
PATH: /home/freddie/.local/bin
PATH: /home/freddie/bin
PATH: /opt/cross/bin
PATH: /home/freddie/.nvm/versions/node/v20.19.4/bin
PATH: /home/freddie/.cargo/bin
PATH: /home/freddie/.pyenv/bin
PATH: /home/freddie/.local/bin
PATH: /home/freddie/bin
PATH: /usr/local/sbin
PATH: /usr/local/bin
PATH: /usr/sbin
PATH: /usr/bin
PATH: /sbin
PATH: /bin
PATH: /usr/games
PATH: /usr/local/games
PATH: /snap/bin
PATH: /home/freddie/.yarn/bin
PATH: /home/freddie/.vscode/extensions/ms-python.debugpy-2025.10.0-linux-x64/bundled/scripts/noConfigScripts
PATH: /home/freddie/.yarn/bin


## ----------- ##
## Core tests. ##
## ----------- ##

configure:2237: checking build system type
configure:2251: result: x86_64-unknown-linux-gnu
configure:2298: checking host system type
configure:2311: result: x86_64-unknown-linux-gnu
configure:2331: checking target system type
configure:2344: result: arm-none-eabi
configure:2398: checking for a BSD-compatible install
configure:2466: result: /usr/bin/install -c
configure:2477: checking whether ln works
configure:2499: result: yes
configure:2503: checking whether ln -s works
configure:2507: result: yes
configure:2514: checking for a sed that does not truncate output
configure:2578: result: /usr/bin/sed
configure:2587: checking for gawk
configure:2603: found /usr/bin/gawk
configure:2614: result: gawk
configure:3767: checking for gcc
configure:3783: found /usr/bin/gcc
configure:3794: result: gcc
configure:4023: checking for C compiler version
configure:4032: gcc --version >&5
gcc (Ubuntu 11.4.0-1ubuntu1~22.04) 11.4.0
Copyright (C) 2021 Free Software Foundation, Inc.
This is free software; see the source for copying conditions.  There is NO
warranty; not even for MERCHANTABILITY or FITNESS FOR A PARTICULAR PURPOSE.

configure:4043: $? = 0
configure:4032: gcc -v >&5
Using built-in specs.
COLLECT_GCC=gcc
COLLECT_LTO_WRAPPER=/usr/lib/gcc/x86_64-linux-gnu/11/lto-wrapper
OFFLOAD_TARGET_NAMES=nvptx-none:amdgcn-amdhsa
OFFLOAD_TARGET_DEFAULT=1
Target: x86_64-linux-gnu
Configured with: ../src/configure -v --with-pkgversion='Ubuntu 11.4.0-1ubuntu1~22.04' --with-bugurl=file:///usr/share/doc/gcc-11/README.Bugs --enable-languages=c,ada,c++,go,brig,d,fortran,objc,obj-c++,m2 --prefix=/usr --with-gcc-major-version-only --program-suffix=-11 --program-prefix=x86_64-linux-gnu- --enable-shared --enable-linker-build-id --libexecdir=/usr/lib --without-included-gettext --enable-threads=posix --libdir=/usr/lib --enable-nls --enable-bootstrap --enable-clocale=gnu --enable-libstdcxx-debug --enable-libstdcxx-time=yes --with-default-libstdcxx-abi=new --enable-gnu-unique-object --disable-vtable-verify --enable-plugin --enable-default-pie --with-system-zlib --enable-libphobos-checking=release --with-target-system-zlib=auto --enable-objc-gc=auto --enable-multiarch --disable-werror --enable-cet --with-arch-32=i686 --with-abi=m64 --with-multilib-list=m32,m64,mx32 --enable-multilib --with-tune=generic --enable-offload-targets=nvptx-none=/build/gcc-11-XeT9lY/gcc-11-11.4.0/debian/tmp-nvptx/usr,amdgcn-amdhsa=/build/gcc-11-XeT9lY/gcc-11-11.4.0/debian/tmp-gcn/usr --without-cuda-driver --enable-checking=release --build=x86_64-linux-gnu --host=x86_64-linux-gnu --target=x86_64-linux-gnu --with-build-config=bootstrap-lto-lean --enable-link-serialization=2
Thread model: posix
Supported LTO compression algorithms: zlib zstd
gcc version 11.4.0 (Ubuntu 11.4.0-1ubuntu1~22.04) 
... rest of stderr output deleted ...
configure:4043: $? = 0
configure:4032: gcc -V >&5
gcc: error: unrecognized command-line option '-V'
gcc: fatal error: no input files
compilation terminated.
configure:4043: $? = 1
configure:4032: gcc -qversion >&5
gcc: error: unrecognized command-line option '-qversion'; did you mean '--version'?
gcc: fatal error: no input files
compilation terminated.
configure:4043: $? = 1
configure:4063: checking for C compiler default output file name
configure:4085: gcc -O2 -fstack-protector -fPIC -D_FORTIFY_SOURCE=2 -Wformat -Wformat-security  -Wl,-z,relro -Wl,-z,now conftest.c  >&5
configure:4089: $? = 0
configure:4126: result: a.out
configure:4142: checking whether the C compiler works
configure:4151: ./a.out
configure:4155: $? = 0
configure:4170: result: yes
configure:4177: checking whether we are cross compiling
configure:4179: result: no
configure:4182: checking for suffix of executables
configure:4189: gcc -o conftest -O2 -fstack-protector -fPIC -D_FORTIFY_SOURCE=2 -Wformat -Wformat-security  -Wl,-z,relro -Wl,-z,now conftest.c  >&5
configure:4193: $? = 0
configure:4215: result: 
configure:4221: checking for suffix of object files
configure:4243: gcc -c -O2 -fstack-protector -fPIC -D_FORTIFY_SOURCE=2 -Wformat -Wformat-security  conftest.c >&5
configure:4247: $? = 0
configure:4268: result: o
configure:4272: checking whether we are using the GNU C compiler
configure:4291: gcc -c -O2 -fstack-protector -fPIC -D_FORTIFY_SOURCE=2 -Wformat -Wformat-security  conftest.c >&5
configure:4291: $? = 0
configure:4300: result: yes
configure:4309: checking whether gcc accepts -g
configure:4329: gcc -c -g  conftest.c >&5
configure:4329: $? = 0
configure:4370: result: yes
configure:4387: checking for gcc option to accept ISO C89
configure:4451: gcc  -c -O2 -fstack-protector -fPIC -D_FORTIFY_SOURCE=2 -Wformat -Wformat-security  conftest.c >&5
configure:4451: $? = 0
configure:4464: result: none needed
configure:4542: checking for g++
configure:4558: found /usr/bin/g++
configure:4569: result: g++
configure:4596: checking for C++ compiler version
configure:4605: g++ --version >&5
g++ (Ubuntu 11.4.0-1ubuntu1~22.04) 11.4.0
Copyright (C) 2021 Free Software Foundation, Inc.
This is free software; see the source for copying conditions.  There is NO
warranty; not even for MERCHANTABILITY or FITNESS FOR A PARTICULAR PURPOSE.

configure:4616: $? = 0
configure:4605: g++ -v >&5
Using built-in specs.
COLLECT_GCC=g++
COLLECT_LTO_WRAPPER=/usr/lib/gcc/x86_64-linux-gnu/11/lto-wrapper
OFFLOAD_TARGET_NAMES=nvptx-none:amdgcn-amdhsa
OFFLOAD_TARGET_DEFAULT=1
Target: x86_64-linux-gnu
Configured with: ../src/configure -v --with-pkgversion='Ubuntu 11.4.0-1ubuntu1~22.04' --with-bugurl=file:///usr/share/doc/gcc-11/README.Bugs --enable-languages=c,ada,c++,go,brig,d,fortran,objc,obj-c++,m2 --prefix=/usr --with-gcc-major-version-only --program-suffix=-11 --program-prefix=x86_64-linux-gnu- --enable-shared --enable-linker-build-id --libexecdir=/usr/lib --without-included-gettext --enable-threads=posix --libdir=/usr/lib --enable-nls --enable-bootstrap --enable-clocale=gnu --enable-libstdcxx-debug --enable-libstdcxx-time=yes --with-default-libstdcxx-abi=new --enable-gnu-unique-object --disable-vtable-verify --enable-plugin --enable-default-pie --with-system-zlib --enable-libphobos-checking=release --with-target-system-zlib=auto --enable-objc-gc=auto --enable-multiarch --disable-werror --enable-cet --with-arch-32=i686 --with-abi=m64 --with-multilib-list=m32,m64,mx32 --enable-multilib --with-tune=generic --enable-offload-targets=nvptx-none=/build/gcc-11-XeT9lY/gcc-11-11.4.0/debian/tmp-nvptx/usr,amdgcn-amdhsa=/build/gcc-11-XeT9lY/gcc-11-11.4.0/debian/tmp-gcn/usr --without-cuda-driver --enable-checking=release --build=x86_64-linux-gnu --host=x86_64-linux-gnu --target=x86_64-linux-gnu --with-build-config=bootstrap-lto-lean --enable-link-serialization=2
Thread model: posix
Supported LTO compression algorithms: zlib zstd
gcc version 11.4.0 (Ubuntu 11.4.0-1ubuntu1~22.04) 
... rest of stderr output deleted ...
configure:4616: $? = 0
configure:4605: g++ -V >&5
g++: error: unrecognized command-line option '-V'
g++: fatal error: no input files
compilation terminated.
configure:4616: $? = 1
configure:4605: g++ -qversion >&5
g++: error: unrecognized command-line option '-qversion'; did you mean '--version'?
g++: fatal error: no input files
compilation terminated.
configure:4616: $? = 1
configure:4620: checking whether we are using the GNU C++ compiler
configure:4639: g++ -c -O2 -fstack-protector -fPIC -D_FORTIFY_SOURCE=2 -Wformat -Wformat-security  conftest.cpp >&5
configure:4639: $? = 0
configure:4648: result: yes
configure:4657: checking whether g++ accepts -g
configure:4677: g++ -c -g  conftest.cpp >&5
configure:4677: $? = 0
configure:4718: result: yes
configure:4807: checking for gnatbind
configure:4837: result: no
configure:4899: checking for gnatmake
configure:4929: result: no
configure:4948: checking whether compiler driver understands Ada
configure:4971: result: no
configure:4980: checking how to compare bootstrapped objects
configure:5005: result: cmp --ignore-initial=16 $$f1 $$f2
configure:5077: checking for objdir
configure:5092: result: .libs
configure:5641: checking for PWL_handle_timeout in -lpwl
configure:5666: gcc -o conftest -O2 -fstack-protector -fPIC -D_FORTIFY_SOURCE=2 -Wformat -Wformat-security  -Wl,-z,relro -Wl,-z,now conftest.c -lpwl    -lstdc++ -lm >&5
/usr/bin/ld: cannot find -lpwl: No such file or directory
collect2: error: ld returned 1 exit status
configure:5666: $? = 1
configure: failed program was:
| /* confdefs.h */
| #define PACKAGE_NAME ""
| #define PACKAGE_TARNAME ""
| #define PACKAGE_VERSION ""
| #define PACKAGE_STRING ""
| #define PACKAGE_BUGREPORT ""
| #define PACKAGE_URL ""
| #define LT_OBJDIR ".libs/"
| /* end confdefs.h.  */
| 
| /* Override any GCC internal prototype to avoid an error.
|    Use char because int might match the return type of a GCC
|    builtin and then its argument prototype would still apply.  */
| #ifdef __cplusplus
| extern "C"
| #endif
| char PWL_handle_timeout ();
| int
| main ()
| {
| return PWL_handle_timeout ();
|   ;
|   return 0;
| }
configure:5675: result: no
configure:5689: checking for version 0.11 (revision 0 or later) of PPL
configure:5706: gcc -c -O2 -fstack-protector -fPIC -D_FORTIFY_SOURCE=2 -Wformat -Wformat-security    conftest.c >&5
conftest.c:10:10: fatal error: ppl_c.h: No such file or directory
   10 | #include "ppl_c.h"
      |          ^~~~~~~~~
compilation terminated.
configure:5706: $? = 1
configure: failed program was:
| /* confdefs.h */
| #define PACKAGE_NAME ""
| #define PACKAGE_TARNAME ""
| #define PACKAGE_VERSION ""
| #define PACKAGE_STRING ""
| #define PACKAGE_BUGREPORT ""
| #define PACKAGE_URL ""
| #define LT_OBJDIR ".libs/"
| /* end confdefs.h.  */
| #include "ppl_c.h"
| int
| main ()
| {
| 
|     #if PPL_VERSION_MAJOR != 0 || PPL_VERSION_MINOR < 11
|     choke me
|     #endif
| 
|   ;
|   return 0;
| }
configure:5710: result: no
configure:7008: checking for default BUILD_CONFIG
configure:7040: result: 
configure:7529: checking for bison
configure:7545: found /usr/bin/bison
configure:7556: result: bison -y
configure:7576: checking for bison
configure:7592: found /usr/bin/bison
configure:7603: result: bison
configure:7623: checking for gm4
configure:7653: result: no
configure:7623: checking for gnum4
configure:7653: result: no
configure:7623: checking for m4
configure:7639: found /usr/bin/m4
configure:7650: result: m4
configure:7670: checking for flex
configure:7686: found /usr/bin/flex
configure:7697: result: flex
configure:7718: checking for flex
configure:7734: found /usr/bin/flex
configure:7745: result: flex
configure:7765: checking for makeinfo
configure:7781: found /usr/bin/makeinfo
configure:7792: result: makeinfo
configure:7826: checking for expect
configure:7856: result: no
configure:7875: checking for runtest
configure:7905: result: no
configure:8020: checking for ar
configure:8036: found /usr/bin/ar
configure:8047: result: ar
configure:8161: checking for as
configure:8177: found /usr/local/bin/as
configure:8188: result: as
configure:8302: checking for dlltool
configure:8332: result: no
configure:8443: checking for ld
configure:8459: found /usr/bin/ld
configure:8470: result: ld
configure:8584: checking for lipo
configure:8614: result: no
configure:8725: checking for nm
configure:8741: found /usr/bin/nm
configure:8752: result: nm
configure:8866: checking for ranlib
configure:8882: found /usr/bin/ranlib
configure:8893: result: ranlib
configure:9002: checking for strip
configure:9018: found /usr/bin/strip
configure:9029: result: strip
configure:9138: checking for windres
configure:9168: result: no
configure:9279: checking for windmc
configure:9309: result: no
configure:9420: checking for objcopy
configure:9436: found /usr/bin/objcopy
configure:9447: result: objcopy
configure:9561: checking for objdump
configure:9577: found /usr/bin/objdump
configure:9588: result: objdump
configure:9702: checking for readelf
configure:9718: found /usr/bin/readelf
configure:9729: result: readelf
configure:9843: checking for arm-none-eabi-cc
configure:9873: result: no
configure:9843: checking for arm-none-eabi-gcc
configure:9859: found /usr/bin/arm-none-eabi-gcc
configure:9870: result: arm-none-eabi-gcc
configure:10004: checking for arm-none-eabi-c++
configure:10020: found /usr/bin/arm-none-eabi-c++
configure:10031: result: arm-none-eabi-c++
configure:10165: checking for arm-none-eabi-gcc
configure:10181: found /usr/bin/arm-none-eabi-gcc
configure:10192: result: arm-none-eabi-gcc
configure:10321: checking for arm-none-eabi-gcj
configure:10351: result: no
configure:10482: checking for arm-none-eabi-gfortran
configure:10512: result: no
configure:10643: checking for arm-none-eabi-gccgo
configure:10673: result: no
configure:10884: checking for arm-none-eabi-ar
configure:10900: found /usr/bin/arm-none-eabi-ar
configure:10911: result: arm-none-eabi-ar
configure:11114: checking for arm-none-eabi-as
configure:11130: found /usr/bin/arm-none-eabi-as
configure:11141: result: arm-none-eabi-as
configure:11344: checking for arm-none-eabi-dlltool
configure:11374: result: no
configure:11574: checking for arm-none-eabi-ld
configure:11590: found /usr/bin/arm-none-eabi-ld
configure:11601: result: arm-none-eabi-ld
configure:11804: checking for arm-none-eabi-lipo
configure:11834: result: no
configure:12034: checking for arm-none-eabi-nm
configure:12050: found /usr/bin/arm-none-eabi-nm
configure:12061: result: arm-none-eabi-nm
configure:12264: checking for arm-none-eabi-objdump
configure:12280: found /usr/bin/arm-none-eabi-objdump
configure:12291: result: arm-none-eabi-objdump
configure:12494: checking for arm-none-eabi-ranlib
configure:12510: found /usr/bin/arm-none-eabi-ranlib
configure:12521: result: arm-none-eabi-ranlib
configure:12724: checking for arm-none-eabi-readelf
configure:12740: found /usr/bin/arm-none-eabi-readelf
configure:12751: result: arm-none-eabi-readelf
configure:12954: checking for arm-none-eabi-strip
configure:12970: found /usr/bin/arm-none-eabi-strip
configure:12981: result: arm-none-eabi-strip
configure:13184: checking for arm-none-eabi-windres
configure:13214: result: no
configure:13414: checking for arm-none-eabi-windmc
configure:13444: result: no
configure:13511: checking where to find the target ar
configure:13534: result: just compiled
configure:13553: checking where to find the target as
configure:13576: result: just compiled
configure:13595: checking where to find the target cc
configure:13632: result: pre-installed
configure:13637: checking where to find the target c++
configure:13677: result: pre-installed
configure:13682: checking where to find the target c++ for libstdc++
configure:13722: result: pre-installed
configure:13727: checking where to find the target dlltool
configure:13750: result: just compiled
configure:13769: checking where to find the target gcc
configure:13806: result: pre-installed
configure:13811: checking where to find the target gcj
configure:13851: result: pre-installed
configure:13856: checking where to find the target gfortran
configure:13896: result: pre-installed
configure:13901: checking where to find the target gccgo
configure:13941: result: pre-installed
configure:13946: checking where to find the target ld
configure:13969: result: just compiled
configure:13988: checking where to find the target lipo
configure:14014: result: pre-installed
configure:14019: checking where to find the target nm
configure:14042: result: just compiled
configure:14061: checking where to find the target objdump
configure:14084: result: just compiled
configure:14103: checking where to find the target ranlib
configure:14126: result: just compiled
configure:14145: checking where to find the target readelf
configure:14168: result: just compiled
configure:14187: checking where to find the target strip
configure:14210: result: just compiled
configure:14229: checking where to find the target windres
configure:14252: result: just compiled
configure:14271: checking where to find the target windmc
configure:14294: result: just compiled
configure:14341: checking whether to enable maintainer-specific portions of Makefiles
configure:14350: result: no
configure:14383: checking whether -fkeep-inline-functions is supported
configure:14402: gcc -c -O2 -fstack-protector -fPIC -D_FORTIFY_SOURCE=2 -Wformat -Wformat-security -fkeep-inline-functions  conftest.c >&5
configure:14402: $? = 0
configure:14403: result: yes
configure:14601: creating ./config.status

## ---------------------- ##
## Running config.status. ##
## ---------------------- ##

This file was extended by config.status, which was
generated by GNU Autoconf 2.64.  Invocation command line was

  CONFIG_FILES    = 
  CONFIG_HEADERS  = 
  CONFIG_LINKS    = 
  CONFIG_COMMANDS = 
  $ ./config.status 

on SneakyFox

config.status:949: creating Makefile

## ---------------- ##
## Cache variables. ##
## ---------------- ##

ac_cv_build=x86_64-unknown-linux-gnu
ac_cv_c_compiler_gnu=yes
ac_cv_cxx_compiler_gnu=yes
ac_cv_env_AR_FOR_TARGET_set=
ac_cv_env_AR_FOR_TARGET_value=
ac_cv_env_AR_set=
ac_cv_env_AR_value=
ac_cv_env_AS_FOR_TARGET_set=
ac_cv_env_AS_FOR_TARGET_value=
ac_cv_env_AS_set=
ac_cv_env_AS_value=
ac_cv_env_CCC_set=
ac_cv_env_CCC_value=
ac_cv_env_CC_FOR_TARGET_set=
ac_cv_env_CC_FOR_TARGET_value=
ac_cv_env_CC_set=
ac_cv_env_CC_value=
ac_cv_env_CFLAGS_set=set
ac_cv_env_CFLAGS_value='-O2 -fstack-protector -fPIC -D_FORTIFY_SOURCE=2 -Wformat -Wformat-security'
ac_cv_env_CPPFLAGS_set=
ac_cv_env_CPPFLAGS_value=
ac_cv_env_CXXFLAGS_set=set
ac_cv_env_CXXFLAGS_value='-O2 -fstack-protector -fPIC -D_FORTIFY_SOURCE=2 -Wformat -Wformat-security'
ac_cv_env_CXX_FOR_TARGET_set=
ac_cv_env_CXX_FOR_TARGET_value=
ac_cv_env_CXX_set=
ac_cv_env_CXX_value=
ac_cv_env_DLLTOOL_FOR_TARGET_set=
ac_cv_env_DLLTOOL_FOR_TARGET_value=
ac_cv_env_DLLTOOL_set=
ac_cv_env_DLLTOOL_value=
ac_cv_env_GCC_FOR_TARGET_set=
ac_cv_env_GCC_FOR_TARGET_value=
ac_cv_env_GCJ_FOR_TARGET_set=
ac_cv_env_GCJ_FOR_TARGET_value=
ac_cv_env_GFORTRAN_FOR_TARGET_set=
ac_cv_env_GFORTRAN_FOR_TARGET_value=
ac_cv_env_GOC_FOR_TARGET_set=
ac_cv_env_GOC_FOR_TARGET_value=
ac_cv_env_LDFLAGS_set=set
ac_cv_env_LDFLAGS_value='-Wl,-z,relro -Wl,-z,now'
ac_cv_env_LD_FOR_TARGET_set=
ac_cv_env_LD_FOR_TARGET_value=
ac_cv_env_LD_set=
ac_cv_env_LD_value=
ac_cv_env_LIBS_set=
ac_cv_env_LIBS_value=
ac_cv_env_LIPO_FOR_TARGET_set=
ac_cv_env_LIPO_FOR_TARGET_value=
ac_cv_env_LIPO_set=
ac_cv_env_LIPO_value=
ac_cv_env_NM_FOR_TARGET_set=
ac_cv_env_NM_FOR_TARGET_value=
ac_cv_env_NM_set=
ac_cv_env_NM_value=
ac_cv_env_OBJCOPY_set=
ac_cv_env_OBJCOPY_value=
ac_cv_env_OBJDUMP_FOR_TARGET_set=
ac_cv_env_OBJDUMP_FOR_TARGET_value=
ac_cv_env_OBJDUMP_set=
ac_cv_env_OBJDUMP_value=
ac_cv_env_RANLIB_FOR_TARGET_set=
ac_cv_env_RANLIB_FOR_TARGET_value=
ac_cv_env_RANLIB_set=
ac_cv_env_RANLIB_value=
ac_cv_env_READELF_FOR_TARGET_set=
ac_cv_env_READELF_FOR_TARGET_value=
ac_cv_env_READELF_set=
ac_cv_env_READELF_value=
ac_cv_env_STRIP_FOR_TARGET_set=
ac_cv_env_STRIP_FOR_TARGET_value=
ac_cv_env_STRIP_set=
ac_cv_env_STRIP_value=
ac_cv_env_WINDMC_FOR_TARGET_set=
ac_cv_env_WINDMC_FOR_TARGET_value=
ac_cv_env_WINDMC_set=
ac_cv_env_WINDMC_value=
ac_cv_env_WINDRES_FOR_TARGET_set=
ac_cv_env_WINDRES_FOR_TARGET_value=
ac_cv_env_WINDRES_set=
ac_cv_env_WINDRES_value=
ac_cv_env_build_alias_set=
ac_cv_env_build_alias_value=
ac_cv_env_build_configargs_set=
ac_cv_env_build_configargs_value=
ac_cv_env_host_alias_set=
ac_cv_env_host_alias_value=
ac_cv_env_host_configargs_set=
ac_cv_env_host_configargs_value=
ac_cv_env_target_alias_set=set
ac_cv_env_target_alias_value=arm-none-eabi
ac_cv_env_target_configargs_set=
ac_cv_env_target_configargs_value=
ac_cv_host=x86_64-unknown-linux-gnu
ac_cv_lib_pwl_PWL_handle_timeout=no
ac_cv_objext=o
ac_cv_path_SED=/usr/bin/sed
ac_cv_path_install='/usr/bin/install -c'
ac_cv_prog_AR=ar
ac_cv_prog_AR_FOR_TARGET=arm-none-eabi-ar
ac_cv_prog_AS=as
ac_cv_prog_AS_FOR_TARGET=arm-none-eabi-as
ac_cv_prog_AWK=gawk
ac_cv_prog_BISON=bison
ac_cv_prog_CC_FOR_TARGET=arm-none-eabi-gcc
ac_cv_prog_CXX_FOR_TARGET=arm-none-eabi-c++
ac_cv_prog_FLEX=flex
ac_cv_prog_GCC_FOR_TARGET=arm-none-eabi-gcc
ac_cv_prog_LD=ld
ac_cv_prog_LD_FOR_TARGET=arm-none-eabi-ld
ac_cv_prog_LEX=flex
ac_cv_prog_M4=m4
ac_cv_prog_MAKEINFO=makeinfo
ac_cv_prog_NM=nm
ac_cv_prog_NM_FOR_TARGET=arm-none-eabi-nm
ac_cv_prog_OBJCOPY=objcopy
ac_cv_prog_OBJDUMP=objdump
ac_cv_prog_OBJDUMP_FOR_TARGET=arm-none-eabi-objdump
ac_cv_prog_RANLIB=ranlib
ac_cv_prog_RANLIB_FOR_TARGET=arm-none-eabi-ranlib
ac_cv_prog_READELF=readelf
ac_cv_prog_READELF_FOR_TARGET=arm-none-eabi-readelf
ac_cv_prog_STRIP=strip
ac_cv_prog_STRIP_FOR_TARGET=arm-none-eabi-strip
ac_cv_prog_YACC='bison -y'
ac_cv_prog_ac_ct_CC=gcc
ac_cv_prog_ac_ct_CXX=g++
ac_cv_prog_cc_c89=
ac_cv_prog_cc_g=yes
ac_cv_prog_cxx_g=yes
ac_cv_target=arm-none-eabi
acx_cv_cc_gcc_supports_ada=no
acx_cv_prog_LN=ln
gcc_cv_prog_cmp_skip='cmp --ignore-initial=16 $$f1 $$f2'
gcc_cv_tool_dirs=
gcc_cv_tool_prefix=/home/freddie/JohnOfPatmos/toolchain/secure_build/toolchain
lt_cv_objdir=.libs

## ----------------- ##
## Output variables. ##
## ----------------- ##

AR='ar'
AR_FOR_BUILD='$(AR)'
AR_FOR_TARGET='$$r/$(HOST_SUBDIR)/binutils/ar'
AS='as'
AS_FOR_BUILD='$(AS)'
AS_FOR_TARGET='$$r/$(HOST_SUBDIR)/gas/as-new'
AWK='gawk'
BISON='bison'
BUILD_CONFIG=''
CC='gcc'
CC_FOR_BUILD='$(CC)'
CC_FOR_TARGET='arm-none-eabi-gcc'
CFLAGS='-O2 -fstack-protector -fPIC -D_FORTIFY_SOURCE=2 -Wformat -Wformat-security'
CFLAGS_FOR_BUILD='-O2 -fstack-protector -fPIC -D_FORTIFY_SOURCE=2 -Wformat -Wformat-security'
CFLAGS_FOR_TARGET='-g -O2 -fstack-protector -fPIC -D_FORTIFY_SOURCE=2 -Wformat -Wformat-security'
COMPILER_AS_FOR_TARGET='$(AS_FOR_TARGET)'
COMPILER_LD_FOR_TARGET='$(LD_FOR_TARGET)'
COMPILER_NM_FOR_TARGET='$(NM_FOR_TARGET)'
CONFIGURE_GDB_TK=''
CPPFLAGS=''
CXX='g++'
CXXFLAGS='-O2 -fstack-protector -fPIC -D_FORTIFY_SOURCE=2 -Wformat -Wformat-security'
CXXFLAGS_FOR_BUILD='-O2 -fstack-protector -fPIC -D_FORTIFY_SOURCE=2 -Wformat -Wformat-security'
CXXFLAGS_FOR_TARGET='-g -O2 -fstack-protector -fPIC -D_FORTIFY_SOURCE=2 -Wformat -Wformat-security'
CXX_FOR_BUILD='$(CXX)'
CXX_FOR_TARGET='arm-none-eabi-c++'
DEBUG_PREFIX_CFLAGS_FOR_TARGET=''
DEFS='-DPACKAGE_NAME=\"\" -DPACKAGE_TARNAME=\"\" -DPACKAGE_VERSION=\"\" -DPACKAGE_STRING=\"\" -DPACKAGE_BUGREPORT=\"\" -DPACKAGE_URL=\"\" -DLT_OBJDIR=\".libs/\"'
DLLTOOL='dlltool'
DLLTOOL_FOR_BUILD='$(DLLTOOL)'
DLLTOOL_FOR_TARGET='$$r/$(HOST_SUBDIR)/binutils/dlltool'
ECHO_C=''
ECHO_N='-n'
ECHO_T=''
EXEEXT=''
EXPECT='expect'
EXTRA_CONFIGARGS_LIBJAVA='--disable-static'
FLAGS_FOR_TARGET=' -L$$r/$(HOST_SUBDIR)/ld'
FLEX='flex'
GCC_FOR_TARGET='arm-none-eabi-gcc'
GCC_SHLIB_SUBDIR=''
GCJ_FOR_BUILD='$(GCJ)'
GCJ_FOR_TARGET='arm-none-eabi-gcj'
GDB_TK=''
GFORTRAN_FOR_BUILD='$(GFORTRAN)'
GFORTRAN_FOR_TARGET='arm-none-eabi-gfortran'
GNATBIND='no'
GNATMAKE='no'
GOC_FOR_BUILD='$(GOC)'
GOC_FOR_TARGET='arm-none-eabi-gccgo'
INSTALL_DATA='${INSTALL} -m 644'
INSTALL_GDB_TK=''
INSTALL_PROGRAM='${INSTALL}'
INSTALL_SCRIPT='${INSTALL}'
LD='ld'
LDFLAGS='-Wl,-z,relro -Wl,-z,now'
LDFLAGS_FOR_BUILD='-Wl,-z,relro -Wl,-z,now'
LDFLAGS_FOR_TARGET=''
LD_FOR_BUILD='$(LD)'
LD_FOR_TARGET='$$r/$(HOST_SUBDIR)/ld/ld-new'
LEX='flex'
LIBOBJS=''
LIBS=''
LIPO='lipo'
LIPO_FOR_TARGET='arm-none-eabi-lipo'
LN='ln'
LN_S='ln -s'
LTLIBOBJS=''
M4='m4'
MAINT='#'
MAINTAINER_MODE_FALSE=''
MAINTAINER_MODE_TRUE='#'
MAKEINFO='makeinfo'
NM='nm'
NM_FOR_BUILD='$(NM)'
NM_FOR_TARGET='$$r/$(HOST_SUBDIR)/binutils/nm-new'
OBJCOPY='objcopy'
OBJDUMP='objdump'
OBJDUMP_FOR_TARGET='$$r/$(HOST_SUBDIR)/binutils/objdump'
OBJEXT='o'
PACKAGE_BUGREPORT=''
PACKAGE_NAME=''
PACKAGE_STRING=''
PACKAGE_TARNAME=''
PACKAGE_URL=''
PACKAGE_VERSION=''
PATH_SEPARATOR=':'
POSTSTAGE1_CONFIGURE_FLAGS='--enable-build-with-cxx'
RANLIB='ranlib'
RANLIB_FOR_BUILD='$(RANLIB)'
RANLIB_FOR_TARGET='$$r/$(HOST_SUBDIR)/binutils/ranlib'
RAW_CXX_FOR_TARGET='arm-none-eabi-c++'
READELF='readelf'
READELF_FOR_TARGET='$$r/$(HOST_SUBDIR)/binutils/readelf'
RPATH_ENVVAR='LD_LIBRARY_PATH'
RUNTEST='runtest'
SED='/usr/bin/sed'
SHELL='/bin/bash'
STRIP='strip'
STRIP_FOR_TARGET='$$r/$(HOST_SUBDIR)/binutils/strip-new'
SYSROOT_CFLAGS_FOR_TARGET=''
TOPLEVEL_CONFIGURE_ARGUMENTS='/home/freddie/JohnOfPatmos/toolchain/secure_build/binutils-2.23.1/configure --target=arm-none-eabi --prefix=/home/freddie/JohnOfPatmos/toolchain/secure_build/toolchain --with-sysroot=/home/freddie/JohnOfPatmos/toolchain/secure_build/toolchain/arm-none-eabi --disable-nls --disable-werror --enable-gold --enable-deterministic-archives --enable-secureplt --with-gnu-as --with-gnu-ld CFLAGS='\''-O2 -fstack-protector -fPIC -D_FORTIFY_SOURCE=2 -Wformat -Wformat-security'\'' LDFLAGS='\''-Wl,-z,relro -Wl,-z,now'\'''
WINDMC='windmc'
WINDMC_FOR_BUILD='$(WINDMC)'
WINDMC_FOR_TARGET='$$r/$(HOST_SUBDIR)/binutils/windmc'
WINDRES='windres'
WINDRES_FOR_BUILD='$(WINDRES)'
WINDRES_FOR_TARGET='$$r/$(HOST_SUBDIR)/binutils/windres'
YACC='bison -y'
ac_ct_CC='gcc'
ac_ct_CXX='g++'
bindir='${exec_prefix}/bin'
build='x86_64-unknown-linux-gnu'
build_alias=''
build_configargs=' --cache-file=../config.cache '\''--prefix=/home/freddie/JohnOfPatmos/toolchain/secure_build/toolchain'\'' '\''--with-sysroot=/home/freddie/JohnOfPatmos/toolchain/secure_build/toolchain/arm-none-eabi'\'' '\''--disable-nls'\'' '\''--disable-werror'\'' '\''--enable-gold'\'' '\''--enable-deterministic-archives'\'' '\''--enable-secureplt'\'' '\''--with-gnu-as'\'' '\''--with-gnu-ld'\'' --program-transform-name='\''s&^&arm-none-eabi-&'\'' --disable-option-checking'
build_configdirs=' libiberty'
build_cpu='x86_64'
build_libsubdir='build-x86_64-unknown-linux-gnu'
build_noncanonical='x86_64-unknown-linux-gnu'
build_os='linux-gnu'
build_subdir='build-x86_64-unknown-linux-gnu'
build_tooldir='${exec_prefix}/arm-none-eabi'
build_vendor='unknown'
clooginc=''
clooglibs=''
compare_exclusions='gcc/cc*-checksum$(objext) | gcc/ada/*tools/*'
configdirs=' intl libiberty opcodes bfd binutils gas ld gprof etc gold'
datadir='${datarootdir}'
datarootdir='${prefix}/share'
do_compare='cmp --ignore-initial=16 $$f1 $$f2'
docdir='${datarootdir}/doc/${PACKAGE}'
dvidir='${docdir}'
exec_prefix='${prefix}'
extra_host_libiberty_configure_flags=''
extra_mpc_gmp_configure_flags=''
extra_mpc_mpfr_configure_flags=''
extra_mpfr_configure_flags=''
gmpinc=''
gmplibs='-lmpc -lmpfr -lgmp'
host='x86_64-unknown-linux-gnu'
host_alias=''
host_configargs=' --cache-file=./config.cache  --with-gnu-as --with-gnu-ld --with-system-zlib '\''--prefix=/home/freddie/JohnOfPatmos/toolchain/secure_build/toolchain'\'' '\''--with-sysroot=/home/freddie/JohnOfPatmos/toolchain/secure_build/toolchain/arm-none-eabi'\'' '\''--disable-nls'\'' '\''--disable-werror'\'' '\''--enable-gold'\'' '\''--enable-deterministic-archives'\'' '\''--enable-secureplt'\'' '\''--with-gnu-as'\'' '\''--with-gnu-ld'\'' --program-transform-name='\''s&^&arm-none-eabi-&'\'' --disable-option-checking'
host_cpu='x86_64'
host_noncanonical='x86_64-unknown-linux-gnu'
host_os='linux-gnu'
host_subdir='.'
host_vendor='unknown'
htmldir='${docdir}'
includedir='${prefix}/include'
infodir='${datarootdir}/info'
libdir='${exec_prefix}/lib'
libexecdir='${exec_prefix}/libexec'
localedir='${datarootdir}/locale'
localstatedir='${prefix}/var'
mandir='${datarootdir}/man'
oldincludedir='/usr/include'
pdfdir='${docdir}'
poststage1_ldflags='-static-libstdc++ -static-libgcc'
poststage1_libs=''
pplinc=''
ppllibs=''
prefix='/home/freddie/JohnOfPatmos/toolchain/secure_build/toolchain'
program_transform_name='s&^&arm-none-eabi-&'
psdir='${docdir}'
sbindir='${exec_prefix}/sbin'
sharedstatedir='${prefix}/com'
stage1_cflags='-g -fkeep-inline-functions'
stage1_checking='--enable-checking=yes,types'
stage1_languages=',c,'
stage1_ldflags=''
stage1_libs=''
stage2_werror_flag=''
sysconfdir='${prefix}/etc'
target='arm-none-eabi'
target_alias='arm-none-eabi'
target_configargs='--cache-file=./config.cache --enable-multilib --with-cross-host=x86_64-unknown-linux-gnu   '\''--prefix=/home/freddie/JohnOfPatmos/toolchain/secure_build/toolchain'\'' '\''--with-sysroot=/home/freddie/JohnOfPatmos/toolchain/secure_build/toolchain/arm-none-eabi'\'' '\''--disable-nls'\'' '\''--disable-werror'\'' '\''--enable-gold'\'' '\''--enable-deterministic-archives'\'' '\''--enable-secureplt'\'' '\''--with-gnu-as'\'' '\''--with-gnu-ld'\'' --program-transform-name='\''s&^&arm-none-eabi-&'\'' --disable-option-checking'
target_configdirs=''
target_cpu='arm'
target_noncanonical='arm-none-eabi'
target_os='eabi'
target_subdir='arm-none-eabi'
target_vendor='none'
tooldir='${exec_prefix}/arm-none-eabi'

## ------------------- ##
## File substitutions. ##
## ------------------- ##

alphaieee_frag='/dev/null'
host_makefile_frag='/dev/null'
ospace_frag='/dev/null'
serialization_dependencies='serdep.tmp'
target_makefile_frag='/dev/null'

## ----------- ##
## confdefs.h. ##
## ----------- ##

/* confdefs.h */
#define PACKAGE_NAME ""
#define PACKAGE_TARNAME ""
#define PACKAGE_VERSION ""
#define PACKAGE_STRING ""
#define PACKAGE_BUGREPORT ""
#define PACKAGE_URL ""
#define LT_OBJDIR ".libs/"

configure: exit 0
