# DIFF LEGEND:
# < lines from kernel1.in_asm.log (original kernel)
# > lines from patchedKernel.in_asm.log (patched kernel)
# ---
7336,7348d7335
< IN: subtractMod2_32b
< 0x0000d32c:  e3e02000      mvn	r2, #0	; 0x0
< 0x0000d330:  e51b3008      ldr	r3, [fp, #-8]
< 0x0000d334:  e0822003      add	r2, r2, r3
< 0x0000d338:  e51b300c      ldr	r3, [fp, #-12]
< 0x0000d33c:  e0423003      sub	r3, r2, r3
< 0x0000d340:  e2833001      add	r3, r3, #1	; 0x1
< 0x0000d344:  e1a00003      mov	r0, r3
< 0x0000d348:  e28bd000      add	sp, fp, #0	; 0x0
< 0x0000d34c:  e49db004      pop	{fp}		; (ldr fp, [sp], #4)
< 0x0000d350:  e12fff1e      bx	lr
< 
< ----------------
7390a7378,7390
> IN: subtractMod2_32b
> 0x0000d32c:  e3e02000      mvn	r2, #0	; 0x0
> 0x0000d330:  e51b3008      ldr	r3, [fp, #-8]
> 0x0000d334:  e0822003      add	r2, r2, r3
> 0x0000d338:  e51b300c      ldr	r3, [fp, #-12]
> 0x0000d33c:  e0423003      sub	r3, r2, r3
> 0x0000d340:  e2833001      add	r3, r3, #1	; 0x1
> 0x0000d344:  e1a00003      mov	r0, r3
> 0x0000d348:  e28bd000      add	sp, fp, #0	; 0x0
> 0x0000d34c:  e49db004      pop	{fp}		; (ldr fp, [sp], #4)
> 0x0000d350:  e12fff1e      bx	lr
> 
> ----------------
9089a9090,9102
> 0x0001011c:  e51b300c      ldr	r3, [fp, #-12]
> 0x00010120:  e5932000      ldr	r2, [r3]
> 0x00010124:  e51b300c      ldr	r3, [fp, #-12]
> 0x00010128:  e5933008      ldr	r3, [r3, #8]
> 0x0001012c:  e5933000      ldr	r3, [r3]
> 0x00010130:  e0822003      add	r2, r2, r3
> 0x00010134:  e51b300c      ldr	r3, [fp, #-12]
> 0x00010138:  e5832000      str	r2, [r3]
> 0x0001013c:  e51b300c      ldr	r3, [fp, #-12]
> 0x00010140:  e5933008      ldr	r3, [r3, #8]
> 0x00010144:  e5932008      ldr	r2, [r3, #8]
> 0x00010148:  e51b300c      ldr	r3, [fp, #-12]
> 0x0001014c:  e5832008      str	r2, [r3, #8]
9127,9136d9139
< 0x00010174:  e51b3008      ldr	r3, [fp, #-8]
< 0x00010178:  e5933000      ldr	r3, [r3]
< 0x0001017c:  e51b2008      ldr	r2, [fp, #-8]
< 0x00010180:  e0823003      add	r3, r2, r3
< 0x00010184:  e51b200c      ldr	r2, [fp, #-12]
< 0x00010188:  e1520003      cmp	r2, r3
< 0x0001018c:  1a00000b      bne	0x101c0
< 
< ----------------
< IN: free
9158a9162,9179
> IN: free
> 0x00010150:  e30d300c      movw	r3, #53260	; 0xd00c
> 0x00010154:  e3403004      movt	r3, #4	; 0x4
> 0x00010158:  e5933000      ldr	r3, [r3]
> 0x0001015c:  e50b3008      str	r3, [fp, #-8]
> 0x00010160:  ea000019      b	0x101cc
> 
> ----------------
> IN: free
> 0x00010174:  e51b3008      ldr	r3, [fp, #-8]
> 0x00010178:  e5933000      ldr	r3, [r3]
> 0x0001017c:  e51b2008      ldr	r2, [fp, #-8]
> 0x00010180:  e0823003      add	r3, r2, r3
> 0x00010184:  e51b200c      ldr	r2, [fp, #-12]
> 0x00010188:  e1520003      cmp	r2, r3
> 0x0001018c:  1a00000b      bne	0x101c0
> 
> ----------------
9230,9265d9250
< 0x00010c20:  e3a0000e      mov	r0, #14	; 0xe
< 0x00010c24:  ebffff48      bl	0x1094c
< 
< ----------------
< IN: gpg_error
< 0x0001094c:  e52db004      push	{fp}		; (str fp, [sp, #-4]!)
< 0x00010950:  e28db000      add	fp, sp, #0	; 0x0
< 0x00010954:  e24dd00c      sub	sp, sp, #12	; 0xc
< 0x00010958:  e50b0008      str	r0, [fp, #-8]
< 0x0001095c:  e3a03000      mov	r3, #0	; 0x0
< 0x00010960:  e1a00003      mov	r0, r3
< 0x00010964:  e28bd000      add	sp, fp, #0	; 0x0
< 0x00010968:  e49db004      pop	{fp}		; (ldr fp, [sp], #4)
< 0x0001096c:  e12fff1e      bx	lr
< 
< ----------------
< IN: parse
< 0x00010c28:  e1a03000      mov	r3, r0
< 0x00010c2c:  e50b3008      str	r3, [fp, #-8]
< 0x00010c30:  ea0001fd      b	0x1142c
< 
< ----------------
< IN: parse
< 0x0001142c:  e51b3008      ldr	r3, [fp, #-8]
< 0x00011430:  e3530000      cmp	r3, #0	; 0x0
< 0x00011434:  1a000005      bne	0x11450
< 
< ----------------
< IN: decrypt_data
< 0x0000bb70:  e320f000      nop	{0}
< 0x0000bb74:  e51b3030      ldr	r3, [fp, #-48]
< 0x0000bb78:  e1a00003      mov	r0, r3
< 0x0000bb7c:  ebfffda6      bl	0xb21c
< 
< ----------------
< IN: parse
9269,9272d9253
< 
< ----------------
< IN: parse
< 0x000112e4:  ea000031      b	0x113b0
