# DIFF LEGEND:
# < lines from kernel1.in_asm.log (original kernel)
# > lines from patchedKernel.in_asm.log (patched kernel)
# ---
7318,7330d7317
< IN: subtractMod2_32b
< 0x0000d430:  e3e02000      mvn	r2, #0	; 0x0
< 0x0000d434:  e51b3008      ldr	r3, [fp, #-8]
< 0x0000d438:  e0822003      add	r2, r2, r3
< 0x0000d43c:  e51b300c      ldr	r3, [fp, #-12]
< 0x0000d440:  e0423003      sub	r3, r2, r3
< 0x0000d444:  e2833001      add	r3, r3, #1	; 0x1
< 0x0000d448:  e1a00003      mov	r0, r3
< 0x0000d44c:  e28bd000      add	sp, fp, #0	; 0x0
< 0x0000d450:  e49db004      pop	{fp}		; (ldr fp, [sp], #4)
< 0x0000d454:  e12fff1e      bx	lr
< 
< ----------------
7372a7360,7372
> IN: subtractMod2_32b
> 0x0000d430:  e3e02000      mvn	r2, #0	; 0x0
> 0x0000d434:  e51b3008      ldr	r3, [fp, #-8]
> 0x0000d438:  e0822003      add	r2, r2, r3
> 0x0000d43c:  e51b300c      ldr	r3, [fp, #-12]
> 0x0000d440:  e0423003      sub	r3, r2, r3
> 0x0000d444:  e2833001      add	r3, r3, #1	; 0x1
> 0x0000d448:  e1a00003      mov	r0, r3
> 0x0000d44c:  e28bd000      add	sp, fp, #0	; 0x0
> 0x0000d450:  e49db004      pop	{fp}		; (ldr fp, [sp], #4)
> 0x0000d454:  e12fff1e      bx	lr
> 
> ----------------
8140,8142c8140,8187
< 0x000110dc:  e51b3038      ldr	r3, [fp, #-56]
< 0x000110e0:  e50b3014      str	r3, [fp, #-20]
< 0x000110e4:  ea00011c      b	0x1155c
---
> 0x00010fb8:  e3a0000e      mov	r0, #14	; 0xe
> 0x00010fbc:  ebfffeb8      bl	0x10aa4
> 
> ----------------
> IN: gpg_error
> 0x00010aa4:  e92d4800      push	{fp, lr}
> 0x00010aa8:  e28db004      add	fp, sp, #4	; 0x4
> 0x00010aac:  e24dd008      sub	sp, sp, #8	; 0x8
> 0x00010ab0:  e50b0008      str	r0, [fp, #-8]
> 0x00010ab4:  e51b1008      ldr	r1, [fp, #-8]
> 0x00010ab8:  e3a00002      mov	r0, #2	; 0x2
> 0x00010abc:  ebffffe3      bl	0x10a50
> 
> ----------------
> IN: gpg_err_make
> 0x00010a50:  e52db004      push	{fp}		; (str fp, [sp, #-4]!)
> 0x00010a54:  e28db000      add	fp, sp, #0	; 0x0
> 0x00010a58:  e24dd00c      sub	sp, sp, #12	; 0xc
> 0x00010a5c:  e1a03000      mov	r3, r0
> 0x00010a60:  e50b100c      str	r1, [fp, #-12]
> 0x00010a64:  e54b3005      strb	r3, [fp, #-5]
> 0x00010a68:  e51b300c      ldr	r3, [fp, #-12]
> 0x00010a6c:  e3530000      cmp	r3, #0	; 0x0
> 0x00010a70:  0a000006      beq	0x10a90
> 
> ----------------
> IN: gpg_err_make
> 0x00010a74:  e55b3005      ldrb	r3, [fp, #-5]
> 0x00010a78:  e1a03c03      lsl	r3, r3, #24
> 0x00010a7c:  e203247f      and	r2, r3, #2130706432	; 0x7f000000
> 0x00010a80:  e51b300c      ldr	r3, [fp, #-12]
> 0x00010a84:  e6ff3073      uxth	r3, r3
> 0x00010a88:  e1823003      orr	r3, r2, r3
> 0x00010a8c:  ea000000      b	0x10a94
> 
> ----------------
> IN: gpg_err_make
> 0x00010a94:  e1a00003      mov	r0, r3
> 0x00010a98:  e28bd000      add	sp, fp, #0	; 0x0
> 0x00010a9c:  e49db004      pop	{fp}		; (ldr fp, [sp], #4)
> 0x00010aa0:  e12fff1e      bx	lr
> 
> ----------------
> IN: gpg_error
> 0x00010ac0:  e1a03000      mov	r3, r0
> 0x00010ac4:  e1a00003      mov	r0, r3
> 0x00010ac8:  e24bd004      sub	sp, fp, #4	; 0x4
> 0x00010acc:  e8bd8800      pop	{fp, pc}
8146c8191,8193
< 0x000116ec:  ea00003c      b	0x117e4
---
> 0x00010fc0:  e1a03000      mov	r3, r0
> 0x00010fc4:  e50b3008      str	r3, [fp, #-8]
> 0x00010fc8:  ea000224      b	0x11860
8150,8153c8197,8199
< 0x000117e4:  e320f000      nop	{0}
< 0x000117e8:  e51b1048      ldr	r1, [fp, #-72]
< 0x000117ec:  e3a00000      mov	r0, #0	; 0x0
< 0x000117f0:  ebffe9de      bl	0xbf70
---
> 0x00011860:  e51b3008      ldr	r3, [fp, #-8]
> 0x00011864:  e3530000      cmp	r3, #0	; 0x0
> 0x00011868:  1a000005      bne	0x11884
