0x000104b4:  e51b3010      ldr	r3, [fp, #-16]
0x000104b8:  e50b3008      str	r3, [fp, #-8]
0x000104bc:  e51b3014      ldr	r3, [fp, #-20]
0x000104c0:  e50b300c      str	r3, [fp, #-12]
0x000104c4:  ea000007      b	0x104e8

----------------
IN: memcpy
0x000104e8:  e51b3018      ldr	r3, [fp, #-24]
0x000104ec:  e2432001      sub	r2, r3, #1	; 0x1
0x000104f0:  e50b2018      str	r2, [fp, #-24]
0x000104f4:  e3530000      cmp	r3, #0	; 0x0
0x000104f8:  1afffff2      bne	0x104c8

----------------
IN: memcpy
0x000104c8:  e51b200c      ldr	r2, [fp, #-12]
0x000104cc:  e2823001      add	r3, r2, #1	; 0x1
0x000104d0:  e50b300c      str	r3, [fp, #-12]
0x000104d4:  e51b3008      ldr	r3, [fp, #-8]
0x000104d8:  e2831001      add	r1, r3, #1	; 0x1
0x000104dc:  e50b1008      str	r1, [fp, #-8]
0x000104e0:  e5d22000      ldrb	r2, [r2]
0x000104e4:  e5c32000      strb	r2, [r3]
0x000104e8:  e51b3018      ldr	r3, [fp, #-24]
0x000104ec:  e2432001      sub	r2, r3, #1	; 0x1
0x000104f0:  e50b2018      str	r2, [fp, #-24]
0x000104f4:  e3530000      cmp	r3, #0	; 0x0
0x000104f8:  1afffff2      bne	0x104c8

----------------
IN: memcpy
0x000104fc:  e51b3010      ldr	r3, [fp, #-16]
0x00010500:  e1a00003      mov	r0, r3
0x00010504:  e28bd000      add	sp, fp, #0	; 0x0
0x00010508:  e49db004      pop	{fp}		; (ldr fp, [sp], #4)
0x0001050c:  e12fff1e      bx	lr

----------------
IN: main
0x00013400:  e30c37ac      movw	r3, #51116	; 0xc7ac
0x00013404:  e3403002      movt	r3, #2	; 0x2
0x00013408:  e5933000      ldr	r3, [r3]
0x0001340c:  e1a02003      mov	r2, r3
0x00013410:  e30712b8      movw	r1, #29368	; 0x72b8
0x00013414:  e3401001      movt	r1, #1	; 0x1
0x00013418:  e51b0008      ldr	r0, [fp, #-8]
0x0001341c:  ebffdf08      bl	0xb044

----------------
IN: decrypt_memory
0x0000b044:  e92d4800      push	{fp, lr}
0x0000b048:  e28db004      add	fp, sp, #4	; 0x4
0x0000b04c:  e24dd040      sub	sp, sp, #64	; 0x40
0x0000b050:  e50b0030      str	r0, [fp, #-48]
0x0000b054:  e50b1034      str	r1, [fp, #-52]
0x0000b058:  e50b2038      str	r2, [fp, #-56]
0x0000b05c:  e51b3030      ldr	r3, [fp, #-48]
0x0000b060:  e51b2038      ldr	r2, [fp, #-56]
0x0000b064:  e5832020      str	r2, [r3, #32]
0x0000b068:  e3a03000      mov	r3, #0	; 0x0
0x0000b06c:  e50b302c      str	r3, [fp, #-44]
0x0000b070:  e3a03000      mov	r3, #0	; 0x0
0x0000b074:  e50b3008      str	r3, [fp, #-8]
0x0000b078:  e3043308      movw	r3, #17160	; 0x4308
0x0000b07c:  e3403001      movt	r3, #1	; 0x1
0x0000b080:  e50b300c      str	r3, [fp, #-12]
0x0000b084:  e3a03000      mov	r3, #0	; 0x0
0x0000b088:  e50b3010      str	r3, [fp, #-16]
0x0000b08c:  e3a03000      mov	r3, #0	; 0x0
0x0000b090:  e50b3014      str	r3, [fp, #-20]
0x0000b094:  e3a03000      mov	r3, #0	; 0x0
0x0000b098:  e50b3018      str	r3, [fp, #-24]
0x0000b09c:  e51b1038      ldr	r1, [fp, #-56]
0x0000b0a0:  e51b0034      ldr	r0, [fp, #-52]
0x0000b0a4:  ebfff8a1      bl	0x9330

----------------
IN: iobuf_temp_with_content
0x00009330:  e92d4800      push	{fp, lr}
0x00009334:  e28db004      add	fp, sp, #4	; 0x4
0x00009338:  e24dd010      sub	sp, sp, #16	; 0x10
0x0000933c:  e50b0010      str	r0, [fp, #-16]
0x00009340:  e50b1014      str	r1, [fp, #-20]
0x00009344:  e51b1014      ldr	r1, [fp, #-20]
0x00009348:  e3a00001      mov	r0, #1	; 0x1
0x0000934c:  ebffffc7      bl	0x9270

----------------
IN: iobuf_alloc
0x00009270:  e92d4800      push	{fp, lr}
0x00009274:  e28db004      add	fp, sp, #4	; 0x4
0x00009278:  e24dd010      sub	sp, sp, #16	; 0x10
0x0000927c:  e50b0010      str	r0, [fp, #-16]
0x00009280:  e50b1014      str	r1, [fp, #-20]
0x00009284:  e51b3014      ldr	r3, [fp, #-20]
0x00009288:  e3530000      cmp	r3, #0	; 0x0
0x0000928c:  1a000001      bne	0x9298

----------------
IN: iobuf_alloc
--
0x0000931c:  e5832038      str	r2, [r3, #56]
0x00009320:  e51b3008      ldr	r3, [fp, #-8]
0x00009324:  e1a00003      mov	r0, r3
0x00009328:  e24bd004      sub	sp, fp, #4	; 0x4
0x0000932c:  e8bd8800      pop	{fp, pc}

----------------
IN: iobuf_temp_with_content
0x00009350:  e50b000c      str	r0, [fp, #-12]
0x00009354:  e3a03000      mov	r3, #0	; 0x0
0x00009358:  e50b3008      str	r3, [fp, #-8]
0x0000935c:  ea00000b      b	0x9390

----------------
IN: iobuf_temp_with_content
0x00009390:  e51b3008      ldr	r3, [fp, #-8]
0x00009394:  e51b2014      ldr	r2, [fp, #-20]
0x00009398:  e1520003      cmp	r2, r3
0x0000939c:  8affffef      bhi	0x9360

----------------
IN: iobuf_temp_with_content
0x00009360:  e51b3008      ldr	r3, [fp, #-8]
0x00009364:  e51b2010      ldr	r2, [fp, #-16]
0x00009368:  e0822003      add	r2, r2, r3
0x0000936c:  e51b300c      ldr	r3, [fp, #-12]
0x00009370:  e5931020      ldr	r1, [r3, #32]
0x00009374:  e51b3008      ldr	r3, [fp, #-8]
0x00009378:  e0813003      add	r3, r1, r3
0x0000937c:  e5d22000      ldrb	r2, [r2]
0x00009380:  e5c32000      strb	r2, [r3]
0x00009384:  e51b3008      ldr	r3, [fp, #-8]
0x00009388:  e2833001      add	r3, r3, #1	; 0x1
0x0000938c:  e50b3008      str	r3, [fp, #-8]
0x00009390:  e51b3008      ldr	r3, [fp, #-8]
0x00009394:  e51b2014      ldr	r2, [fp, #-20]
0x00009398:  e1520003      cmp	r2, r3
0x0000939c:  8affffef      bhi	0x9360

----------------
IN: iobuf_temp_with_content
0x000093a0:  e51b300c      ldr	r3, [fp, #-12]
0x000093a4:  e51b2014      ldr	r2, [fp, #-20]
0x000093a8:  e583201c      str	r2, [r3, #28]
0x000093ac:  e51b300c      ldr	r3, [fp, #-12]
0x000093b0:  e1a00003      mov	r0, r3
0x000093b4:  e24bd004      sub	sp, fp, #4	; 0x4
0x000093b8:  e8bd8800      pop	{fp, pc}

----------------
IN: decrypt_memory
0x0000b0a8:  e50b001c      str	r0, [fp, #-28]
0x0000b0ac:  e51b301c      ldr	r3, [fp, #-28]
0x0000b0b0:  e3530000      cmp	r3, #0	; 0x0
0x0000b0b4:  1a000002      bne	0xb0c4

----------------
IN: decrypt_memory
0x0000b0c4:  e51b3018      ldr	r3, [fp, #-24]
0x0000b0c8:  e3530000      cmp	r3, #0	; 0x0
0x0000b0cc:  13a03001      movne	r3, #1	; 0x1
0x0000b0d0:  03a03000      moveq	r3, #0	; 0x0
0x0000b0d4:  e6ef3073      uxtb	r3, r3
0x0000b0d8:  e1a01003      mov	r1, r3
0x0000b0dc:  e51b0014      ldr	r0, [fp, #-20]
0x0000b0e0:  ebfffe99      bl	0xab4c

----------------
IN: translate_file_handle
0x0000ab4c:  e52db004      push	{fp}		; (str fp, [sp, #-4]!)
0x0000ab50:  e28db000      add	fp, sp, #0	; 0x0
0x0000ab54:  e24dd00c      sub	sp, sp, #12	; 0xc
0x0000ab58:  e50b0008      str	r0, [fp, #-8]
0x0000ab5c:  e50b100c      str	r1, [fp, #-12]
0x0000ab60:  e51b3008      ldr	r3, [fp, #-8]
0x0000ab64:  e1a00003      mov	r0, r3
0x0000ab68:  e28bd000      add	sp, fp, #0	; 0x0
0x0000ab6c:  e49db004      pop	{fp}		; (ldr fp, [sp], #4)
0x0000ab70:  e12fff1e      bx	lr

----------------
IN: decrypt_memory
0x0000b0e4:  e1a03000      mov	r3, r0
0x0000b0e8:  e51b100c      ldr	r1, [fp, #-12]
0x0000b0ec:  e1a00003      mov	r0, r3
0x0000b0f0:  ebfff8e9      bl	0x949c

----------------
IN: iobuf_fdopen
0x0000949c:  e92d4800      push	{fp, lr}
0x000094a0:  e28db004      add	fp, sp, #4	; 0x4
0x000094a4:  e24dd008      sub	sp, sp, #8	; 0x8
0x000094a8:  e50b0008      str	r0, [fp, #-8]
0x000094ac:  e50b100c      str	r1, [fp, #-12]
0x000094b0:  e3a02000      mov	r2, #0	; 0x0
0x000094b4:  e51b100c      ldr	r1, [fp, #-12]
0x000094b8:  e51b0008      ldr	r0, [fp, #-8]
0x000094bc:  ebffffbe      bl	0x93bc

----------------
IN: do_iobuf_fdopen
0x000093bc:  e92d4800      push	{fp, lr}
0x000093c0:  e28db004      add	fp, sp, #4	; 0x4
0x000093c4:  e24dd028      sub	sp, sp, #40	; 0x28
0x000093c8:  e50b0018      str	r0, [fp, #-24]
0x000093cc:  e50b101c      str	r1, [fp, #-28]
0x000093d0:  e50b2020      str	r2, [fp, #-32]
0x000093d4:  e51b3018      ldr	r3, [fp, #-24]
0x000093d8:  e50b3008      str	r3, [fp, #-8]
0x000093dc:  e3a01077      mov	r1, #119	; 0x77
0x000093e0:  e51b001c      ldr	r0, [fp, #-28]
0x000093e4:  eb001cf9      bl	0x107d0

----------------
IN: strchr
0x000107d0:  e52db004      push	{fp}		; (str fp, [sp, #-4]!)
0x000107d4:  e28db000      add	fp, sp, #0	; 0x0
0x000107d8:  e24dd00c      sub	sp, sp, #12	; 0xc
0x000107dc:  e50b0008      str	r0, [fp, #-8]
0x000107e0:  e50b100c      str	r1, [fp, #-12]
0x000107e4:  ea000007      b	0x10808

----------------
IN: strchr
0x00010808:  e51b3008      ldr	r3, [fp, #-8]
0x0001080c:  e5d32000      ldrb	r2, [r3]
0x00010810:  e51b300c      ldr	r3, [fp, #-12]
0x00010814:  e6ef3073      uxtb	r3, r3
0x00010818:  e1520003      cmp	r2, r3
0x0001081c:  1afffff1      bne	0x107e8

----------------
--
0x00009764:  1affffe7      bne	0x9708

----------------
IN: iobuf_ioctl
0x00009708:  e51b3040      ldr	r3, [fp, #-64]
0x0000970c:  e593303c      ldr	r3, [r3, #60]
0x00009710:  e3530000      cmp	r3, #0	; 0x0
0x00009714:  1a00000d      bne	0x9750

----------------
IN: iobuf_ioctl
0x00009718:  e51b3040      ldr	r3, [fp, #-64]
0x0000971c:  e593202c      ldr	r2, [r3, #44]
0x00009720:  e30a3d14      movw	r3, #44308	; 0xad14
0x00009724:  e3403000      movt	r3, #0	; 0x0
0x00009728:  e1520003      cmp	r2, r3
0x0000972c:  1a000007      bne	0x9750

----------------
IN: iobuf_ioctl
0x00009730:  e51b3040      ldr	r3, [fp, #-64]
0x00009734:  e5933030      ldr	r3, [r3, #48]
0x00009738:  e50b3014      str	r3, [fp, #-20]
0x0000973c:  e51b3014      ldr	r3, [fp, #-20]
0x00009740:  e51b2048      ldr	r2, [fp, #-72]
0x00009744:  e5832008      str	r2, [r3, #8]
0x00009748:  e3a03000      mov	r3, #0	; 0x0
0x0000974c:  ea000057      b	0x98b0

----------------
IN: iobuf_ioctl
0x000098b0:  e1a00003      mov	r0, r3
0x000098b4:  e24bd00c      sub	sp, fp, #12	; 0xc
0x000098b8:  e8bd8830      pop	{r4, r5, fp, pc}

----------------
IN: do_iobuf_fdopen
0x0000948c:  e51b300c      ldr	r3, [fp, #-12]
0x00009490:  e1a00003      mov	r0, r3
0x00009494:  e24bd004      sub	sp, fp, #4	; 0x4
0x00009498:  e8bd8800      pop	{fp, pc}

----------------
IN: iobuf_fdopen
0x000094c0:  e1a03000      mov	r3, r0
0x000094c4:  e1a00003      mov	r0, r3
0x000094c8:  e24bd004      sub	sp, fp, #4	; 0x4
0x000094cc:  e8bd8800      pop	{fp, pc}

----------------
IN: decrypt_memory
0x0000b0f4:  e51b100c      ldr	r1, [fp, #-12]
0x0000b0f8:  e3a00000      mov	r0, #0	; 0x0
0x0000b0fc:  ebfff4e2      bl	0x848c

----------------
IN: fd_cache_open
0x0000848c:  e92d4800      push	{fp, lr}
0x00008490:  e28db004      add	fp, sp, #4	; 0x4
0x00008494:  e24dd010      sub	sp, sp, #16	; 0x10
0x00008498:  e50b0010      str	r0, [fp, #-16]
0x0000849c:  e50b1014      str	r1, [fp, #-20]
0x000084a0:  e30d3000      movw	r3, #53248	; 0xd000
0x000084a4:  e3403004      movt	r3, #4	; 0x4
0x000084a8:  e5933000      ldr	r3, [r3]
0x000084ac:  e50b3008      str	r3, [fp, #-8]
0x000084b0:  ea000016      b	0x8510

----------------
IN: fd_cache_open
0x00008510:  e51b3008      ldr	r3, [fp, #-8]
0x00008514:  e3530000      cmp	r3, #0	; 0x0
0x00008518:  1affffe5      bne	0x84b4

----------------
IN: fd_cache_open
0x0000851c:  e3a02000      mov	r2, #0	; 0x0
0x00008520:  e51b1014      ldr	r1, [fp, #-20]
0x00008524:  e51b0010      ldr	r0, [fp, #-16]
0x00008528:  ebffff96      bl	0x8388

----------------
IN: direct_open
0x00008388:  e92d4800      push	{fp, lr}
0x0000838c:  e28db004      add	fp, sp, #4	; 0x4
0x00008390:  e24dd018      sub	sp, sp, #24	; 0x18
0x00008394:  e50b0010      str	r0, [fp, #-16]
0x00008398:  e50b1014      str	r1, [fp, #-20]
0x0000839c:  e50b2018      str	r2, [fp, #-24]
0x000083a0:  e3a03d06      mov	r3, #384	; 0x180
0x000083a4:  e50b300c      str	r3, [fp, #-12]
0x000083a8:  e51b3018      ldr	r3, [fp, #-24]
0x000083ac:  e3530000      cmp	r3, #0	; 0x0
0x000083b0:  1a000002      bne	0x83c0

----------------
IN: direct_open
0x000083b4:  e51b300c      ldr	r3, [fp, #-12]
0x000083b8:  e3833036      orr	r3, r3, #54	; 0x36
0x000083bc:  e50b300c      str	r3, [fp, #-12]
0x000083c0:  e3a0102b      mov	r1, #43	; 0x2b
--
0x0001089c:  e5d33000      ldrb	r3, [r3]
0x000108a0:  e0423003      sub	r3, r2, r3
0x000108a4:  e1a00003      mov	r0, r3
0x000108a8:  e28bd000      add	sp, fp, #0	; 0x0
0x000108ac:  e49db004      pop	{fp}		; (ldr fp, [sp], #4)
0x000108b0:  e12fff1e      bx	lr

----------------
IN: open
0x00010780:  e1a03000      mov	r3, r0
0x00010784:  e3530000      cmp	r3, #0	; 0x0
0x00010788:  1a000001      bne	0x10794

----------------
IN: open
0x00010794:  e3041918      movw	r1, #18712	; 0x4918
0x00010798:  e3401001      movt	r1, #1	; 0x1
0x0001079c:  e51b000c      ldr	r0, [fp, #-12]
0x000107a0:  eb000023      bl	0x10834

----------------
IN: open
0x000107a4:  e1a03000      mov	r3, r0
0x000107a8:  e3530000      cmp	r3, #0	; 0x0
0x000107ac:  1a000001      bne	0x107b8

----------------
IN: open
0x000107b8:  e3e03000      mvn	r3, #0	; 0x0
0x000107bc:  e1a00003      mov	r0, r3
0x000107c0:  e24bd004      sub	sp, fp, #4	; 0x4
0x000107c4:  e8bd4800      pop	{fp, lr}
0x000107c8:  e28dd00c      add	sp, sp, #12	; 0xc
0x000107cc:  e12fff1e      bx	lr

----------------
IN: direct_open
0x0000847c:  e1a03000      mov	r3, r0
0x00008480:  e1a00003      mov	r0, r3
0x00008484:  e24bd004      sub	sp, fp, #4	; 0x4
0x00008488:  e8bd8800      pop	{fp, pc}

----------------
IN: fd_cache_open
0x0000852c:  e1a03000      mov	r3, r0
0x00008530:  e1a00003      mov	r0, r3
0x00008534:  e24bd004      sub	sp, fp, #4	; 0x4
0x00008538:  e8bd8800      pop	{fp, pc}

----------------
IN: decrypt_memory
0x0000b100:  e50b0020      str	r0, [fp, #-32]
0x0000b104:  e51b0010      ldr	r0, [fp, #-16]
0x0000b108:  eb002065      bl	0x132a4

----------------
IN: strlen
0x000132a4:  e52db004      push	{fp}		; (str fp, [sp, #-4]!)
0x000132a8:  e28db000      add	fp, sp, #0	; 0x0
0x000132ac:  e24dd014      sub	sp, sp, #20	; 0x14
0x000132b0:  e50b0010      str	r0, [fp, #-16]
0x000132b4:  e51b3010      ldr	r3, [fp, #-16]
0x000132b8:  e50b3008      str	r3, [fp, #-8]
0x000132bc:  ea000002      b	0x132cc

----------------
IN: strlen
0x000132cc:  e51b3008      ldr	r3, [fp, #-8]
0x000132d0:  e5d33000      ldrb	r3, [r3]
0x000132d4:  e3530000      cmp	r3, #0	; 0x0
0x000132d8:  1afffff8      bne	0x132c0

----------------
IN: strlen
0x000132c0:  e51b3008      ldr	r3, [fp, #-8]
0x000132c4:  e2833001      add	r3, r3, #1	; 0x1
0x000132c8:  e50b3008      str	r3, [fp, #-8]
0x000132cc:  e51b3008      ldr	r3, [fp, #-8]
0x000132d0:  e5d33000      ldrb	r3, [r3]
0x000132d4:  e3530000      cmp	r3, #0	; 0x0
0x000132d8:  1afffff8      bne	0x132c0

----------------
IN: strlen
0x000132dc:  e51b2008      ldr	r2, [fp, #-8]
0x000132e0:  e51b3010      ldr	r3, [fp, #-16]
0x000132e4:  e0423003      sub	r3, r2, r3
0x000132e8:  e1a00003      mov	r0, r3
0x000132ec:  e28bd000      add	sp, fp, #0	; 0x0
0x000132f0:  e49db004      pop	{fp}		; (ldr fp, [sp], #4)
0x000132f4:  e12fff1e      bx	lr

----------------
IN: decrypt_memory
0x0000b10c:  e1a03000      mov	r3, r0
0x0000b110:  e2833038      add	r3, r3, #56	; 0x38
0x0000b114:  e1a00003      mov	r0, r3
0x0000b118:  eb001437      bl	0x101fc

----------------
IN: decrypt_memory
0x0000b11c:  e50b0024      str	r0, [fp, #-36]
0x0000b120:  e51b3024      ldr	r3, [fp, #-36]
0x0000b124:  e51b2020      ldr	r2, [fp, #-32]
0x0000b128:  e5832000      str	r2, [r3]
0x0000b12c:  e51b3024      ldr	r3, [fp, #-36]
0x0000b130:  e51b2008      ldr	r2, [fp, #-8]
0x0000b134:  e5832010      str	r2, [r3, #16]
0x0000b138:  e51b3024      ldr	r3, [fp, #-36]
0x0000b13c:  e2833036      add	r3, r3, #54	; 0x36
0x0000b140:  e51b1010      ldr	r1, [fp, #-16]
0x0000b144:  e1a00003      mov	r0, r3
0x0000b148:  eb001546      bl	0x10668

----------------
IN: strcpy
0x00010668:  e52db004      push	{fp}		; (str fp, [sp, #-4]!)
0x0001066c:  e28db000      add	fp, sp, #0	; 0x0
0x00010670:  e24dd00c      sub	sp, sp, #12	; 0xc
0x00010674:  e50b0008      str	r0, [fp, #-8]
0x00010678:  e50b100c      str	r1, [fp, #-12]
0x0001067c:  e320f000      nop	{0}
0x00010680:  e51b200c      ldr	r2, [fp, #-12]
0x00010684:  e2823001      add	r3, r2, #1	; 0x1
0x00010688:  e50b300c      str	r3, [fp, #-12]
0x0001068c:  e51b3008      ldr	r3, [fp, #-8]
0x00010690:  e2831001      add	r1, r3, #1	; 0x1
0x00010694:  e50b1008      str	r1, [fp, #-8]
0x00010698:  e5d22000      ldrb	r2, [r2]
0x0001069c:  e5c32000      strb	r2, [r3]
0x000106a0:  e5d33000      ldrb	r3, [r3]
0x000106a4:  e3530000      cmp	r3, #0	; 0x0
0x000106a8:  1afffff4      bne	0x10680

----------------
IN: strcpy
0x00010680:  e51b200c      ldr	r2, [fp, #-12]
0x00010684:  e2823001      add	r3, r2, #1	; 0x1
0x00010688:  e50b300c      str	r3, [fp, #-12]
0x0001068c:  e51b3008      ldr	r3, [fp, #-8]
0x00010690:  e2831001      add	r1, r3, #1	; 0x1
0x00010694:  e50b1008      str	r1, [fp, #-8]
0x00010698:  e5d22000      ldrb	r2, [r2]
0x0001069c:  e5c32000      strb	r2, [r3]
0x000106a0:  e5d33000      ldrb	r3, [r3]
0x000106a4:  e3530000      cmp	r3, #0	; 0x0
0x000106a8:  1afffff4      bne	0x10680

----------------
IN: strcpy
0x000106ac:  e320f000      nop	{0}
0x000106b0:  e320f000      nop	{0}
0x000106b4:  e28bd000      add	sp, fp, #0	; 0x0
0x000106b8:  e49db004      pop	{fp}		; (ldr fp, [sp], #4)
0x000106bc:  e12fff1e      bx	lr

----------------
IN: decrypt_memory
0x0000b14c:  e51b3008      ldr	r3, [fp, #-8]
0x0000b150:  e3530000      cmp	r3, #0	; 0x0
0x0000b154:  1a000005      bne	0xb170

----------------
IN: decrypt_memory
0x0000b158:  e51b0010      ldr	r0, [fp, #-16]
0x0000b15c:  eb0015eb      bl	0x10910

----------------
IN: xstrdup
0x00010910:  e92d4800      push	{fp, lr}
0x00010914:  e28db004      add	fp, sp, #4	; 0x4
0x00010918:  e24dd010      sub	sp, sp, #16	; 0x10
0x0001091c:  e50b0010      str	r0, [fp, #-16]
0x00010920:  e51b0010      ldr	r0, [fp, #-16]
0x00010924:  ebffffe2      bl	0x108b4

----------------
IN: strdup
0x000108b4:  e92d4800      push	{fp, lr}
0x000108b8:  e28db004      add	fp, sp, #4	; 0x4
0x000108bc:  e24dd010      sub	sp, sp, #16	; 0x10
0x000108c0:  e50b0010      str	r0, [fp, #-16]
0x000108c4:  e51b0010      ldr	r0, [fp, #-16]
0x000108c8:  eb000a75      bl	0x132a4

----------------
IN: strdup
0x000108cc:  e1a03000      mov	r3, r0
0x000108d0:  e2833001      add	r3, r3, #1	; 0x1
0x000108d4:  e50b3008      str	r3, [fp, #-8]
0x000108d8:  e51b0008      ldr	r0, [fp, #-8]
0x000108dc:  ebfffda6      bl	0xff7c

----------------
IN: strdup
0x000108e0:  e50b000c      str	r0, [fp, #-12]
0x000108e4:  e51b300c      ldr	r3, [fp, #-12]
0x000108e8:  e3530000      cmp	r3, #0	; 0x0
0x000108ec:  0a000003      beq	0x10900

----------------
IN: strdup
0x000108f0:  e51b2008      ldr	r2, [fp, #-8]
0x000108f4:  e51b1010      ldr	r1, [fp, #-16]
0x000108f8:  e51b000c      ldr	r0, [fp, #-12]
0x000108fc:  ebfffee6      bl	0x1049c

----------------
IN: strdup
0x00010900:  e51b300c      ldr	r3, [fp, #-12]
0x00010904:  e1a00003      mov	r0, r3
0x00010908:  e24bd004      sub	sp, fp, #4	; 0x4
0x0001090c:  e8bd8800      pop	{fp, pc}

----------------
IN: xstrdup
0x00010928:  e50b0008      str	r0, [fp, #-8]
0x0001092c:  e51b3008      ldr	r3, [fp, #-8]
0x00010930:  e3530000      cmp	r3, #0	; 0x0
0x00010934:  1a000000      bne	0x1093c

----------------
IN: xstrdup
0x0001093c:  e51b3008      ldr	r3, [fp, #-8]
0x00010940:  e1a00003      mov	r0, r3
0x00010944:  e24bd004      sub	sp, fp, #4	; 0x4
0x00010948:  e8bd8800      pop	{fp, pc}

----------------
IN: decrypt_memory
0x0000b160:  e1a03000      mov	r3, r0
0x0000b164:  e1a02003      mov	r2, r3
0x0000b168:  e51b301c      ldr	r3, [fp, #-28]
0x0000b16c:  e5832038      str	r2, [r3, #56]
0x0000b170:  e51b201c      ldr	r2, [fp, #-28]
0x0000b174:  e30a3d14      movw	r3, #44308	; 0xad14
0x0000b178:  e3403000      movt	r3, #0	; 0x0
0x0000b17c:  e582302c      str	r3, [r2, #44]
0x0000b180:  e51b3024      ldr	r3, [fp, #-36]
0x0000b184:  e3a02001      mov	r2, #1	; 0x1
0x0000b188:  e5832008      str	r2, [r3, #8]
0x0000b18c:  e51b301c      ldr	r3, [fp, #-28]
0x0000b190:  e51b2024      ldr	r2, [fp, #-36]
0x0000b194:  e5832030      str	r2, [r3, #48]
0x0000b198:  e24b302c      sub	r3, fp, #44	; 0x2c
0x0000b19c:  e58d3000      str	r3, [sp]
0x0000b1a0:  e3a03000      mov	r3, #0	; 0x0
0x0000b1a4:  e3a02000      mov	r2, #0	; 0x0
0x0000b1a8:  e3a01001      mov	r1, #1	; 0x1
0x0000b1ac:  e51b0024      ldr	r0, [fp, #-36]
0x0000b1b0:  ebfffed7      bl	0xad14

----------------
IN: decrypt_memory
0x0000b1b4:  e51b201c      ldr	r2, [fp, #-28]
0x0000b1b8:  e3a01000      mov	r1, #0	; 0x0
0x0000b1bc:  e51b0030      ldr	r0, [fp, #-48]
0x0000b1c0:  eb002177      bl	0x137a4

----------------
IN: proc_encryption_packets
0x000137a4:  e92d4800      push	{fp, lr}
0x000137a8:  e28db004      add	fp, sp, #4	; 0x4
0x000137ac:  e24dd018      sub	sp, sp, #24	; 0x18
0x000137b0:  e50b0010      str	r0, [fp, #-16]
0x000137b4:  e50b1014      str	r1, [fp, #-20]
0x000137b8:  e50b2018      str	r2, [fp, #-24]
0x000137bc:  e3a00060      mov	r0, #96	; 0x60
0x000137c0:  ebfff2aa      bl	0x10270

----------------
IN: xmalloc_clear
0x00010270:  e92d4800      push	{fp, lr}
0x00010274:  e28db004      add	fp, sp, #4	; 0x4
0x00010278:  e24dd010      sub	sp, sp, #16	; 0x10
0x0001027c:  e50b0010      str	r0, [fp, #-16]
0x00010280:  e51b0010      ldr	r0, [fp, #-16]
0x00010284:  ebffff3c      bl	0xff7c

----------------
IN: xmalloc_clear
0x00010288:  e50b0008      str	r0, [fp, #-8]
0x0001028c:  e51b3008      ldr	r3, [fp, #-8]
0x00010290:  e3530000      cmp	r3, #0	; 0x0
0x00010294:  0a000003      beq	0x102a8

----------------
IN: xmalloc_clear
0x00010298:  e51b2010      ldr	r2, [fp, #-16]
0x0001029c:  e3a01000      mov	r1, #0	; 0x0
0x000102a0:  e51b0008      ldr	r0, [fp, #-8]
0x000102a4:  eb000063      bl	0x10438

----------------
IN: xmalloc_clear
0x000102a8:  e51b3008      ldr	r3, [fp, #-8]
0x000102ac:  e1a00003      mov	r0, r3
0x000102b0:  e24bd004      sub	sp, fp, #4	; 0x4
0x000102b4:  e8bd8800      pop	{fp, pc}

----------------
IN: proc_encryption_packets
0x000137c4:  e1a03000      mov	r3, r0
0x000137c8:  e50b3008      str	r3, [fp, #-8]
--
0x0001096c:  e12fff1e      bx	lr

----------------
IN: parse
0x00010c28:  e1a03000      mov	r3, r0
0x00010c2c:  e50b3008      str	r3, [fp, #-8]
0x00010c30:  ea0001fd      b	0x1142c

----------------
IN: parse
0x0001142c:  e51b3008      ldr	r3, [fp, #-8]
0x00011430:  e3530000      cmp	r3, #0	; 0x0
0x00011434:  1a000005      bne	0x11450

----------------
IN: decrypt_data
0x0000bb70:  e320f000      nop	{0}
0x0000bb74:  e51b3030      ldr	r3, [fp, #-48]
0x0000bb78:  e1a00003      mov	r0, r3
0x0000bb7c:  ebfffda6      bl	0xb21c

----------------
IN: parse
0x00010d34:  e51b3038      ldr	r3, [fp, #-56]
0x00010d38:  e50b3014      str	r3, [fp, #-20]
0x00010d3c:  ea000108      b	0x11164

----------------
IN: parse
0x000112e4:  ea000031      b	0x113b0

----------------
IN: free_packet
0x0000bf04:  e320f000      nop	{0}
0x0000bf08:  ea000000      b	0xbf10

----------------
IN: free_packet
0x0000bf10:  e24bd004      sub	sp, fp, #4	; 0x4
0x0000bf14:  e8bd8800      pop	{fp, pc}

----------------
IN: proc_encryption_packets
0x00013800:  e50b000c      str	r0, [fp, #-12]
0x00013804:  e51b300c      ldr	r3, [fp, #-12]
0x00013808:  e1a00003      mov	r0, r3
0x0001380c:  e24bd004      sub	sp, fp, #4	; 0x4
0x00013810:  e8bd8800      pop	{fp, pc}

----------------
IN: decrypt_memory
0x0000b1c4:  e50b0028      str	r0, [fp, #-40]
0x0000b1c8:  e51b3028      ldr	r3, [fp, #-40]
0x0000b1cc:  e1a00003      mov	r0, r3
0x0000b1d0:  e24bd004      sub	sp, fp, #4	; 0x4
0x0000b1d4:  e8bd8800      pop	{fp, pc}

----------------
IN: main
0x00013420:  e50b0010      str	r0, [fp, #-16]
0x00013424:  ea000002      b	0x13434

----------------
IN: main
0x00013434:  e320f003      wfi

