----------------
IN: 
0x00008000:  
OBJD-T: 02d3a0e3000000eb

----------------
IN: main
0x0000800c:  
OBJD-T: f0432de90000a0e37c829fe52cd04de278329fe508808fe0031098e7b10000eb

----------------
IN: init_printf
0x000082f4:  
OBJD-T: 14209fe514309fe502208fe003308fe0001082e5000083e51eff2fe1

----------------
IN: main
0x0000802c:  
OBJD-T: 6c029fe500008fe0891b00eb

----------------
IN: tfp_printf
0x0000ee60:  
OBJD-T: 0f002de938109fe538009fe504e02de50cd04de201108fe014308de200008fe0
OBJD-T: 10209de5001091e5000090e504308de5d0feffeb

----------------
IN: tfp_format
0x0000e9d8:  
OBJD-T: f04f2de90240a0e10170a0e124d04de20110d2e4000051e35200000a

----------------
IN: tfp_format
0x0000e9f4:  
OBJD-T: cd9c0ce30060a0e1cc9c4ce303a0a0e114b08de2060000ea

----------------
IN: tfp_format
0x0000ea28:  
OBJD-T: 250051e3f6ffff1a

----------------
IN: tfp_format
0x0000ea0c:  
OBJD-T: 0600a0e10240a0e137ff2fe1

----------------
IN: putc_uart
0x000103f4:  
OBJD-T: 1eff2fe1

----------------
IN: tfp_format
0x0000ea18:  
OBJD-T: 0420a0e10110d2e4000051e34500000a

----------------
IN: tfp_format
0x0000eb40:  
OBJD-T: 24d08de2f08fbde8

----------------
IN: tfp_printf
0x0000ee94:  
OBJD-T: 0cd08de204e09de410d08de21eff2fe1

----------------
IN: main
0x00008038:  
OBJD-T: 2400a0e3ee1200eb

----------------
IN: malloc
0x0000cbfc:  
OBJD-T: 1cc19fe5

----------------
IN: malloc
0x0000cc00:  
OBJD-T: 04e02de50cd04de20cc08fe010119fe50020dce501108fe0000052e31700000a

----------------
IN: malloc
0x0000cc80:  
OBJD-T: a4e09fe5000050e3a0309fe50ee08fe0033091e700308ee594e09fe50e1091e7
OBJD-T: 0820c3e5031041e0001083e51b1080120920c3e50a20c3e50b20c3e50120a0e3
OBJD-T: 0420c3e50f10c1130020cce5ddffff1a

----------------
IN: malloc
0x0000cc48:  
OBJD-T: 000052e30200000a

----------------
IN: malloc
0x0000cc50:  
OBJD-T: 002093e5010052e11d00002a

----------------
IN: malloc
0x0000ccd4:  
OBJD-T: 1c0081e2000052e10800003a

----------------
IN: malloc
0x0000cce0:  
OBJD-T: 010083e0012042e0012083e70120a0e30420c0e5082093e5082080e5001083e5
OBJD-T: 080083e50c1083e20020a0e304108de504009de50420c3e50cd08de204f09de4

----------------
IN: main
0x00008040:  
OBJD-T: 0050a0e12400a0e3eb1200eb

----------------
IN: malloc
0x0000cc20:  
OBJD-T: 000050e31000000a

----------------
IN: malloc
0x0000cc28:  
OBJD-T: f8309fe51b1080e20f10c1e303308fe0003093e5000053e30800000a

----------------
IN: malloc
0x0000cc44:  
OBJD-T: 0420d3e5000052e30200000a

----------------
IN: malloc
0x0000cc5c:  
OBJD-T: 083093e5000053e3f6ffff1a

----------------
IN: main
0x0000804c:  
OBJD-T: 000050e3000055130040a0e10190a0030090a0136800000a

----------------
IN: main
0x00008064:  
OBJD-T: 0910a0e12420a0e30500a0e1701300eb

----------------
IN: memset
0x0000ce38:  
OBJD-T: 000052e31eff2f01

----------------
IN: memset
0x0000ce40:  
OBJD-T: 022080e07110efe60030a0e10110c3e4020053e1fcffff1a

----------------
IN: memset
0x0000ce4c:  
OBJD-T: 0110c3e4020053e1fcffff1a

----------------
IN: memset
0x0000ce58:  
OBJD-T: 1eff2fe1

----------------
IN: main
0x00008074:  
OBJD-T: 2420a0e30910a0e10400a0e16c1300eb

----------------
IN: main
0x00008084:  
OBJD-T: 18029fe50510a0e100008fe0721b00eb

----------------
IN: tfp_format
0x0000ea30:  
OBJD-T: 0120d4e50050a0e3300052e3024084120080a0130220d4050180a00303408402
OBJD-T: 301042e27130efe6090053e36500009a

----------------
IN: tfp_format
0x0000ea60:  
OBJD-T: 6c0052e33700000a

----------------
IN: tfp_format
0x0000ea68:  
OBJD-T: 7a0052e3e9ffff8a

----------------
IN: tfp_format
0x0000ea70:  
OBJD-T: 570052e32600009a

----------------
IN: tfp_format
0x0000ea78:  
OBJD-T: 583042e2220053e303f18f90

----------------
IN: tfp_format
0x0000eae8:  
OBJD-T: 9f0000ea

----------------
IN: tfp_format
0x0000ed6c:  
OBJD-T: 0600a0e13010a0e337ff2fe1

----------------
IN: tfp_format
0x0000ed78:  
OBJD-T: 0600a0e17810a0e337ff2fe1

----------------
IN: tfp_format
0x0000ed84:  
OBJD-T: 04009ae40b30a0e10120a0e31010a0e3affeffeb

----------------
IN: uli2a
0x0000e858:  
OBJD-T: 010050e101c0a0e370402de92800003a

----------------
IN: uli2a
0x0000e868:  
OBJD-T: 910c0ce010fc3ee701005ee1fbffff2a

----------------
IN: uli2a
0x0000e878:  
OBJD-T: 00005ce32000000a

----------------
IN: uli2a
0x0000e880:  
OBJD-T: 0040a0e300005ee3000054d31cf136e70150a0130050a0039c0e60e00800001a

----------------
IN: uli2a
0x0000e8c4:  
OBJD-T: 09005ee33050a0d3020000da

----------------
IN: uli2a
0x0000e8dc:  
OBJD-T: 0c0051e103c0a0e10ee085e0014084e201e0cce40c30a0e1efffff8a

----------------
IN: uli2a
0x0000e8f8:  
OBJD-T: 10f63ee706c0a0e1dfffffea

----------------
IN: uli2a
0x0000e884:  
OBJD-T: 00005ee3000054d31cf136e70150a0130050a0039c0e60e00800001a

----------------
IN: uli2a
0x0000e8d0:  
OBJD-T: 000052e33750a0135750a0030c0051e103c0a0e10ee085e0014084e201e0cce4
OBJD-T: 0c30a0e1efffff8a

----------------
IN: uli2a
0x0000e8b8:  
OBJD-T: 0030a0e30030cce57080bde8

----------------
IN: tfp_format
0x0000ed98:  
OBJD-T: 00b08de50830a0e10520a0e10710a0e10600a0e1d8feffeb

----------------
IN: putchw
0x0000e914:  
OBJD-T: f0412de90170a0e118509de5000053e33080a0132080a0030110d5e40060a0e1
OBJD-T: 000051e31d00000a

----------------
IN: putchw
0x0000e93c:  
OBJD-T: 000052e3150000da

----------------
IN: putchw
0x0000e99c:  
OBJD-T: 0600a0e137ff2fe1

----------------
IN: putchw
0x0000e9a4:  
OBJD-T: 0110d5e4000051e3faffff1a

----------------
IN: putchw
0x0000e9b0:  
OBJD-T: f081bde8

----------------
IN: tfp_format
0x0000edb0:  
OBJD-T: 18ffffea

----------------
IN: main
0x00008094:  
OBJD-T: 0c029fe50410a0e100008fe06e1b00eb

----------------
IN: main
0x000080a4:  
OBJD-T: 00029fe5051044e000008fe06a1b00eb

----------------
IN: tfp_format
0x0000eb48:  
OBJD-T: 0120d4e47a0052e3b0ffff8a

----------------
IN: tfp_format
0x0000eb54:  
OBJD-T: 570052e3edffff9a

----------------
IN: tfp_format
0x0000eb5c:  
OBJD-T: 583042e2220053e303f18f90

----------------
IN: tfp_format
0x0000eb9c:  
OBJD-T: 290000ea

----------------
IN: tfp_format
0x0000ec48:  
OBJD-T: 04009ae40020a0e30a10a0e3000050e32d30a0b3000060b21430cdb50b30a0a1
OBJD-T: 15308db2f9feffeb

----------------
IN: tfp_format
0x0000ec70:  
OBJD-T: 00b08de50830a0e10520a0e10710a0e10600a0e122ffffeb

----------------
IN: tfp_format
0x0000ec88:  
OBJD-T: 62ffffea

----------------
IN: main
0x000080b4:  
OBJD-T: 2000a0e3cf1200eb

----------------
IN: main
0x000080bc:  
OBJD-T: 0070a0e12000a0e3cc1200eb

----------------
IN: main
0x000080c8:  
OBJD-T: 000050e3000057130060a0e10190a0030090a0136000000a

----------------
IN: main
0x000080e0:  
OBJD-T: c8019fe500008fe05c1b00eb

----------------
IN: main
0x000080ec:  
OBJD-T: c0319fe508c08de203308fe00f0093e80f008ce80c10a0e11020a0e30700a0e1
OBJD-T: 8b1300eb

----------------
IN: memcpy
0x0000cf40:  
OBJD-T: 000052e31eff2f01

----------------
IN: memcpy
0x0000cf48:  
OBJD-T: 02c081e0013040e20120d1e40c0051e10120e3e5fbffff1a

----------------
IN: memcpy
0x0000cf50:  
OBJD-T: 0120d1e40c0051e10120e3e5fbffff1a

----------------
IN: memcpy
0x0000cf60:  
OBJD-T: 1eff2fe1

----------------
IN: main
0x00008110:  
OBJD-T: a0319fe51020a0e30710a0e10500a0e1033098e7003093e504308de588319fe5
OBJD-T: 033098e700308de50930a0e1b82000eb

----------------
IN: unified_decrypt
0x00010424:  
OBJD-T: f0472de920709de524809de5000058e3000057130190a0030090a013000050e3
OBJD-T: 01908903000059e38500001a

----------------
IN: unified_decrypt
0x00010450:  
OBJD-T: 0050a0e101a0a0e11c0090e50260a0e10340a0e1000050e30400000a

----------------
IN: unified_decrypt
0x00010480:  
OBJD-T: 189095e5000059e30800000a

----------------
IN: unified_decrypt
0x000104b0:  
OBJD-T: 00005ae3000056135400001a

----------------
IN: unified_decrypt
0x00010610:  
OBJD-T: c0009fe500008fe010faffeb

----------------
IN: unified_decrypt
0x0001061c:  
OBJD-T: 0600a0e175f1ffeb

----------------
IN: unified_decrypt
0x00010624:  
OBJD-T: 1c0085e5000050e31c00000a

----------------
IN: unified_decrypt
0x00010630:  
OBJD-T: 0a10a0e10620a0e140f2ffeb

----------------
IN: unified_decrypt
0x0001063c:  
OBJD-T: 98009fe50610a0e100008fe004faffeb

----------------
IN: tfp_format
0x0000eb10:  
OBJD-T: 620000ea

----------------
IN: tfp_format
0x0000eca0:  
OBJD-T: 0130d4e4750053e35affff1a

----------------
IN: tfp_format
0x0000ecac:  
OBJD-T: 0a30a0e104e093e408308de509005ee30130a0e36200009a

----------------
IN: tfp_format
0x0000ecc4:  
OBJD-T: 0a10a0e3910303e01ef332e7090052e3fbffff8a

----------------
IN: tfp_format
0x0000ecd8:  
OBJD-T: 000053e35d00000a

----------------
IN: tfp_format
0x0000ece0:  
OBJD-T: 0c808de500a0a0e30b80a0e102c0a0e1050000ea

----------------
IN: tfp_format
0x0000ed0c:  
OBJD-T: 992381e000205ae20800a0e10120a01301a08ae293ec6ee0090053e301208293
OBJD-T: 00005ce3012082c330c08ce2a111a0e1000052e3ebffff1a

----------------
IN: tfp_format
0x0000ecf4:  
OBJD-T: 01c0c0e4090053e30080a0e14700009a

----------------
IN: tfp_format
0x0000ed04:  
OBJD-T: 1ef13ce70130a0e1992381e000205ae20800a0e10120a01301a08ae293ec6ee0
OBJD-T: 090053e30120829300005ce3012082c330c08ce2a111a0e1000052e3ebffff1a

----------------
IN: tfp_format
0x0000ee24:  
OBJD-T: 0c809de508a09de50010a0e30010c0e50830a0e100b08de50520a0e10710a0e1
OBJD-T: 0600a0e1b1feffeb

----------------
IN: tfp_format
0x0000ee4c:  
OBJD-T: f1feffea

----------------
IN: unified_decrypt
0x0001064c:  
OBJD-T: bcffffea

----------------
IN: unified_decrypt
0x00010544:  
OBJD-T: 7c019fe5fe2a0ce3be2a4be3ef1e0be3ad1e4de300008fe03ffaffeb

----------------
IN: tfp_format
0x0000ebf8:  
OBJD-T: 0ae0a0e3020000ea

----------------
IN: tfp_format
0x0000ec0c:  
OBJD-T: 7130efe6610042e2090053e341c042e2373042e20130a091f5ffff9a

----------------
IN: tfp_format
0x0000ec00:  
OBJD-T: 0120d4e49e3525e0301042e27130efe6610042e2090053e341c042e2373042e2
OBJD-T: 0130a091f5ffff9a

----------------
IN: tfp_format
0x0000ec28:  
OBJD-T: 050050e3573042920100009a

----------------
IN: tfp_format
0x0000ec34:  
OBJD-T: 05005ce388ffff8a

----------------
IN: tfp_format
0x0000ea88:  
OBJD-T: cf0000ea

----------------
IN: tfp_format
0x0000edcc:  
OBJD-T: 04009ae4582042e2122f6fe10b30a0e11010a0e3a222a0e19bfeffeb

----------------
IN: tfp_format
0x0000ede8:  
OBJD-T: a0ffffea

----------------
IN: putchw
0x0000e944:  
OBJD-T: 0530a0e1010000ea

----------------
IN: putchw
0x0000e954:  
OBJD-T: 0100d3e40240a0e1012042e2000050e3f8ffff1a

----------------
IN: putchw
0x0000e94c:  
OBJD-T: 000052e31100000a

----------------
IN: putchw
0x0000e968:  
OBJD-T: 000052e3024044e20900000a

----------------
IN: unified_decrypt
0x00010560:  
OBJD-T: 64019fe500008fe03cfaffeb

----------------
IN: unified_decrypt
0x0001056c:  
OBJD-T: 0820a0e10710a0e10500a0e171e7ffeb

----------------
IN: decrypt_memory
0x0000a344:  
OBJD-T: f0432de90070a0e1e8009fe514d04de2e4809fe50250a0e100008fe00160a0e1
OBJD-T: 08808fe0bc1200eb

----------------
IN: decrypt_memory
0x0000a36c:  
OBJD-T: 205087e50600a0e10040a0e30510a0e10c408de525f9ffeb

----------------
IN: iobuf_temp_with_content
0x0000881c:  
OBJD-T: 70402de90040a0e10100a0e30160a0e1ccffffeb

----------------
IN: iobuf_alloc
0x00008764:  
OBJD-T: 0030a0e130402de90cd04de298009fe5030053e304108de50020a08300008fe0
OBJD-T: 0310a0e10120a0930350a0e1b21900eb

----------------
IN: tfp_format
0x0000eab8:  
OBJD-T: 620000ea

----------------
IN: uli2a
0x0000e90c:  
OBJD-T: 00e0a0e1daffffea

----------------
IN: iobuf_alloc
0x00008794:  
OBJD-T: 04309de5000053e31500000a

----------------
IN: iobuf_alloc
0x000087a0:  
OBJD-T: 4810a0e30100a0e3d31100eb

----------------
IN: xcalloc
0x0000cefc:  
OBJD-T: 000050e370402de90300000a

----------------
IN: xcalloc
0x0000cf08:  
OBJD-T: 902183e0000053e30050a0130700001a

----------------
IN: xcalloc
0x0000cf18:  
OBJD-T: 910004e00400a0e135ffffeb

----------------
IN: xcalloc
0x0000cf24:  
OBJD-T: 005050e20200000a

----------------
IN: xcalloc
0x0000cf2c:  
OBJD-T: 0420a0e10010a0e3bfffffeb

----------------
IN: xcalloc
0x0000cf38:  
OBJD-T: 0500a0e17080bde8

----------------
IN: iobuf_alloc
0x000087ac:  
OBJD-T: 0040a0e104009de50050c4e5a71100eb

----------------
IN: xmalloc
0x0000ce5c:  
OBJD-T: 010050e370402de90040a0210140a0330400a0e161ffffeb

----------------
IN: xmalloc
0x0000ce74:  
OBJD-T: 005050e20400000a

----------------
IN: xmalloc
0x0000ce7c:  
OBJD-T: 0420a0e10010a0e3ebffffeb

----------------
IN: xmalloc
0x0000ce88:  
OBJD-T: 0500a0e17080bde8

----------------
IN: iobuf_alloc
0x000087bc:  
OBJD-T: 50209fe50010a0e304309de502208fe0143084e5003092e5200084e50400a0e1
OBJD-T: 441084e5013083e2381084e5003082e5403084e50cd08de23080bde8

----------------
IN: iobuf_temp_with_content
0x00008830:  
OBJD-T: 0050a0e144009fe5141095e500008fe0861900eb

----------------
IN: iobuf_temp_with_content
0x00008844:  
OBJD-T: 000056e30900000a

----------------
IN: iobuf_temp_with_content
0x0000884c:  
OBJD-T: 061084e0013044e2011041e2014064e2032084e001e0f3e520c095e5010053e1
OBJD-T: 02e0cce7f9ffff1a

----------------
IN: iobuf_temp_with_content
0x0000885c:  
OBJD-T: 032084e001e0f3e520c095e5010053e102e0cce7f9ffff1a

----------------
IN: iobuf_temp_with_content
0x00008874:  
OBJD-T: 1c6085e50500a0e17080bde8

----------------
IN: decrypt_memory
0x0000a384:  
OBJD-T: 006050e22900000a

----------------
IN: decrypt_memory
0x0000a38c:  
OBJD-T: b0509fe50410a0e10400a0e105508fe052ffffeb

----------------
IN: translate_file_handle
0x0000a0ec:  
OBJD-T: 1eff2fe1

----------------
IN: decrypt_memory
0x0000a3a0:  
OBJD-T: 0510a0e151faffeb

----------------
IN: iobuf_fdopen
0x00008cf0:  
OBJD-T: 0130a0e17710a0e3f0432de90070a0e1dc609fe514d04de20300a0e10080a0e3
OBJD-T: 06608fe0ea1000eb

----------------
IN: strchr
0x0000d0c4:  
OBJD-T: 7110efe60030a0e10020d3e50300a0e1013083e2010052e11eff2f01

----------------
IN: strchr
0x0000d0e0:  
OBJD-T: 000052e3f8ffff1a

----------------
IN: strchr
0x0000d0cc:  
OBJD-T: 0020d3e50300a0e1013083e2010052e11eff2f01

----------------
IN: strchr
0x0000d0e8:  
OBJD-T: 0200a0e11eff2fe1

----------------
IN: iobuf_fdopen
0x00008d18:  
OBJD-T: 000050e3021aa0e30200a0130800a0010190a0e38cfeffeb

----------------
IN: uli2a
0x0000e8a0:  
OBJD-T: 0c0051e10540a0e11200009a

----------------
IN: uli2a
0x0000e8ac:  
OBJD-T: 03c0a0e130e08ee201e0cce40030a0e30030cce57080bde8

----------------
IN: iobuf_fdopen
0x00008d30:  
OBJD-T: 0050a0e14c00a0e3471000eb

----------------
IN: iobuf_fdopen
0x00008d3c:  
OBJD-T: a4109fe50720a0e1007080e5367080e201108fe00040a0e1109080e5048080e5
OBJD-T: 0700a0e1511800eb

----------------
IN: tfp_sprintf
0x0000eeac:  
OBJD-T: 0e002de93c109fe504e02de510d04de201108fe018308de214209de504008de5
OBJD-T: 04008de20c308de5bffeffeb

----------------
IN: putcp
0x0000e9c4:  
OBJD-T: 003090e5012083e2002080e50010c3e51eff2fe1

----------------
IN: tfp_sprintf
0x0000eed8:  
OBJD-T: 04309de50020a0e30020c3e510d08de204e09de40cd08de21eff2fe1

----------------
IN: iobuf_fdopen
0x00008d64:  
OBJD-T: 80309fe50910a0e10400a0e10820a0e1033096e7304085e52c3085e50c308de2
OBJD-T: 00308de50830a0e177fdffeb

----------------
IN: file_filter
0x00008370:  
OBJD-T: f0412de9030051e318609de50040a0e14cc19fe50350a0e1007096e50cc08fe0
OBJD-T: 0d00000a

----------------
IN: file_filter
0x00008394:  
OBJD-T: 040051e30700000a

----------------
IN: file_filter
0x0000839c:  
OBJD-T: 010051e31800000a

----------------
IN: file_filter
0x00008408:  
OBJD-T: 0030a0e30c3080e50300a0e1043084e5083084e5b433c4e1f081bde8

----------------
IN: iobuf_fdopen
0x00008d90:  
OBJD-T: 58309fe5033096e7003093e5080053e10700000a

----------------
IN: iobuf_fdopen
0x00008dc4:  
OBJD-T: 0030a0e30120a0e30310a0e30500a0e1aafeffeb

----------------
IN: iobuf_ioctl
0x00008884:  
OBJD-T: f04f2de90040a0e118049fe50150a0e114849fe534d04de200008fe00260a0e1
OBJD-T: 08808fe00370a0e16b1900eb

----------------
IN: iobuf_ioctl
0x000088b0:  
OBJD-T: 010055e35700000a

----------------
IN: iobuf_ioctl
0x000088b8:  
OBJD-T: 020055e33900000a

----------------
IN: iobuf_ioctl
0x000088c0:  
OBJD-T: 030055e39700000a

----------------
IN: iobuf_ioctl
0x00008b28:  
OBJD-T: 84319fe5033098e7003093e5000053e31c00000a

----------------
IN: iobuf_ioctl
0x00008bb0:  
OBJD-T: 000054e3f9ffff1a

----------------
IN: iobuf_ioctl
0x00008ba0:  
OBJD-T: 3c3094e5000053e30300000a

----------------
IN: iobuf_ioctl
0x00008bbc:  
OBJD-T: f8209fe52c1094e5022098e7020051e10300a001302094050860820583ffff0a

----------------
IN: iobuf_ioctl
0x000089ec:  
OBJD-T: 34d08de2f08fbde8

----------------
IN: iobuf_fdopen
0x00008dd8:  
OBJD-T: 0500a0e114d08de2f083bde8

----------------
IN: decrypt_memory
0x0000a3a8:  
OBJD-T: 0510a0e10400a0e1c2f8ffeb

----------------
IN: fd_cache_open
0x000086c0:  
OBJD-T: 70402de90040a0e190009fe50150a0e10410a0e100008fe0e01900eb

----------------
IN: tfp_format
0x0000eaf4:  
OBJD-T: 940000ea

----------------
IN: tfp_format
0x0000ed4c:  
OBJD-T: 04309ae40520a0e10710a0e10600a0e100308de50030a0e3eafeffeb

----------------
IN: tfp_format
0x0000ed68:  
OBJD-T: 2affffea

----------------
IN: fd_cache_open
0x000086dc:  
OBJD-T: 2b10a0e30500a0e1761200eb

----------------
IN: fd_cache_open
0x000086e8:  
OBJD-T: 000050e31000000a

----------------
IN: fd_cache_open
0x00008734:  
OBJD-T: 7710a0e30500a0e1601200eb

----------------
IN: fd_cache_open
0x00008740:  
OBJD-T: 006050e2eeffff0a

----------------
IN: fd_cache_open
0x00008704:  
OBJD-T: 6210a0e30500a0e16c1200eb

----------------
IN: fd_cache_open
0x00008710:  
OBJD-T: 000050e3b62100e3016886130400a0e10610a0e17040bde8811200ea

----------------
IN: open
0x0000d134:  
OBJD-T: 0e002de940109fe530402de90040a0e101108fe0e8ffffeb

----------------
IN: strcmp
0x0000d0f0:  
OBJD-T: 0030d0e5000053e30020d1050300001a

----------------
IN: strcmp
0x0000d110:  
OBJD-T: 01c0a0e10120d1e4030052e1f8ffff0a

----------------
IN: strcmp
0x0000d120:  
OBJD-T: 020043e01eff2fe1

----------------
IN: open
0x0000d14c:  
OBJD-T: 000050e30100a0030600000a

----------------
IN: open
0x0000d158:  
OBJD-T: 24109fe50400a0e101108fe0e1ffffeb

----------------
IN: open
0x0000d168:  
OBJD-T: 000050e20100a013000060e23040bde80cd08de21eff2fe1

----------------
IN: decrypt_memory
0x0000a3b4:  
OBJD-T: 0090a0e10400a0e10d1800eb

----------------
IN: strlen
0x000103f8:  
OBJD-T: 0030d0e5000053e3

----------------
IN: strlen
0x00010400:  
OBJD-T: 0500000a

----------------
IN: strlen
0x00010404:  
OBJD-T: 0030a0e10120f3e5000052e3fcffff1a

----------------
IN: strlen
0x00010408:  
OBJD-T: 0120f3e5000052e3fcffff1a

----------------
IN: strlen
0x00010414:  
OBJD-T: 000043e01eff2fe1

----------------
IN: decrypt_memory
0x0000a3c0:  
OBJD-T: 380080e2a40a00eb

----------------
IN: decrypt_memory
0x0000a3c8:  
OBJD-T: 009080e50050a0e1104080e50410a0e1360080e21e0b00eb

----------------
IN: strcpy
0x0000d05c:  
OBJD-T: 010040e20130d1e40130e0e5000053e3fbffff1a

----------------
IN: strcpy
0x0000d060:  
OBJD-T: 0130d1e40130e0e5000053e3fbffff1a

----------------
IN: strcpy
0x0000d070:  
OBJD-T: 1eff2fe1

----------------
IN: decrypt_memory
0x0000a3e0:  
OBJD-T: 0400a0e1740b00eb

----------------
IN: xstrdup
0x0000d1bc:  
OBJD-T: 10402de9f0ffffeb

----------------
IN: strdup
0x0000d188:  
OBJD-T: 70402de90060a0e1980c00eb

----------------
IN: strdup
0x0000d194:  
OBJD-T: 015080e20500a0e196feffeb

----------------
IN: strdup
0x0000d1a0:  
OBJD-T: 004050e20200000a

----------------
IN: strdup
0x0000d1a8:  
OBJD-T: 0520a0e10610a0e162ffffeb

----------------
IN: strdup
0x0000d1b4:  
OBJD-T: 0400a0e17080bde8

----------------
IN: xstrdup
0x0000d1c4:  
OBJD-T: 000050e31080bd18

----------------
IN: decrypt_memory
0x0000a3e8:  
OBJD-T: 58309fe50110a0e3380086e50420a0e1033098e70500a0e1

----------------
IN: decrypt_memory
0x0000a400:  
OBJD-T: 2c3086e50c308de2081085e5305086e500308de50430a0e1d4f7ffeb

----------------
IN: decrypt_memory
0x0000a41c:  
OBJD-T: 0620a0e10410a0e10700a0e10f1b00eb

----------------
IN: proc_encryption_packets
0x0001106c:  
OBJD-T: f0412de90050a0e16000a0e30160a0e10270a0e189efffeb

----------------
IN: xmalloc_clear
0x0000ceac:  
OBJD-T: 70402de90050a0e150ffffeb

----------------
IN: xmalloc_clear
0x0000ceb8:  
OBJD-T: 004050e20400000a

----------------
IN: xmalloc_clear
0x0000cec0:  
OBJD-T: 0520a0e10010a0e3daffffeb

----------------
IN: xmalloc_clear
0x0000cecc:  
OBJD-T: 0400a0e17080bde8

----------------
IN: proc_encryption_packets
0x00011084:  
OBJD-T: 005080e50040a0e10130a0e30720a0e1143084e50410a0e1046084e50500a0e1
OBJD-T: 70feffeb

----------------
IN: do_proc_packets
0x00010a6c:  
OBJD-T: f04f2de90050a0e1180090e544d04de20140a0e10280a0e1000050e30d00000a

----------------
IN: do_proc_packets
0x00010ac4:  
OBJD-T: 1c0095e5000050e3b800000a

----------------
IN: do_proc_packets
0x00010ad0:  
OBJD-T: 48feffeb

----------------
IN: do_proc_packets
0x00010ad4:  
OBJD-T: 016080e20600a0e146f0ffeb

----------------
IN: do_proc_packets
0x00010ae0:  
OBJD-T: 340084e5000050e30200000a

----------------
IN: do_proc_packets
0x00010aec:  
OBJD-T: 1c1095e50620a0e111f1ffeb

----------------
IN: do_proc_packets
0x00010af8:  
OBJD-T: 203095e50490a0e11c3084e50030a0e3049099e5013083e2000059e3fbffff1a

----------------
IN: do_proc_packets
0x00010b18:  
OBJD-T: 200053e3be0000ca

----------------
IN: do_proc_packets
0x00010b20:  
OBJD-T: a0749fe50800a0e39ca49fe5caf0ffeb

----------------
IN: do_proc_packets
0x00010b30:  
OBJD-T: 408084e50050a0e10090c0e528608de228808de584849fe584349fe507708fe0
OBJD-T: 0aa08fe008808fe003308fe0049080e518308de52c90cde530908de534908de5
OBJD-T: 38908de53c908de59f3700e30720a0e10510a0e10600a0e11bf7ffeb

----------------
IN: dbg_parse_packet
0x0000e7fc:  
OBJD-T: f0402de9

----------------
IN: dbg_parse_packet
0x0000e800:  
OBJD-T: 1cd04de20060a0e10150a0e114708de20040a0e308408de50030a0e304408de5
OBJD-T: 0320a0e100708de50510a0e10600a0e166faffeb

----------------
IN: parse.constprop.0
0x0000d1d0:  
OBJD-T: f04f2de99cd04de2004090e5008053e20c108de50270a0e1c0209de50030a0e3
OBJD-T: 0060a0e1003082e50700000a

----------------
IN: parse.constprop.0
0x0000d21c:  
OBJD-T: 103094e5000053e30300001a

----------------
IN: parse.constprop.0
0x0000d228:  
OBJD-T: 183094e51c2094e5020053e13600003a

----------------
IN: parse.constprop.0
0x0000d314:  
OBJD-T: 082094e5201094e5012082e2082084e5012083e2182084e50330d1e72c30cde5
OBJD-T: 0300a0e1800010e3c5ffff1a

----------------
IN: parse.constprop.0
0x0000d258:  
OBJD-T: 403010e210308de53f00001a

----------------
IN: parse.constprop.0
0x0000d264:  
OBJD-T: 033000e24001a0e1030053e30f8000e2c100000a

----------------
IN: parse.constprop.0
0x0000d278:  
OBJD-T: 10509de501a0a0e32db08de21a33a0e10a9083e00a0000ea

----------------
IN: parse.constprop.0
0x0000d2bc:  
OBJD-T: 103094e50400a0e10554a0e1000053e30400001a

----------------
IN: parse.constprop.0
0x0000d2d0:  
OBJD-T: 183094e51c2094e5020053e1012083e2eaffff3a

----------------
IN: parse.constprop.0
0x0000d290:  
OBJD-T: 182084e5082094e5201094e5012082e2082084e50300d1e7055080e101a08ae2
OBJD-T: 0a0059e10100cbe43e00000a

----------------
IN: parse.constprop.0
0x0000d3b8:  
OBJD-T: c4309de5000053e30000581301a0a01300a0a0036100001a

----------------
IN: parse.constprop.0
0x0000d3d0:  
OBJD-T: 0db048e21bbf6fe1abb2a0e1020057e30030a01301300b02000053e39300001a

----------------
IN: parse.constprop.0
0x0000d3f0:  
OBJD-T: c8309de5013003e2000058e301308303

----------------
IN: parse.constprop.0
0x0000d400:  
OBJD-T: 14308de5000053e32701001a

----------------
IN: parse.constprop.0
0x0000d40c:  
OBJD-T: 000057e30e0058130200000a

----------------
IN: parse.constprop.0
0x0000d424:  
OBJD-T: 143096e56c2d9fe56c0d9fe5013083e2143086e502208fe00c309de5081192e7
OBJD-T: 0820a0e10080c3e500008fe0820600eb

----------------
IN: parse.constprop.0
0x0000d454:  
OBJD-T: 10209de5033048e2002052e20120a013100053e303f18f90

----------------
IN: parse.constprop.0
0x0000d470:  
OBJD-T: 1d0100ea

----------------
IN: parse.constprop.0
0x0000d8ec:  
OBJD-T: 030055e38002009a

----------------
IN: parse.constprop.0
0x0000d8f4:  
OBJD-T: 103094e5000053e3b001001a

----------------
IN: parse.constprop.0
0x0000d900:  
OBJD-T: 183094e51c2094e5020053e1ac01002a

----------------
IN: parse.constprop.0
0x0000d910:  
OBJD-T: 082094e5201094e5012082e2082084e5012083e2182084e503b0d1e704304be2
OBJD-T: 017045e2010053e39003008a

----------------
IN: parse.constprop.0
0x0000d93c:  
OBJD-T: c80057e39a03008a

----------------
IN: parse.constprop.0
0x0000d944:  
OBJD-T: 10a094e500005ae3e601001a

----------------
IN: parse.constprop.0
0x0000d950:  
OBJD-T: 1c3094e5181094e50320a0e1030051e1e101002a

----------------
IN: parse.constprop.0
0x0000d964:  
OBJD-T: 080094e505005be320c094e502804512010080e2080084e5010081e2180084e5
OBJD-T: 0110dce710108de55603000a

----------------
IN: parse.constprop.0
0x0000d990:  
OBJD-T: 181094e50320a0e1020051e1e401002a

----------------
IN: parse.constprop.0
0x0000d9a0:  
OBJD-T: 083094e5200094e5013083e2083084e5013081e2183084e50170d0e7030052e1
OBJD-T: d601009a

----------------
IN: parse.constprop.0
0x0000d9c4:  
OBJD-T: 082094e5201094e5012082e2082084e5012083e2182084e50330d1e718308de5
OBJD-T: 010057e3025048e24b03000a

----------------
IN: parse.constprop.0
0x0000d9f0:  
OBJD-T: 030057e37002000a

----------------
IN: parse.constprop.0
0x0000e3bc:  
OBJD-T: 0930a0e3030055e1f400003a

----------------
IN: parse.constprop.0
0x0000e3c8:  
OBJD-T: 033045e0032047e2122f6fe11b0083e220308de5a222a0e114208de5b0faffeb

----------------
IN: parse.constprop.0
0x0000e3e8:  
OBJD-T: 0c109de50230c7e3040081e5010053e310109de520209de5

----------------
IN: parse.constprop.0
0x0000e400:  
OBJD-T: 0110c0e518109de51c008de500b0c0e502a0c0e5047080e50810c0e50c208de5
OBJD-T: 3200001a

----------------
IN: parse.constprop.0
0x0000e424:  
OBJD-T: 24608de5082080e20560a0e10250a0e1130000ea

----------------
IN: parse.constprop.0
0x0000e488:  
OBJD-T: 103094e50400a0e1000053e30400001a

----------------
IN: parse.constprop.0
0x0000e498:  
OBJD-T: 183094e51c1094e5010053e1011083e2e2ffff3a

----------------
IN: parse.constprop.0
0x0000e438:  
OBJD-T: 181084e5081094e5200094e5011081e2081084e50330d0e70130e5e5fe3f0fe3
OBJD-T: ff3f4fe3011046e2013043e0083083e0070053e30030a0c30130a0d3000051e3
OBJD-T: 0030a003000053e36400000a

----------------
IN: parse.constprop.0
0x0000e484:  
OBJD-T: 0160a0e1103094e50400a0e1000053e30400001a

----------------
IN: parse.constprop.0
0x0000e618:  
OBJD-T: 14308de5030057e30650a0e10150a01124609de5afffff1a

----------------
IN: parse.constprop.0
0x0000e630:  
OBJD-T: 103094e5000053e36900001a

----------------
IN: parse.constprop.0
0x0000e63c:  
OBJD-T: 183094e51c2094e5020053e16500002a

----------------
IN: parse.constprop.0
0x0000e64c:  
OBJD-T: 082094e5201094e5012082e2082084e5012083e2182084e50330d1e71c209de5
OBJD-T: 025045e2143082e50130a0e314308de59bffffea

----------------
IN: parse.constprop.0
0x0000e4f0:  
OBJD-T: 2030dde51c209de5000053e31830c2e52a00000a

----------------
IN: parse.constprop.0
0x0000e5b0:  
OBJD-T: 18309de50b10a0e194031fe504308de50a30a0e100008fe010209de500708de5
OBJD-T: 220200eb

----------------
IN: parse.constprop.0
0x0000e5d4:  
OBJD-T: 0c309de5000053e33600001a

----------------
IN: parse.constprop.0
0x0000e5e0:  
OBJD-T: 14309de5000053e308fdff0a

----------------
IN: parse.constprop.0
0x0000e5ec:  
OBJD-T: 1c309de5c8031fe5142093e500008fe02232a0e10f1002e2063083e2101081e2
OBJD-T: 1113a0e1120200eb

----------------
IN: tfp_format
0x0000ebe0:  
OBJD-T: 890000ea

----------------
IN: tfp_format
0x0000ee0c:  
OBJD-T: 04009ae40b30a0e10020a0e30a10a0e38dfeffeb

----------------
IN: tfp_format
0x0000ee20:  
OBJD-T: 92ffffea

----------------
IN: parse.constprop.0
0x0000e614:  
OBJD-T: fdfcffea

----------------
IN: parse.constprop.0
0x0000da10:  
OBJD-T: 0510a0e10400a0e10020a0e3b3f1ffeb

----------------
IN: iobuf_skip_rest
0x0000a0f0:  
OBJD-T: 000052e370402de90040a0e13100001a

----------------
IN: iobuf_skip_rest
0x0000a100:  
OBJD-T: 000051e30150a0e17080bd08

----------------
IN: parse.constprop.0
0x0000da20:  
OBJD-T: 0610a0e10000a0e3fcf3ffeb

----------------
IN: free_packet.localalias
0x0000aa20:  
OBJD-T: 000050e310402de90140a0e10200000a

----------------
IN: free_packet.localalias
0x0000aa3c:  
OBJD-T: 000054e31080bd08

----------------
IN: free_packet.localalias
0x0000aa44:  
OBJD-T: 083094e5000053e31080bd08

----------------
IN: parse.constprop.0
0x0000da2c:  
OBJD-T: c4079fe50910a0e100008fe0080500eb

----------------
IN: parse.constprop.0
0x0000da3c:  
OBJD-T: 0910a0e12c008de2e3f1ffeb

----------------
IN: log_hexdump
0x0000a1d8:  
OBJD-T: f04f2de90060a0e13c019fe50170a0e12cd04de200008fe01a1300eb

----------------
IN: log_hexdump
0x0000a1f4:  
OBJD-T: 000057e3410000da

----------------
IN: log_hexdump
0x0000a1fc:  
OBJD-T: 24319fe500a0a0e320919fe520819fe520519fe503308fe004308de513308de2
OBJD-T: 09908fe008808fe005508fe008308de514308de20c308de504009de5100057e3
OBJD-T: 0a10a0e100b0a0e30740a0b11040a0a3031300eb

----------------
IN: tfp_format
0x0000eb14:  
OBJD-T: 000052e30800000a

----------------
IN: tfp_format
0x0000eb1c:  
OBJD-T: 250052e3bcffff1a

----------------
IN: log_hexdump
0x0000a250:  
OBJD-T: 060000ea

----------------
IN: log_hexdump
0x0000a270:  
OBJD-T: 01001be32700000a

----------------
IN: log_hexdump
0x0000a318:  
OBJD-T: 0900a0e1cf1200eb

----------------
IN: log_hexdump
0x0000a320:  
OBJD-T: d4ffffea

----------------
IN: log_hexdump
0x0000a278:  
OBJD-T: 07001be32200000a

----------------
IN: log_hexdump
0x0000a30c:  
OBJD-T: 0800a0e1d21200eb

----------------
IN: log_hexdump
0x0000a314:  
OBJD-T: d9ffffea

----------------
IN: log_hexdump
0x0000a280:  
OBJD-T: 0b0054e10500a0e1f1ffffca

----------------
IN: log_hexdump
0x0000a254:  
OBJD-T: dc009fe50b10d6e701b08be200008fe0fd1200eb

----------------
IN: tfp_format
0x0000eb08:  
OBJD-T: af0000ea

----------------
IN: log_hexdump
0x0000a268:  
OBJD-T: 10005be30a00000a

----------------
IN: putchw
0x0000e974:  
OBJD-T: 0810a0e10600a0e137ff2fe1

----------------
IN: putchw
0x0000e980:  
OBJD-T: 000054e3014044e2f9ffffca

----------------
IN: putchw
0x0000e98c:  
OBJD-T: 18309de50010d3e5000051e3f081bd08

----------------
IN: log_hexdump
0x0000a28c:  
OBJD-T: 01b08be2f21200eb

----------------
IN: log_hexdump
0x0000a294:  
OBJD-T: 10005be3f4ffff1a

----------------
IN: log_hexdump
0x0000a29c:  
OBJD-T: 98009fe500008fe0ed1200eb

----------------
IN: log_hexdump
0x0000a2a8:  
OBJD-T: 08109de5012046e204c082e00130f2e5200043e25e0050e32e30a0830c0052e1
OBJD-T: 0130e1e5f8ffff1a

----------------
IN: log_hexdump
0x0000a2b4:  
OBJD-T: 0130f2e5200043e25e0050e32e30a0830c0052e10130e1e5f8ffff1a

----------------
IN: log_hexdump
0x0000a2d0:  
OBJD-T: 68009fe5283084e203308de00020a0e300008fe00c109de5047047e0142043e5
OBJD-T: 046086e0d91200eb

----------------
IN: log_hexdump
0x0000a2f8:  
OBJD-T: 04a08ae0000057e3cbffffca

----------------
IN: log_hexdump
0x0000a304:  
OBJD-T: 2cd08de2f08fbde8

----------------
IN: parse.constprop.0
0x0000da48:  
OBJD-T: 63ffffea

----------------
IN: parse.constprop.0
0x0000d7dc:  
OBJD-T: 283094e5000053e30000a0032200a0139cd08de2f08fbde8

----------------
IN: dbg_parse_packet
0x0000e834:  
OBJD-T: 14309de5003053e20130a013000050e30030a013000053e3f0ffff1a

----------------
IN: dbg_parse_packet
0x0000e850:  
OBJD-T: 1cd08de2f080bde8

----------------
IN: do_proc_packets
0x00010b8c:  
OBJD-T: 010070e3b500000a

----------------
IN: do_proc_packets
0x00010b94:  
OBJD-T: 000050e3bc00001a

----------------
IN: do_proc_packets
0x00010b9c:  
OBJD-T: 143094e5000053e32b00000a

----------------
IN: do_proc_packets
0x00010ba8:  
OBJD-T: 0020d5e5033042e2110053e303f18f90

----------------
IN: do_proc_packets
0x00010bbc:  
OBJD-T: 100000ea

----------------
IN: do_proc_packets
0x00010c04:  
OBJD-T: 049095e5000059e38d00000a

----------------
IN: do_proc_packets
0x00010c10:  
OBJD-T: 2cb094e500005be3b200000a

----------------
IN: do_proc_packets
0x00010ee8:  
OBJD-T: 10219fe510119fe510019fe50130d9e502208fe001108fe000008fe01c308de5
OBJD-T: d4f7ffeb

----------------
IN: do_proc_packets
0x00010f0c:  
OBJD-T: f8009fe50220a0e3341094e500008fe0382084e5cef7ffeb

----------------
IN: do_proc_packets
0x00010f24:  
OBJD-T: 1c309de50b20a0e108b08de5041089e204b08de50300a0e100b08de5343094e5
OBJD-T: 10308de5303094e50c308de50130a0e337feffeb

----------------
IN: passphrase_to_dek
0x00010838:  
OBJD-T: f0432de914d04de20040a0e10250a0e1e8019fe50170a0e138609de500008fe0
OBJD-T: 40809de57ff9ffeb

----------------
IN: passphrase_to_dek
0x00010860:  
OBJD-T: 000056e30030a0e30c608d02000055e3003086e50300000a

----------------
IN: passphrase_to_dek
0x00010888:  
OBJD-T: 2400a0e386f1ffeb

----------------
IN: passphrase_to_dek
0x00010890:  
OBJD-T: 103097e51020a0e3004080e5000058e3042080e50f4003e22332a0e10060a0e1
OBJD-T: 024084e0063083e21443a0e14100000a

----------------
IN: passphrase_to_dek
0x000108c0:  
OBJD-T: 74019fe50810a0e1055087e200008fe062f9ffeb

----------------
IN: passphrase_to_dek
0x000108d4:  
OBJD-T: 0800a0e1c6feffeb

----------------
IN: passphrase_to_dek
0x000108dc:  
OBJD-T: 019080e20900a0e1c4f0ffeb

----------------
IN: passphrase_to_dek
0x000108e8:  
OBJD-T: 0c0086e50920a0e10810a0e191f1ffeb

----------------
IN: passphrase_to_dek
0x000108f8:  
OBJD-T: 40019fe500008fe056f9ffeb

----------------
IN: passphrase_to_dek
0x00010904:  
OBJD-T: 38019fe5001096e500008fe052f9ffeb

----------------
IN: passphrase_to_dek
0x00010914:  
OBJD-T: 2c019fe5041096e500008fe04ef9ffeb

----------------
IN: passphrase_to_dek
0x00010924:  
OBJD-T: 20019fe50410a0e100008fe04af9ffeb

----------------
IN: passphrase_to_dek
0x00010934:  
OBJD-T: 14019fe500008fe047f9ffeb

----------------
IN: passphrase_to_dek
0x00010940:  
OBJD-T: 043096e5000053e30a0000da

----------------
IN: passphrase_to_dek
0x0001094c:  
OBJD-T: 00819fe50040a0e308808fe00c3096e50800a0e10410d3e7014084e23cf9ffeb

----------------
IN: passphrase_to_dek
0x0001096c:  
OBJD-T: 043096e5040053e1f7ffffca

----------------
IN: passphrase_to_dek
0x00010958:  
OBJD-T: 0c3096e50800a0e10410d3e7014084e23cf9ffeb

----------------
IN: passphrase_to_dek
0x00010978:  
OBJD-T: d8009fe50d7087e2d4809fe500008fe008808fe033f9ffeb

----------------
IN: passphrase_to_dek
0x00010990:  
OBJD-T: c8009fe500008fe030f9ffeb

----------------
IN: passphrase_to_dek
0x0001099c:  
OBJD-T: 0110d5e40800a0e12df9ffeb

----------------
IN: passphrase_to_dek
0x000109a8:  
OBJD-T: 050057e1faffff1a

----------------
IN: passphrase_to_dek
0x000109b0:  
OBJD-T: ac009fe500008fe028f9ffeb

----------------
IN: passphrase_to_dek
0x000109bc:  
OBJD-T: 0600a0e114d08de2f083bde8

----------------
IN: do_proc_packets
0x00010f58:  
OBJD-T: 2c0084e5000050e32dffff0a

----------------
IN: do_proc_packets
0x00010f64:  
OBJD-T: 0230d9e50820d0e58330a0e15f20c2e31e3003e2413083e3023083e10830c0e5
OBJD-T: 24ffffea

----------------
IN: do_proc_packets
0x00010c1c:  
OBJD-T: 1010a0e30100a0e3b4f0ffeb

----------------
IN: do_proc_packets
0x00010c28:  
OBJD-T: 0130d9e5043080e50230d9e5133f6fe1a332a0e1083080e5483094e5502094e5
OBJD-T: 013083e2002080e5500084e5483084e50030d5e5020053e3130053130500000a

----------------
IN: do_proc_packets
0x00010c68:  
OBJD-T: 5c20d4e50b3043e2133f6fe1a332a0e19320c1e75c20c4e50190a0e3bbffffea

----------------
IN: do_proc_packets
0x00010b78:  
OBJD-T: 9f3700e30720a0e10510a0e10600a0e11bf7ffeb

----------------
IN: parse.constprop.0
0x0000d364:  
OBJD-T: 103094e53f8000e2000053e30300001a

----------------
IN: parse.constprop.0
0x0000d374:  
OBJD-T: 183094e51c2094e5020053e16b00003a

----------------
IN: parse.constprop.0
0x0000d534:  
OBJD-T: 082094e5201094e5012082e2082084e5012083e2182084e50330d1e70300a0e1
OBJD-T: 8fffffea

----------------
IN: parse.constprop.0
0x0000d398:  
OBJD-T: 2d30cde5bf0050e30050a0d10290a0d3490000ca

----------------
IN: parse.constprop.0
0x0000d4d4:  
OBJD-T: df0050e3350000ca

----------------
IN: parse.constprop.0
0x0000d5b4:  
OBJD-T: ff0050e38d00000a

----------------
IN: parse.constprop.0
0x0000d5bc:  
OBJD-T: 083048e20c0053e303f18f90

----------------
IN: parse.constprop.0
0x0000d5d0:  
OBJD-T: 380000ea

----------------
IN: parse.constprop.0
0x0000d6b8:  
OBJD-T: 7010efe60400a0e10290a0e30150a0e359f2ffeb

----------------
IN: iobuf_set_partial_body_length_mode
0x0000a034:  
OBJD-T: 70402de9005051e20040a0e11500001a

----------------
IN: iobuf_set_partial_body_length_mode
0x0000a09c:  
OBJD-T: 2010a0e30100a0e3940b00eb

----------------
IN: iobuf_set_partial_body_length_mode
0x0000a0a8:  
OBJD-T: 0030d4e50020a0e130109fe50100a0e3003082e50030a0e30c0082e50400a0e1
OBJD-T: 185082e501108fe07040bde8043082e5c1fbffea

----------------
IN: iobuf_push_filter
0x00008fe4:  
OBJD-T: 0030a0e383ffffea

----------------
IN: iobuf_push_filter2
0x00008dfc:  
OBJD-T: f0432de934d04de200c0d0e50390a0e1bc819fe50030a0e308308de502005ce3
OBJD-T: 08808fe00040a0e10150a0e10270a0e15c00000a

----------------
IN: iobuf_push_filter2
0x00008e30:  
OBJD-T: 443094e53f0053e3390000ca

----------------
IN: iobuf_push_filter2
0x00008e3c:  
OBJD-T: 4800a0e3051000eb

----------------
IN: iobuf_push_filter2
0x00008e44:  
OBJD-T: 4820a0e30410a0e10060a0e13a1000eb

----------------
IN: iobuf_push_filter2
0x00008e54:  
OBJD-T: 0020d4e50030a0e32c3084e5303084e5030052e3343084e5243084e52600000a

----------------
IN: iobuf_push_filter2
0x00008e74:  
OBJD-T: 010052e30030c405020aa0031400941514008405f30f00eb

----------------
IN: iobuf_push_filter2
0x00008e8c:  
OBJD-T: d820c6e13c6084e5446096e5023083e030219fe5016086e20c3084e50030a0e3
OBJD-T: 200084e5349084e52c5084e5307084e5446084e51c3084e5183084e5083084e5
OBJD-T: 043084e5103084e5028098e7002098e5030052e11500001a

----------------
IN: iobuf_push_filter2
0x00008ee4:  
OBJD-T: 000055e30600000a

----------------
IN: iobuf_push_filter2
0x00008eec:  
OBJD-T: 3c2094e508108de2300094e50030a0e300108de50110a0e335ff2fe1

----------------
IN: block_filter
0x00009898:  
OBJD-T: f84f2de9030051e328809de50050a0e102a0a0e10360a0e1004098e51b00000a

----------------
IN: block_filter
0x000098b8:  
OBJD-T: 040051e30600000a

----------------
IN: block_filter
0x000098c0:  
OBJD-T: 010051e34100000a

----------------
IN: block_filter
0x000099d0:  
OBJD-T: 0c3090e5000053e30030a013083080150400001a

----------------
IN: block_filter
0x000099f8:  
OBJD-T: 0030a0e31c3085e50390a0e1103085e50900a0e1143085e5f88fbde8

----------------
IN: iobuf_push_filter2
0x00008f08:  
OBJD-T: 34d08de2f083bde8

----------------
IN: parse.constprop.0
0x0000d6cc:  
OBJD-T: ceffffea

----------------
IN: parse.constprop.0
0x0000d60c:  
OBJD-T: c4309de5000053e30050a00301500512000055e301a0a00369ffff0a

----------------
IN: parse.constprop.0
0x0000d488:  
OBJD-T: 900000ea

----------------
IN: parse.constprop.0
0x0000d6d0:  
OBJD-T: ec0a9fe510208de500008fe0df0500eb

----------------
IN: parse.constprop.0
0x0000d6e0:  
OBJD-T: 1400a0e3dcfdffeb

----------------
IN: parse.constprop.0
0x0000d6e8:  
OBJD-T: 0c309de5120058e310209de50070a0e1040083e50030a0e3043080e5103080e5
OBJD-T: 0b30c0e5bc30c0e10a30c0150530a0110820c0e509a0c0e5cd02000a

----------------
IN: parse.constprop.0
0x0000d724:  
OBJD-T: 005055e20150a013090053e30050a083000055e30e03001a

----------------
IN: parse.constprop.0
0x0000d73c:  
OBJD-T: 845a9fe50310a0e1003087e505508fe00500a0e1c20500eb

----------------
IN: parse.constprop.0
0x0000d754:  
OBJD-T: 001097e5000051e3fc02001a

----------------
IN: parse.constprop.0
0x0000d760:  
OBJD-T: 640a9fe50710a0e100008fe0bb0500eb

----------------
IN: parse.constprop.0
0x0000d770:  
OBJD-T: 580a9fe50410a0e100008fe0b70500eb

----------------
IN: parse.constprop.0
0x0000d780:  
OBJD-T: 4c0a9fe50010a0e3104087e500008fe0b20500eb

----------------
IN: parse.constprop.0
0x0000d794:  
OBJD-T: 0610a0e10000a0e39ff4ffeb

----------------
IN: parse.constprop.0
0x0000d7a0:  
OBJD-T: 053048e2010053e301b08b9300005be35401000a

----------------
IN: parse.constprop.0
0x0000dd08:  
OBJD-T: 020058e311005813a7feff0a

----------------
IN: parse.constprop.0
0x0000dd14:  
OBJD-T: 44ffffea

----------------
IN: do_proc_packets
0x00010bd4:  
OBJD-T: 390000ea

----------------
IN: do_proc_packets
0x00010cc0:  
OBJD-T: 0a00a0e165f8ffeb

----------------
IN: do_proc_packets
0x00010cc8:  
OBJD-T: 0030d5e518209de5140053e3002092e50130a003543084050200000a

----------------
IN: do_proc_packets
0x00010ce4:  
OBJD-T: 120053e30130a00358308405000052e33200001a

----------------
IN: do_proc_packets
0x00010cf8:  
OBJD-T: 042095e524108de22c3094e5000094e500108de50410a0e167e6ffeb

----------------
IN: decrypt_data
0x0000a6b4:  
OBJD-T: f0472de930d04de20070a0e10060a0e334039fe50180a0e150909de50240a0e1
OBJD-T: 00008fe00350a0e1df1100eb

----------------
IN: decrypt_data
0x0000a6e0:  
OBJD-T: 006089e58010a0e30100a0e3600a00eb

----------------
IN: xtrycalloc
0x0000d074:  
OBJD-T: 000050e30000511370402de9910005e00200000a

----------------
IN: xtrycalloc
0x0000d088:  
OBJD-T: 15f030e7010050e10800001a

----------------
IN: xtrycalloc
0x0000d094:  
OBJD-T: 0500a0e1d7feffeb

----------------
IN: xtrycalloc
0x0000d09c:  
OBJD-T: 004050e20200000a

----------------
IN: xtrycalloc
0x0000d0a4:  
OBJD-T: 0520a0e10010a0e361ffffeb

----------------
IN: xtrycalloc
0x0000d0b0:  
OBJD-T: 0400a0e17080bde8

----------------
IN: decrypt_data
0x0000a6f0:  
OBJD-T: 060050e10c008de5be00000a

----------------
IN: decrypt_data
0x0000a6fc:  
OBJD-T: 781090e50130a0e3003080e5f4029fe500008fe0d21100eb

----------------
IN: decrypt_data
0x0000a714:  
OBJD-T: ec129fe51700a0e300608de501108fe0003095e50a20d4e5cb1100eb

----------------
IN: decrypt_data
0x0000a730:  
OBJD-T: 0b90d4e5000059e35700001a

----------------
IN: decrypt_data
0x0000a73c:  
OBJD-T: 003094e5013043e2080053e38200009a

----------------
IN: decrypt_data
0x0000a74c:  
OBJD-T: 0420a0e30910a0e10c008de2b60900eb

----------------
IN: decrypt_data
0x0000a75c:  
OBJD-T: 0c609de54000a0e3240900eb

----------------
IN: decrypt_data
0x0000a768:  
OBJD-T: 0c309de5040086e5040093e5000050e39e00000a

----------------
IN: decrypt_data
0x0000a77c:  
OBJD-T: 4020a0e30910a0e1ab0900eb

----------------
IN: decrypt_data
0x0000a788:  
OBJD-T: 0c309de5042095e5040093e50c1095e5370700eb

----------------
IN: _gcry_cipher_setkey
0x0000c47c:  
OBJD-T: 302080e2400080e210402de9041081e2033051e5044051e502e051e50338a0e1
OBJD-T: 01c051e5043c83e00e3483e00c3083e0043082e4020050e1f3ffff1a

----------------
IN: _gcry_cipher_setkey
0x0000c488:  
OBJD-T: 041081e2033051e5044051e502e051e50338a0e101c051e5043c83e00e3483e0
OBJD-T: 0c3083e0043082e4020050e1f3ffff1a

----------------
IN: _gcry_cipher_setkey
0x0000c4b8:  
OBJD-T: 0000a0e31080bde8

----------------
IN: decrypt_data
0x0000a79c:  
OBJD-T: 103094e50060a0e1000053e36300000a

----------------
IN: decrypt_data
0x0000a7ac:  
OBJD-T: 0c309de50910a0e10820a0e3040093e53f0700eb

----------------
IN: _gcry_cipher_setiv
0x0000c4c0:  
OBJD-T: 000051e300c0a0e310402de920c080e50200000a

----------------
IN: _gcry_cipher_setiv
0x0000c4e0:  
OBJD-T: 540200eb

----------------
IN: _gcry_cipher_setiv
0x0000c4e4:  
OBJD-T: 0000a0e31080bde8

----------------
IN: decrypt_data
0x0000a7c0:  
OBJD-T: 001094e5000051e30fa08d0219908d020900000a

----------------
IN: decrypt_data
0x0000a7fc:  
OBJD-T: 102094e5

----------------
IN: decrypt_data
0x0000a800:  
OBJD-T: 103092e50200a0e1000053e30400001a

----------------
IN: decrypt_data
0x0000a810:  
OBJD-T: 183092e51c1092e5010053e1011083e2ecffff3a

----------------
IN: decrypt_data
0x0000a824:  
OBJD-T: adfaffeb

----------------
IN: iobuf_readbyte
0x000092e0:  
OBJD-T: f0402de91cd04de2c4629fe50040a0e10c008de50000d0e506608fe0023040e2
OBJD-T: 010053e39e00009a

----------------
IN: iobuf_readbyte
0x00009308:  
OBJD-T: 043094e5000053e30d00001a

----------------
IN: iobuf_readbyte
0x00009314:  
OBJD-T: 181094e51c2094e5020051e10e00002a

----------------
IN: iobuf_readbyte
0x00009360:  
OBJD-T: 010050e3fbffff0a

----------------
IN: iobuf_readbyte
0x00009368:  
OBJD-T: 200094e5012042e01c2084e5011080e0160f00eb

----------------
IN: memmove
0x0000cfd8:  
OBJD-T: 010050e10b00009a

----------------
IN: memmove
0x0000d010:  
OBJD-T: 000052e31eff2f01

----------------
IN: iobuf_readbyte
0x0000937c:  
OBJD-T: 1c3094e50020a0e3182084e5020053e10a00000a

----------------
IN: iobuf_readbyte
0x000093bc:  
OBJD-T: 242094e5000052e31500000a

----------------
IN: iobuf_readbyte
0x00009420:  
OBJD-T: 282094e5000052e3caffff1a

----------------
IN: iobuf_readbyte
0x0000942c:  
OBJD-T: 2c5094e5000055e3c7ffff0a

----------------
IN: iobuf_readbyte
0x00009438:  
OBJD-T: 142094e5032042e010208de5000052e34200000a

----------------
IN: iobuf_readbyte
0x0000944c:  
OBJD-T: 202094e510108de2300094e5033082e03c2094e500108de50310a0e335ff2fe1

----------------
IN: block_filter
0x00009928:  
OBJD-T: 0400a0e14b1500eb

----------------
IN: block_filter
0x00009930:  
OBJD-T: 1c9095e5000059e30070a0130090e0131f00001a

----------------
IN: block_filter
0x00009944:  
OBJD-T: 000054e3ac01000a

----------------
IN: block_filter
0x0000994c:  
OBJD-T: 043095e5000053e30370a0e10970a0116700000a

----------------
IN: block_filter
0x00009b00:  
OBJD-T: 0c2095e5020052e34900000a

----------------
IN: block_filter
0x00009b0c:  
OBJD-T: 000052e392ffff0a

----------------
IN: block_filter
0x00009b14:  
OBJD-T: 183095e5000053e30f00000a

----------------
IN: block_filter
0x00009b20:  
OBJD-T: bf0053e30020a0e3182085e51b0000ca

----------------
IN: block_filter
0x00009ba0:  
OBJD-T: df0053e32f0000ca

----------------
IN: block_filter
0x00009c68:  
OBJD-T: ff0053e30400000a

----------------
IN: block_filter
0x00009c70:  
OBJD-T: 1f3003e20120a0e31233a0e1043085e536ffffea

----------------
IN: block_filter
0x00009960:  
OBJD-T: 0320a0e1000052e30610a0e10a00a0e16200000a

----------------
IN: block_filter
0x00009974:  
OBJD-T: 020054e104b0a03102b0a0210b20a0e10effffeb

----------------
IN: iobuf_read
0x000095c4:  
OBJD-T: f0412de90060a0e138019fe50270a0e1042096e50140a0e100008fe00710a0e1
OBJD-T: 1d1600eb

----------------
IN: iobuf_read
0x000095e8:  
OBJD-T: 0030d6e5023043e2010053e33f00009a

----------------
IN: iobuf_read
0x000095f8:  
OBJD-T: 045096e5000055e31100000a

----------------
IN: iobuf_read
0x0000964c:  
OBJD-T: 070055e11a00003a

----------------
IN: iobuf_read
0x000096c0:  
OBJD-T: 183096e51c2096e5058047e0020053e1031042e0e3ffff3a

----------------
IN: iobuf_read
0x00009668:  
OBJD-T: 010058e10180a021000054e3082083e01900000a

----------------
IN: iobuf_read
0x0000967c:  
OBJD-T: 201096e50400a0e1085085e00820a0e1031081e0084084e0290e00eb

----------------
IN: iobuf_read
0x00009698:  
OBJD-T: 183096e5050057e1083083e0183086e5e9ffff9a

----------------
IN: iobuf_read
0x00009654:  
OBJD-T: 083096e5053083e0083086e50500a0e1f081bde8

----------------
IN: block_filter
0x00009988:  
OBJD-T: 00005be1006086e06a0000da

----------------
IN: block_filter
0x00009b40:  
OBJD-T: 043095e5004054e0002043e0007087e00230a0e1042085e581ffff1a

----------------
IN: block_filter
0x00009b5c:  
OBJD-T: 98ffffea

----------------
IN: block_filter
0x000099c4:  
OBJD-T: 007088e50900a0e1f88fbde8

----------------
IN: iobuf_readbyte
0x0000946c:  
OBJD-T: 1c2094e5010070e310309de50050a0e1033082e01c3084e52d00001a

----------------
IN: iobuf_readbyte
0x00009540:  
OBJD-T: 000050e30200000a

----------------
IN: iobuf_readbyte
0x00009554:  
OBJD-T: 182094e5030052e191ffff3a

----------------
IN: iobuf_readbyte
0x000093a8:  
OBJD-T: 203094e5011082e2181084e50250d3e7ddffffea

----------------
IN: iobuf_readbyte
0x00009334:  
OBJD-T: 083094e5013083e2083084e50500a0e11cd08de2f080bde8

----------------
IN: decrypt_data
0x0000a828:  
OBJD-T: 010070e37000efe6eeffff1a

----------------
IN: decrypt_data
0x0000a7f0:  
OBJD-T: 0100eae509005ae10d00000a

----------------
IN: decrypt_data
0x0000a7d8:  
OBJD-T: 181082e5081092e5200092e5011081e2081082e50300d0e70100eae509005ae1
OBJD-T: 0d00000a

----------------
IN: decrypt_data
0x0000a834:  
OBJD-T: 0c309de50a20a0e310108de2040093e50030a0e300308de5b20800eb

----------------
IN: _gcry_cipher_decrypt
0x0000cb1c:  
OBJD-T: f0412de90060a0e118709de50350a0e160009fe50180a0e1203096e50710a0e1
OBJD-T: 00008fe00240a0e1c50800eb

----------------
IN: _gcry_cipher_decrypt
0x0000cb48:  
OBJD-T: 000055e30d00000a

----------------
IN: _gcry_cipher_decrypt
0x0000cb88:  
OBJD-T: 0470a0e10850a0e1f5ffffea

----------------
IN: _gcry_cipher_decrypt
0x0000cb6c:  
OBJD-T: 18708de50530a0e10420a0e10810a0e10600a0e1f041bde89dfeffea

----------------
IN: _gcry_cipher_cfb_decrypt
0x0000c600:  
OBJD-T: f04f2de90070a0e1e4049fe554d04de2e0649fe5014047e200008fe0075087e2
OBJD-T: 18108de51c308de50130a0e378109de520208de5090a00eb

----------------
IN: _gcry_cipher_cfb_decrypt
0x0000c638:  
OBJD-T: bc049fe506608fe000008fe0050a00eb

----------------
IN: _gcry_cipher_cfb_decrypt
0x0000c648:  
OBJD-T: 0110f4e50600a0e1020a00eb

----------------
IN: _gcry_cipher_cfb_decrypt
0x0000c654:  
OBJD-T: 040055e1faffff1a

----------------
IN: _gcry_cipher_cfb_decrypt
0x0000c65c:  
OBJD-T: 9c049fe500008fe0fd0900eb

----------------
IN: _gcry_cipher_cfb_decrypt
0x0000c668:  
OBJD-T: 78309de520209de5020053e10040e0837400008a

----------------
IN: _gcry_cipher_cfb_decrypt
0x0000c67c:  
OBJD-T: 203097e578209de5020053e10201002a

----------------
IN: _gcry_cipher_cfb_decrypt
0x0000c68c:  
OBJD-T: 000053e3dc00001a

----------------
IN: _gcry_cipher_cfb_decrypt
0x0000c694:  
OBJD-T: 78309de50f0053e36e00008a

----------------
IN: _gcry_cipher_cfb_decrypt
0x0000c6a0:  
OBJD-T: 78309de5070053e378409d953100009a

----------------
IN: _gcry_cipher_cfb_decrypt
0x0000c6b0:  
OBJD-T: 4c049fe50030a0e320209de530508de200008fe028608de278109de534849fe5
OBJD-T: e20900eb

----------------
IN: _gcry_cipher_cfb_decrypt
0x0000c6d4:  
OBJD-T: 78309de50820a0e308808fe00710a0e1100087e2084043e256feffeb

----------------
IN: cipher_block_cpy
0x0000c04c:  
OBJD-T: 080052e3f0412de90040a0e10150a0e10100a0e11700000a

----------------
IN: cipher_block_cpy
0x0000c0c4:  
OBJD-T: cdffffeb

----------------
IN: buf_get_le32
0x0000c000:  
OBJD-T: 000050e31eff2f01

----------------
IN: buf_get_le32
0x0000c008:  
OBJD-T: 0010d0e50120d0e50230d0e503c0d0e50308a0e10c0c80e1010080e1020480e1
OBJD-T: 1eff2fe1

----------------
IN: cipher_block_cpy
0x0000c0c8:  
OBJD-T: 0060a0e1040085e2caffffeb

----------------
IN: cipher_block_cpy
0x0000c0d4:  
OBJD-T: 0050a0e10610a0e10400a0e1d1ffffeb

----------------
IN: buf_put_le32
0x0000c02c:  
OBJD-T: 21cca0e12128a0e12134a0e103c0c0e50220c0e50130c0e50010c0e51eff2fe1

----------------
IN: cipher_block_cpy
0x0000c0e4:  
OBJD-T: 0510a0e1040084e2f041bde8cdffffea

----------------
IN: _gcry_cipher_cfb_decrypt
0x0000c6f0:  
OBJD-T: 0710a0e10500a0e1aeffffeb

----------------
IN: blockFromBytes
0x0000c5b8:  
OBJD-T: 00c0a0e30130a0e304e02de50ce0a0e1010000ea

----------------
IN: blockFromBytes
0x0000c5d4:  
OBJD-T: 012043e2030052e30020d1e50ee48291f8ffff9a

----------------
IN: blockFromBytes
0x0000c5cc:  
OBJD-T: 013083e2011081e2012043e2030052e30020d1e50ee48291f8ffff9a

----------------
IN: blockFromBytes
0x0000c5e8:  
OBJD-T: 0cc482e1080053e3f5ffff1a

----------------
IN: blockFromBytes
0x0000c5f4:  
OBJD-T: 00e080e504c080e504f09de4

----------------
IN: _gcry_cipher_cfb_decrypt
0x0000c6fc:  
OBJD-T: 34209de50800a0e130109de5d40900eb

----------------
IN: _gcry_cipher_cfb_decrypt
0x0000c70c:  
OBJD-T: 0030a0e30600a0e100308de5301087e20c0095e896ffffeb

----------------
IN: encrypt
0x0000c580:  
OBJD-T: 10402de910d04de20040a0e118c09de504c08de508c08de20c008ce80030a0e3
OBJD-T: 00308de50c009ce835f9ffeb

----------------
IN: run
0x0000aa84:  
OBJD-T: f04f2de975df4de2f0cf9fe50050a0e360008de5a0008de20cc08fe00140a0e1
OBJD-T: 0c0080e8a4309de5a8008de26c208de51020a0e370308de564c08de574008de5
OBJD-T: a8508de5045080e5085080e50c5080e5190900eb

----------------
IN: run
0x0000aad8:  
OBJD-T: fc319de5b8508de5050053e1b8308de2bc508de5c0508de5c4508de578308de5
OBJD-T: 2c04001a

----------------
IN: run
0x0000aafc:  
OBJD-T: 844f9fe58020a0e3803f9fe50010a0e304408fe0150e8de203308fe07c308de5
OBJD-T: 80408de5c40800eb

----------------
IN: run
0x0000ab24:  
OBJD-T: 64209de5603f9fe5039092e75c3f9fe503a092e7583f9fe5038092e7543f9fe5
OBJD-T: 03b092e70030a0e31c308de5162e8de238308de5c8308de268308de50f3084e2
OBJD-T: 84308de50a30a0e118208de509a0a0e10390a0e1fc319de5000053e38303001a

----------------
IN: run
0x0000ab84:  
OBJD-T: fc219de5b630dde5a8109de5000052e3b420dde503319ae7022199e7023023e0
OBJD-T: b720dde5013023e0022198e7023023e0b520dde502219be7023023e0b320dde5
OBJD-T: 022198e7026023e0b130dde5261ca0e1b0209de503319be75654e7e7023023e0
OBJD-T: 01219ae720108de5023023e0052199e75618e7e7023023e07620efe6

----------------
IN: run
0x0000ac00:  
OBJD-T: 30108de5011198e724208de502219be7013023e0022023e0b230dde57200efe6
OBJD-T: 34108de503119ae7b4309de552c4e7e7031021e000319ae73c208de5031021e0
OBJD-T: 0230a0e1bc208de55228e7e728008de52cc08de5b8608de544208de50c0199e7
OBJD-T: 001021e040008de5230ca0e1023198e700219be7031021e04c208de5022021e0
OBJD-T: 48008de55204e7e7b010dde500719ae75208e7e7011199e700c199e754008de5
OBJD-T: ac009de550208de5001021e00200a0e1c0208de57220efe6071021e00c1021e0
OBJD-T: 58c08de520cca0e1020198e75cc08de5001021e00c019be7004021e0c4408de5
OBJD-T: dc03001a

----------------
IN: run
0x0000ace4:  
OBJD-T: 40109de518e09de5031021e05c009de50130a0e14c109de500019ae7013023e0
OBJD-T: 037027e02c309de554109de503319be7011198e72c308de5023199e7fc219de5
OBJD-T: 037027e05434e7e7000052e30c700ee503c19ae728309de52c709de5033198e7
OBJD-T: 05e19ae7073023e005719be758509de50e3023e0053023e018e09de5003023e0
OBJD-T: 10300ee524309de534009de5033198e7242ca0e1073023e0031021e020309de5
OBJD-T: 40708de503319be7030020e07430efe600c02ce0033199e702019ae703c02ce0
OBJD-T: 5438e7e7001021e0033199e7031021e008100ee502319be703c02ce01c309de5
OBJD-T: 04c00ee5032083e2e303001a

----------------
IN: run
0x0000add0:  
OBJD-T: 40309de52c209de5036026e044309de503319ae7032022e00230a0e120209de5
OBJD-T: 022198e7023023e028209de5022199e7023023e048209de5022198e7023023e0
OBJD-T: 50209de5023023e030209de5230ca0e102e19ae73c209de553c8e7e70e2022e0
OBJD-T: a8308de502e0a0e124209de5021199e7fc219de5017024e0000052e35324e7e7
OBJD-T: 7330efe6021199e700219ae703319be7026026e00c2198e7016026e0062022e0
OBJD-T: 032022e05258e7e77230efe6ac208de503319ae724108de503e02ee05234e7e7
OBJD-T: 222ca0e1033199e702119be703e02ee028308de5053198e70e3023e0013023e0
OBJD-T: 5344e7e77310efe653e8e7e7016198e704119ae7b0308de5071021e00e7199e7
OBJD-T: 233ca0e1071021e0016026e003119be7016026e0b4608de57f03001a

----------------
IN: run
0x0000aeec:  
OBJD-T: 000199e70cc19ae73c008de5b700dde505119ae734c08de500c198e7b400dde5
OBJD-T: 40108de530008de50060a0e1a810dde5b000dde5022199e720008de5b570dde5
OBJD-T: 01019ae706619be744208de50c0020e0ac20dde52cc08de507c198e7011198e7
OBJD-T: 06c02ce002619ae702219be7061021e028609de5fc519de5061021e020609de5
OBJD-T: 000055e3b650dde506619be7062022e040609de5062022e044609de5066022e0
OBJD-T: 05219be7020020e024209de5020020e0052199e70c2022e034c09de50c2022e0
OBJD-T: 3cc09de50c2022e018c09de504208ce503c198e703319ae70c1021e0030020e0
OBJD-T: 0e319be718209de5031021e0043198e7081082e5063023e00c3082e51c309de5
OBJD-T: 000082e5041083e2072083e2e203001a

----------------
IN: run
0x0000affc:  
OBJD-T: 2c309de5

----------------
IN: run
0x0000b000:  
OBJD-T: 0e219ae7fce19de50c3023e005019ae703c0a0e130309de500005ee3a8e09de5
OBJD-T: 035199e70ec02ce007719be700c02ce005c02ce00c7027e004119be727eca0e1
OBJD-T: b0009de557c4e7e7001021e00e019ae75748e7e7001021e00c0199e724c08de5
OBJD-T: 77c0efe6001021e03c008de5040198e728c08de5001021e00c019be720309de5
OBJD-T: 000021e0b4109de570c0efe620e08de550e4e7e7021021e00c219ae744c08de5
OBJD-T: 0ec199e7021021e034208de55028e7e70c1021e04cc08de520cca0e1033199e7
OBJD-T: 30408de540008de5bc008de550208de5b8708de548e08de52cc08de5020198e7
OBJD-T: ac409de5001021e00c019be7034024e0001021e05124e7e77160efe65158e7e7
OBJD-T: 02319ae754108de5034024e0c0108de5213ca0e1051199e7014024e0061198e7
OBJD-T: 014024e003119be7014024e0c4408de56e03001a

----------------
IN: run
0x0000b134:  
OBJD-T: 50c09de548e09de54c009de534109de50cc19ae70ee19be7001021e034e08de5
OBJD-T: 30009de502e198e730c08de5fc219de503c198e75434e7e7000052e358108de5
OBJD-T: 032198e728309de500019ae703119ae73c309de54c008de5013023e006619be7
OBJD-T: 0310a0e120309de5033199e7003023e0023023e07420efe630009de502219be7
OBJD-T: 023023e02c209de53c308de5022199e7002022e034009de5002022e00e2022e0
OBJD-T: 062022e018609de5240ca0e11c2086e505219ae705519be7021021e05428e7e7
OBJD-T: 02e19be724209de558309de5022198e7032022e00c2022e0052022e0182086e5
OBJD-T: 002198e73c309de5021021e0002199e701e02ee0023023e0143086e51c309de5
OBJD-T: 10e086e5081083e20b2083e21503001a

----------------
IN: run
0x0000b244:  
OBJD-T: 34309de530109de54c209de5031021e040309de5023023e020209de5022198e7
OBJD-T: 021021e044209de5022199e7021021e02c209de5022198e7021021e054209de5
OBJD-T: 021021e024209de551c8e7e702e19be728209de50c5198e7022199e75104e7e7
OBJD-T: 024024e0fc219de507e02ee0a8108de5000052e3212ca0e17110efe620508de5
OBJD-T: 02c19ae701119be70ce02ee000c199e70ec02ce005c02ce001c02ce05ce8e7e7
OBJD-T: 7c10efe6acc08de501119ae70e5198e7013023e05c14e7e72ccca0e124508de5
OBJD-T: 0ce19be701c199e70c3023e0053023e00e3023e053c4e7e7b0308de50c519ae7
OBJD-T: 53c8e7e7054024e00cc199e70c4024e028c08de573c0efe6233ca0e10cc198e7
OBJD-T: 0c4024e003c19be70c4024e0b4408de5af02001a

----------------
IN: run
0x0000b358:  
OBJD-T: 01c19be700019be7b510dde502219be730008de501019ae7b410dde5ac70dde5
OBJD-T: 011199e734208de5b020dde5010020e02cc08de5071198e702c199e7077199e7
OBJD-T: a860dde507c02ce005c02ce024509de5fc419de505c02ce018509de5000054e3
OBJD-T: 0ec02ce024c085e506c19ae7b640dde5b720dde50c1021e028c09de504e199e7
OBJD-T: 02219ae701c02ce0061198e70e2022e0012022e030109de520e09de5012022e0
OBJD-T: 04119be7001021e0

----------------
IN: run
0x0000b400:  
OBJD-T: 34009de50e1021e0001021e02c1085e503119ae7033198e70c1021e02cc09de5
OBJD-T: 032022e01c309de50c1021e0201085e50c1083e2282085e50f2083e2f401001a

----------------
IN: run
0x0000b440:  
OBJD-T: 38309de5010053e31c309de5103083e21c308de518309de5403083e218308de5
OBJD-T: 4601001a

----------------
IN: run
0x0000b980:  
OBJD-T: 0130a0e338308de5fc319de5000053e37bfcff0a

----------------
IN: run
0x0000b464:  
OBJD-T: 4020a0e30010a0e3cc008de2700600eb

----------------
IN: run
0x0000b474:  
OBJD-T: 6c309de54020a0e30010a0e3110e8de2c8308de56a0600eb

----------------
IN: run
0x0000b48c:  
OBJD-T: fc319de5000053e3c101001a

----------------
IN: run
0x0000b498:  
OBJD-T: 64209de5437f8de2f8359fe50140a0e368509de5033092e770609de520308de5
OBJD-T: e4359fe5033092e724308de5dc359fe5033092e728308de5d4359fe5033092e7
OBJD-T: 18708de52c308de5ab3a0ae3aa3a4ae31c308de5bc359fe503308fe034308de5
OBJD-T: b4359fe503308fe038308de5210000ea

----------------
IN: run
0x0000b590:  
OBJD-T: f8319de5018044e2000053e3fc319de5107064120870a001000053e31d3e8de2
OBJD-T: 073183e010b087e2809013e51d3e8de20b3183e0803013e51fa003e21e00001a

----------------
IN: run
0x0000b5d0:  
OBJD-T: 1c309de5932783e00320a0e3a330a0e1927363e0010053e37600000a

----------------
IN: run
0x0000b5ec:  
OBJD-T: 020053e3c4ffff1a

----------------
IN: run
0x0000b508:  
OBJD-T: 069089e020a06ae224209de5799aa0e15938e7e720109de5033192e7292ca0e1
OBJD-T: 022191e728109de5023023e05924e7e77990efe6022191e7023043e02c209de5
OBJD-T: 092192e7023083e0002095e5046085e50460a0e1023023e018209de5043082e5
OBJD-T: 18309de5014084e2110054e3045085e2043083e218308de52b01000a

----------------
IN: run
0x0000b584:  
OBJD-T: 1d3e8de2066183e0c46016e5f8319de5018044e2000053e3fc319de510706412
OBJD-T: 0870a001000053e31d3e8de2073183e010b087e2809013e51d3e8de20b3183e0
OBJD-T: 803013e51fa003e21e00001a

----------------
IN: run
0x0000b7c8:  
OBJD-T: 069029e020a06ae228209de5799aa0e15934e7e720109de5033192e7292ca0e1
OBJD-T: 022191e724109de5023083e05928e7e77990efe6022191e7

----------------
IN: run
0x0000b800:  
OBJD-T: 023043e02c209de5092192e7023023e04effffea

----------------
IN: run
0x0000b550:  
OBJD-T: 002095e5046085e50460a0e1023023e018209de5043082e518309de5014084e2
OBJD-T: 110054e3045085e2043083e218308de52b01000a

----------------
IN: run
0x0000b5f4:  
OBJD-T: fc319de5067049e0000053e320306ae27773a0e1b000001a

----------------
IN: run
0x0000b60c:  
OBJD-T: 5738e7e724209de520109de5033192e7272ca0e1022191e728109de5023083e0
OBJD-T: 5724e7e77770efe6022191e7023023e02c209de5072192e7023043e0c0ffffea

----------------
IN: run
0x0000ba34:  
OBJD-T: fc319de54c519de508419de5000053e30500001a

----------------
IN: run
0x0000ba48:  
OBJD-T: 60309de5005083e50300a0e1044083e575df8de2f08fbde8

----------------
IN: encrypt
0x0000c5ac:  
OBJD-T: 0400a0e110d08de21080bde8

----------------
IN: _gcry_cipher_cfb_decrypt
0x0000c724:  
OBJD-T: 030096e80720a0e10060a0e10190a0e1030085e87cffffeb

----------------
IN: bytesFromBlock
0x0000c530:  
OBJD-T: 0710c2e508d04de221c4a0e108308de206c0c2e5030003e90030a0e12108a0e1
OBJD-T: 23c4a0e1211ca0e10500c2e50330c2e52308a0e1233ca0e10410c2e502c0c2e5
OBJD-T: 0100c2e50030c2e508d08de21eff2fe1

----------------
IN: _gcry_cipher_cfb_decrypt
0x0000c73c:  
OBJD-T: 0920a0e10610a0e10800a0e1c40900eb

----------------
IN: _gcry_cipher_cfb_decrypt
0x0000c74c:  
OBJD-T: 1c309de50710a0e10320a0e1083083e21c308de518309de50300a0e1083083e2
OBJD-T: 18308de50830a0e3e2feffeb

----------------
IN: cipher_block_xor_n_copy
0x0000c304:  
OBJD-T: 04e02de50cd04de200308de50230a0e10120a0e10310a0e174ffffeb

----------------
IN: cipher_block_xor_n_copy_2
0x0000c0f4:  
OBJD-T: f84f2de90080a0e128c09de50190a0e10270a0e103a0a0e108005ce30040a013
OBJD-T: 1200000a

----------------
IN: cipher_block_xor_n_copy_2
0x0000c164:  
OBJD-T: 0300a0e104b087e2a3ffffeb

----------------
IN: cipher_block_xor_n_copy_2
0x0000c170:  
OBJD-T: 0030a0e104008ae203a0a0e19fffffeb

----------------
IN: cipher_block_xor_n_copy_2
0x0000c180:  
OBJD-T: 0060a0e10700a0e19cffffeb

----------------
IN: cipher_block_xor_n_copy_2
0x0000c18c:  
OBJD-T: 0050a0e10b00a0e199ffffeb

----------------
IN: cipher_block_xor_n_copy_2
0x0000c198:  
OBJD-T: 0040a0e10900a0e196ffffeb

----------------
IN: cipher_block_xor_n_copy_2
0x0000c1a4:  
OBJD-T: 005025e0040089e293ffffeb

----------------
IN: cipher_block_xor_n_copy_2
0x0000c1b0:  
OBJD-T: 004024e00510a0e10800a0e19affffeb

----------------
IN: cipher_block_xor_n_copy_2
0x0000c1c0:  
OBJD-T: 0410a0e1040088e297ffffeb

----------------
IN: cipher_block_xor_n_copy_2
0x0000c1cc:  
OBJD-T: 0a10a0e10700a0e194ffffeb

----------------
IN: cipher_block_xor_n_copy_2
0x0000c1d8:  
OBJD-T: 0610a0e10b00a0e1f84fbde890ffffea

----------------
IN: cipher_block_xor_n_copy
0x0000c320:  
OBJD-T: 0cd08de204f09de4

----------------
IN: _gcry_cipher_cfb_decrypt
0x0000c778:  
OBJD-T: 000054e33300000a

----------------
IN: _gcry_cipher_cfb_decrypt
0x0000c780:  
OBJD-T: 84039fe50410a0e1203097e538508de220209de528808de200008fe00090a0e3
OBJD-T: 68639fe5ad0900eb

----------------
IN: _gcry_cipher_cfb_decrypt
0x0000c7a8:  
OBJD-T: 0820a0e30710a0e106608fe0100087e223feffeb

----------------
IN: _gcry_cipher_cfb_decrypt
0x0000c7bc:  
OBJD-T: 0710a0e10500a0e17bffffeb

----------------
IN: _gcry_cipher_cfb_decrypt
0x0000c7c8:  
OBJD-T: 3c209de50600a0e138109de5a10900eb

----------------
IN: _gcry_cipher_cfb_decrypt
0x0000c7d8:  
OBJD-T: 00908de50800a0e10c0095e8301087e264ffffeb

----------------
IN: _gcry_cipher_cfb_decrypt
0x0000c7ec:  
OBJD-T: 030098e80720a0e10080a0e101a0a0e1030085e8

----------------
IN: _gcry_cipher_cfb_decrypt
0x0000c800:  
OBJD-T: 4affffeb

----------------
IN: _gcry_cipher_cfb_decrypt
0x0000c804:  
OBJD-T: 0a20a0e10810a0e10600a0e1920900eb

----------------
IN: _gcry_cipher_cfb_decrypt
0x0000c814:  
OBJD-T: 1c209de5083064e218009de50710a0e1203087e50430a0e10940a0e1aafeffeb

----------------
IN: buf_xor_n_copy
0x0000c2e0:  
OBJD-T: 04e02de50cd04de200308de50230a0e10120a0e10310a0e1baffffeb

----------------
IN: buf_xor_n_copy_2
0x0000c1e8:  
OBJD-T: f04f2de914d04de20050a0e10160a0e138c09de50370a0e100208de503005ce3
OBJD-T: 3200009a

----------------
IN: buf_xor_n_copy_2
0x0000c2d8:  
OBJD-T: 38309de5eeffffea

----------------
IN: buf_xor_n_copy_2
0x0000c29c:  
OBJD-T: 000053e30a00000a

----------------
IN: buf_xor_n_copy_2
0x0000c2a4:  
OBJD-T: 00209de5033085e0012042e20110f2e501c0d6e40100d7e40c1021e00110c5e4
OBJD-T: 030055e10000c2e5f7ffff1a

----------------
IN: buf_xor_n_copy_2
0x0000c2b0:  
OBJD-T: 0110f2e501c0d6e40100d7e40c1021e00110c5e4030055e10000c2e5f7ffff1a

----------------
IN: buf_xor_n_copy_2
0x0000c2d0:  
OBJD-T: 14d08de2f08fbde8

----------------
IN: buf_xor_n_copy
0x0000c2fc:  
OBJD-T: 0cd08de204f09de4

----------------
IN: _gcry_cipher_cfb_decrypt
0x0000c834:  
OBJD-T: 0710a0e10500a0e15dffffeb

----------------
IN: _gcry_cipher_cfb_decrypt
0x0000c840:  
OBJD-T: 3c209de50600a0e138109de5830900eb

----------------
IN: _gcry_cipher_cfb_decrypt
0x0000c850:  
OBJD-T: 0400a0e154d08de2f08fbde8

----------------
IN: decrypt_data
0x0000a850:  
OBJD-T: 0c309de5040093e5230700eb

----------------
IN: cipher_sync
0x0000c4ec:  
OBJD-T: 202090e5000052e31eff2f01

----------------
IN: cipher_sync
0x0000c4f8:  
OBJD-T: 10402de90040a0e1020080e00410a0e1082062e2b10200eb

----------------
IN: memmove
0x0000cfe0:  
OBJD-T: 023081e0000053e10800009a

----------------
IN: memmove
0x0000d018:  
OBJD-T: 02c081e0013040e20120d1e401005ce10120e3e5fbffff1a

----------------
IN: memmove
0x0000d020:  
OBJD-T: 0120d1e401005ce10120e3e5fbffff1a

----------------
IN: memmove
0x0000d030:  
OBJD-T: 1eff2fe1

----------------
IN: cipher_sync
0x0000c510:  
OBJD-T: 202094e50400a0e1021044e0181081e2860200eb

----------------
IN: cipher_sync
0x0000c524:  
OBJD-T: 0030a0e3203084e51080bde8

----------------
IN: decrypt_data
0x0000a85c:  
OBJD-T: 0830d5e5400013e31300000a

----------------
IN: decrypt_data
0x0000a868:  
OBJD-T: 1620dde51830dde5030052e10300001a

----------------
IN: decrypt_data
0x0000a878:  
OBJD-T: 1720dde51930dde5030052e10b00000a

----------------
IN: decrypt_data
0x0000a8b8:  
OBJD-T: 50019fe500008fe0661100eb

----------------
IN: decrypt_data
0x0000a8c4:  
OBJD-T: 0c209de5100094e5003092e550c0d2e538119fe5013083e2003082e50930d4e5
OBJD-T: 01108fe0003053e20130a01313c0c0e750c0c2e5003094e5783082e5b7f9ffeb

----------------
IN: decode_filter
0x0000a498:  
OBJD-T: f0472de908d04de20050a0e10140a0e128909de50270a0e1e4019fe50360a0e1
OBJD-T: 002099e500008fe0783095e5651200eb

----------------
IN: decode_filter
0x0000a4c8:  
OBJD-T: 030054e30400000a

----------------
IN: decode_filter
0x0000a4d0:  
OBJD-T: 020054e30000a0134600000a

----------------
IN: decode_filter
0x0000a4dc:  
OBJD-T: 08d08de2f087bde8

----------------
IN: decrypt_data
0x0000a904:  
OBJD-T: 102094e50810a0e10700a0e1bf1900eb

----------------
IN: proc_packets
0x00011014:  
OBJD-T: f0412de90050a0e144009fe50160a0e10270a0e100008fe08bf7ffeb

----------------
IN: proc_packets
0x00011030:  
OBJD-T: 6000a0e39cefffeb

----------------
IN: proc_packets
0x00011038:  
OBJD-T: 005080e50010a0e1046080e50040a0e10720a0e10500a0e185feffeb

----------------
IN: do_proc_packets
0x00010b08:  
OBJD-T: 049099e5013083e2000059e3fbffff1a

----------------
IN: parse.constprop.0
0x0000d238:  
OBJD-T: 0400a0e127f0ffeb

----------------
IN: decode_filter
0x0000a4e4:  
OBJD-T: 5040d5e506a014e26300001a

----------------
IN: decode_filter
0x0000a4f0:  
OBJD-T: a8019fe5008099e500008fe0571200eb

----------------
IN: decode_filter
0x0000a500:  
OBJD-T: 9c019fe500008fe0541200eb

----------------
IN: decode_filter
0x0000a50c:  
OBJD-T: 5030d5e5014013e22400001a

----------------
IN: decode_filter
0x0000a5ac:  
OBJD-T: f4009fe50820a0e10a10a0e100008fe0271200eb

----------------
IN: tfp_format
0x0000ee50:  
OBJD-T: 0e20a0e1a1ffffea

----------------
IN: tfp_format
0x0000ecc8:  
OBJD-T: 910303e01ef332e7090052e3fbffff8a

----------------
IN: decode_filter
0x0000a5c0:  
OBJD-T: 000058e30a40a0110300001a

----------------
IN: decode_filter
0x0000a5dc:  
OBJD-T: 042048e00700a0e1041086e0f5fbffeb

----------------
IN: iobuf_read
0x000096ac:  
OBJD-T: 0030a0e30130c4e4015085e2070055e1e4ffff2a

----------------
IN: iobuf_read
0x000096d8:  
OBJD-T: 000054e3f2ffff1a

----------------
IN: decode_filter
0x0000a5ec:  
OBJD-T: 010070e3f6ffff1a

----------------
IN: decode_filter
0x0000a5d0:  
OBJD-T: 004084e0040058e10b00009a

----------------
IN: decode_filter
0x0000a60c:  
OBJD-T: 040095e5000050e30300000a

----------------
IN: decode_filter
0x0000a618:  
OBJD-T: 8c009fe500008fe00e1200eb

----------------
IN: decode_filter
0x0000a624:  
OBJD-T: 040095e50050a0e30610a0e100508de50530a0e10420a0e1360900eb

----------------
IN: _gcry_cipher_cfb_decrypt
0x0000c85c:  
OBJD-T: b0029fe530a087e2a331a0e100008fe00340a0e10c308de5790900eb

----------------
IN: _gcry_cipher_cfb_decrypt
0x0000c878:  
OBJD-T: 98029fe50410a0e100008fe0750900eb

----------------
IN: _gcry_cipher_cfb_decrypt
0x0000c888:  
OBJD-T: 020054e38f00000a

----------------
IN: _gcry_cipher_cfb_decrypt
0x0000c890:  
OBJD-T: 18309de538b08de21c809de530408de210308de50130a0e314308de528608de2
OBJD-T: 40308de224308de550308de208308de50820a0e30710a0e10b00a0e10b50a0e1
OBJD-T: 0090a0e3dcfdffeb

----------------
IN: _gcry_cipher_cfb_decrypt
0x0000c8d8:  
OBJD-T: 24009de51020a0e30810a0e1d8fdffeb

----------------
IN: cipher_block_cpy
0x0000c064:  
OBJD-T: e5ffffeb

----------------
IN: cipher_block_cpy
0x0000c068:  
OBJD-T: 0080a0e1040085e2e2ffffeb

----------------
IN: cipher_block_cpy
0x0000c074:  
OBJD-T: 0070a0e1080085e2dfffffeb

----------------
IN: cipher_block_cpy
0x0000c080:  
OBJD-T: 0060a0e10c0085e2dcffffeb

----------------
IN: cipher_block_cpy
0x0000c08c:  
OBJD-T: 0050a0e10810a0e10400a0e1e3ffffeb

----------------
IN: cipher_block_cpy
0x0000c09c:  
OBJD-T: 0710a0e1040084e2e0ffffeb

----------------
IN: cipher_block_cpy
0x0000c0a8:  
OBJD-T: 0610a0e1080084e2ddffffeb

----------------
IN: cipher_block_cpy
0x0000c0b4:  
OBJD-T: 0510a0e10c0084e2f041bde8d9ffffea

----------------
IN: _gcry_cipher_cfb_decrypt
0x0000c8e8:  
OBJD-T: 0820a0e3101088e20700a0e1d4fdffeb

----------------
IN: _gcry_cipher_cfb_decrypt
0x0000c8f8:  
OBJD-T: 0510a0e10400a0e12cffffeb

----------------
IN: _gcry_cipher_cfb_decrypt
0x0000c904:  
OBJD-T: 00908de50a10a0e10c0094e80600a0e119ffffeb

----------------
IN: _gcry_cipher_cfb_decrypt
0x0000c918:  
OBJD-T: 030096e80520a0e1085085e2030084e800ffffeb

----------------
IN: _gcry_cipher_cfb_decrypt
0x0000c92c:  
OBJD-T: 08309de5050053e1efffff1a

----------------
IN: _gcry_cipher_cfb_decrypt
0x0000c938:  
OBJD-T: 0c309de50810a0e100908de50b20a0e1035043e2188088e214309de50c508de5
OBJD-T: 013043e214308de510309de50300a0e1183083e210308de51830a0e36bfeffeb

----------------
IN: buf_xor
0x0000c328:  
OBJD-T: f04f2de9030053e314d04de20040a0e10180a0e10290a0e138b09de500308de5
OBJD-T: 4700009a

----------------
IN: buf_xor
0x0000c34c:  
OBJD-T: 20a19fe5043043e20330c3e30260a0e10aa08fe0043083e2037080e00150a0e1
OBJD-T: 04308de5f880cde10c0000ea

----------------
IN: buf_xor
0x0000c3ac:  
OBJD-T: 00005be3f0ffff0a

----------------
IN: buf_xor
0x0000c378:  
OBJD-T: 0500a0e1045085e21effffeb

----------------
IN: buf_xor
0x0000c384:  
OBJD-T: 0080a0e10600a0e1046086e21affffeb

----------------
IN: buf_xor
0x0000c394:  
OBJD-T: 001028e00400a0e1044084e221ffffeb

----------------
IN: buf_xor
0x0000c3a4:  
OBJD-T: 070054e11200000a

----------------
IN: buf_xor
0x0000c3f8:  
OBJD-T: 04309de5d880cde1

----------------
IN: buf_xor
0x0000c400:  
OBJD-T: 038088e0039089e000309de5033003e200308de500309de5000053e30a00000a

----------------
IN: buf_xor
0x0000c44c:  
OBJD-T: 14d08de2f08fbde8

----------------
IN: _gcry_cipher_cfb_decrypt
0x0000c978:  
OBJD-T: 020055e3cfffff8a

----------------
IN: _gcry_cipher_cfb_decrypt
0x0000c8c0:  
OBJD-T: 0820a0e30710a0e10b00a0e10b50a0e10090a0e3dcfdffeb

----------------
IN: _gcry_cipher_cfb_decrypt
0x0000c980:  
OBJD-T: 0c309de5000053e33400000a

----------------
IN: _gcry_cipher_cfb_decrypt
0x0000c98c:  
OBJD-T: 08b08de510509de514909de50cb09de50710a0e10400a0e103ffffeb

----------------
IN: _gcry_cipher_cfb_decrypt
0x0000c9a8:  
OBJD-T: 000059e30a10a0e10130a0c30030a0d300308de50600a0e10c0094e8019049e2
OBJD-T: ecfeffeb

----------------
IN: _gcry_cipher_cfb_decrypt
0x0000c9cc:  
OBJD-T: 030096e80720a0e1030084e8d4feffeb

----------------
IN: _gcry_cipher_cfb_decrypt
0x0000c9dc:  
OBJD-T: 0820a0e10500a0e10830a0e30710a0e1088088e243feffeb

----------------
IN: _gcry_cipher_cfb_decrypt
0x0000c9f4:  
OBJD-T: 01005be3085085e21600000a

----------------
IN: _gcry_cipher_cfb_decrypt
0x0000ca5c:  
OBJD-T: 08b09de50b00a0e11810a0e3710100eb

----------------
IN: wipememory
0x0000d034:  
OBJD-T: 000051e31eff2f01

----------------
IN: wipememory
0x0000d03c:  
OBJD-T: 011080e00020a0e30030a0e1010080e2010050e10020c3e5faffff1a

----------------
IN: wipememory
0x0000d044:  
OBJD-T: 0030a0e1010080e2010050e10020c3e5faffff1a

----------------
IN: wipememory
0x0000d058:  
OBJD-T: 1eff2fe1

----------------
IN: _gcry_cipher_cfb_decrypt
0x0000ca6c:  
OBJD-T: 78309de518209de50730c3e3032082e018208de51c209de5033082e01c308de5
OBJD-T: 78309de5074003e237ffffea

----------------
IN: decode_filter
0x0000a640:  
OBJD-T: 0500a0e1d5ffffea

----------------
IN: decode_filter
0x0000a5a0:  
OBJD-T: 004089e508d08de2f087bde8

----------------
IN: parse.constprop.0
0x0000d240:  
OBJD-T: 010070e37030ef169e00000a

----------------
IN: parse.constprop.0
0x0000d24c:  
OBJD-T: 2c30cde5800010e33900000a

----------------
IN: parse.constprop.0
0x0000d5d8:  
OBJD-T: 360000ea

----------------
IN: parse.constprop.0
0x0000d490:  
OBJD-T: 900100ea

----------------
IN: parse.constprop.0
0x0000dad8:  
OBJD-T: 01302ae2050055e30030a08301300392000053e31703001a

----------------
IN: parse.constprop.0
0x0000daf0:  
OBJD-T: 103094e5000053e30201001a

----------------
IN: parse.constprop.0
0x0000dafc:  
OBJD-T: 180094e51c3094e5030050e1fe00002a

----------------
IN: parse.constprop.0
0x0000df08:  
OBJD-T: 10208de50400a0e1f2ecffeb

----------------
IN: parse.constprop.0
0x0000df14:  
OBJD-T: 103094e5000055e310209de501504512000053e37080efe60601000a

----------------
IN: parse.constprop.0
0x0000e34c:  
OBJD-T: 1c3094e5f7fdffea

----------------
IN: parse.constprop.0
0x0000db34:  
OBJD-T: 181094e5030051e1fb00002a

----------------
IN: parse.constprop.0
0x0000db40:  
OBJD-T: 083094e5200094e5013083e2083084e5013081e2183084e50170d0e710208de5
OBJD-T: 000055e31a01000a

----------------
IN: parse.constprop.0
0x0000dfd4:  
OBJD-T: 1b0087e29ffbffeb

----------------
IN: parse.constprop.0
0x0000dfdc:  
OBJD-T: 0c309de500b0a0e110209de5040083e50820c0e50c8080e509a0c0e5147080e5
OBJD-T: 102094e5

----------------
IN: parse.constprop.0
0x0000e000:  
OBJD-T: 000057e3d500000a

----------------
IN: parse.constprop.0
0x0000e360:  
OBJD-T: 0050a0e3b2feffea

----------------
IN: parse.constprop.0
0x0000de34:  
OBJD-T: 000052e34f00001a

----------------
IN: parse.constprop.0
0x0000de3c:  
OBJD-T: 181094e51c3094e5030051e14b00002a

----------------
IN: parse.constprop.0
0x0000de4c:  
OBJD-T: 082094e5200094e5012082e2082084e5012081e2182084e50110d0e7018ca0e1
OBJD-T: 020053e14800009a

----------------
IN: parse.constprop.0
0x0000de74:  
OBJD-T: 081094e5200094e5011081e2081084e5011082e2181084e50270d0e7077888e1
OBJD-T: 010053e12a00009a

----------------
IN: parse.constprop.0
0x0000de9c:  
OBJD-T: 082094e5200094e5012082e2082084e5012081e2182084e50110d0e7017487e1
OBJD-T: 030052e12900002a

----------------
IN: parse.constprop.0
0x0000dec4:  
OBJD-T: 083094e5201094e5013083e2083084e5013082e2183084e50230d1e7073083e1
OBJD-T: 000055e310308be50450451200508be50610a0e104408be50000a0e3c6f2ffeb

----------------
IN: parse.constprop.0
0x0000df04:  
OBJD-T: c8feffea

----------------
IN: do_proc_packets
0x00010c58:  
OBJD-T: 0030d5e5020053e3130053130500000a

----------------
IN: parse.constprop.0
0x0000d340:  
OBJD-T: 4c1e9fe50020a0e1480e9fe501108fe000008fe0c10600eb

----------------
IN: parse.constprop.0
0x0000d358:  
OBJD-T: 0e00a0e39cd08de2f08fbde8

----------------
IN: do_proc_packets
0x00010e90:  
OBJD-T: 00b0a0e10610a0e10500a0e1dfe6ffeb

----------------
IN: free_packet.localalias
0x0000aa30:  
OBJD-T: 043090e5000053e31080bd18

----------------
IN: do_proc_packets
0x00010ea0:  
OBJD-T: b6ffffea

----------------
IN: do_proc_packets
0x00010d80:  
OBJD-T: 2c0094e528f0ffeb

----------------
IN: xfree
0x0000ce2c:  
OBJD-T: 000050e31eff2f01

----------------
IN: do_proc_packets
0x00010d88:  
OBJD-T: 0610a0e10500a0e122e7ffeb

----------------
IN: do_proc_packets
0x00010d94:  
OBJD-T: 34309de5000053e31a00001a

----------------
IN: do_proc_packets
0x00010da0:  
OBJD-T: 0500a0e120f0ffeb

----------------
IN: xfree
0x0000ce34:  
OBJD-T: bfffffea

----------------
IN: free
0x0000cd38:  
OBJD-T: dc109fe5000050e301108fe01eff2f01

----------------
IN: free
0x0000cd48:  
OBJD-T: d0309fe50c2040e2ccc09fe5033091e70c1091e7030052e10030a0330130a023
OBJD-T: 010052e101308333000053e31eff2f11

----------------
IN: free
0x0000cd78:  
OBJD-T: 043010e50110a0e3081040e5000053e30200000a

----------------
IN: free
0x0000cd8c:  
OBJD-T: 0410d3e5000051e31700001a

----------------
IN: free
0x0000cd98:  
OBJD-T: 88309fe503308fe0003093e5000053e3030052110400001a

----------------
IN: free
0x0000cdc4:  
OBJD-T: 0410d3e5000051e3f8ffff0a

----------------
IN: free
0x0000cdb4:  
OBJD-T: 083093e5000053e3030052111eff2f01

----------------
IN: do_proc_packets
0x00010da8:  
OBJD-T: 0b00a0e144d08de2f08fbde8

----------------
IN: proc_packets
0x00011054:  
OBJD-T: 0050a0e10400a0e172efffeb

----------------
IN: proc_packets
0x00011060:  
OBJD-T: 0500a0e1f081bde8

----------------
IN: decrypt_data
0x0000a914:  
OBJD-T: 0c009de50e20a0e3002240e30010a0e35030d0e5101084e5d330e1e7010053e3
OBJD-T: 0260a081daffffea

----------------
IN: decrypt_data
0x0000a8a8:  
OBJD-T: e7feffeb

----------------
IN: release_dfx_context
0x0000a44c:  
OBJD-T: 70402de9004050e27080bd08

----------------
IN: decrypt_data
0x0000a8ac:  
OBJD-T: 0600a0e130d08de2f087bde8

----------------
IN: do_proc_packets
0x00010d14:  
OBJD-T: 010070e30900000a

----------------
IN: do_proc_packets
0x00010d1c:  
OBJD-T: 000050e36100001a

----------------
IN: do_proc_packets
0x00010d24:  
OBJD-T: 1900a0e34cf8ffeb

----------------
IN: do_proc_packets
0x00010d2c:  
OBJD-T: a4029fe500008fe049f8ffeb

----------------
IN: do_proc_packets
0x00010d38:  
OBJD-T: 9c029fe500008fe046f8ffeb

----------------
IN: do_proc_packets
0x00010d44:  
OBJD-T: 2c0094e50090a0e336f0ffeb

----------------
IN: do_proc_packets
0x00010d50:  
OBJD-T: 2c9084e50910a0e10500a0e12fe7ffeb

----------------
IN: do_proc_packets
0x00010d60:  
OBJD-T: 389084e52a00a0e33cf8ffeb

----------------
IN: do_proc_packets
0x00010d6c:  
OBJD-T: 003098e5013083e2003088e5b6ffffea

----------------
IN: proc_encryption_packets
0x000110a8:  
OBJD-T: 0050a0e10400a0e15defffeb

----------------
IN: proc_encryption_packets
0x000110b4:  
OBJD-T: 0500a0e1f081bde8

----------------
IN: decrypt_memory
0x0000a42c:  
OBJD-T: 14d08de2f083bde8

----------------
IN: unified_decrypt
0x0001057c:  
OBJD-T: 0040a0e1fe2a0ce344019fe5ef1e0be3be2a4be300008fe0ad1e4de330faffeb

----------------
IN: unified_decrypt
0x0001059c:  
OBJD-T: 1c0095e5000050e30500000a

----------------
IN: unified_decrypt
0x000105a8:  
OBJD-T: 0610a0e1a0f2ffeb

----------------
IN: unified_decrypt
0x000105b0:  
OBJD-T: 1c0095e5dff1ffeb

----------------
IN: unified_decrypt
0x000105b8:  
OBJD-T: 0030a0e31c3085e5186095e5000056e30800000a

----------------
IN: unified_decrypt
0x000105f0:  
OBJD-T: 020054e31500000a

----------------
IN: unified_decrypt
0x000105f8:  
OBJD-T: d4009fe50040a0e300008fe015faffeb

----------------
IN: unified_decrypt
0x00010608:  
OBJD-T: 0400a0e1f087bde8

----------------
IN: main
0x00008140:  
OBJD-T: 0010a0e174019fe500008fe0431b00eb

----------------
IN: main
0x00008150:  
OBJD-T: 6c019fe500008fe0401b00eb

----------------
IN: main
0x0000815c:  
OBJD-T: 64319fe518c08de203308fe00f0093e80f008ce80c10a0e11020a0e30600a0e1
OBJD-T: 6f1300eb

----------------
IN: main
0x00008180:  
OBJD-T: 44219fe50930a0e10610a0e10400a0e1022098e7002092e504208de52c219fe5
OBJD-T: 022098e700208de51020a0e39c2000eb

----------------
IN: malloc
0x0000cd04:  
OBJD-T: 0c1083e20020a0e304108de504009de50420c3e50cd08de204f09de4

----------------
IN: do_proc_packets
0x00010dc4:  
OBJD-T: 18029fe500008fe023f8ffeb

----------------
IN: do_proc_packets
0x00010dd0:  
OBJD-T: 042095e524108de22c3094e5000094e500108de50410a0e131e6ffeb

----------------
IN: parse.constprop.0
0x0000d49c:  
OBJD-T: 720000ea

----------------
IN: parse.constprop.0
0x0000d66c:  
OBJD-T: 0000a0e30610a0e1e9f4ffeb

----------------
IN: parse.constprop.0
0x0000d678:  
OBJD-T: 380b9fe50910a0e100008fe0f50500eb

----------------
IN: parse.constprop.0
0x0000d688:  
OBJD-T: 0910a0e12c008de2d0f2ffeb

----------------
IN: parse.constprop.0
0x0000d694:  
OBJD-T: 0200a0e38bffffea

----------------
IN: parse.constprop.0
0x0000d4cc:  
OBJD-T: 9cd08de2f08fbde8

----------------
IN: free
0x0000cdf8:  
OBJD-T: 0c1010e501c082e00c0053e100c093050830930501108c00043000050c100005
OBJD-T: deffffea

----------------
IN: do_proc_packets
0x00010dec:  
OBJD-T: 000050e32b00001a

----------------
IN: do_proc_packets
0x00010df4:  
OBJD-T: 1800a0e318f8ffeb

----------------
IN: do_proc_packets
0x00010dfc:  
OBJD-T: e4019fe500008fe015f8ffeb

----------------
IN: do_proc_packets
0x00010e08:  
OBJD-T: cdffffea

----------------
IN: parse.constprop.0
0x0000d3ac:  
OBJD-T: 3f0058e3010075033e00000a

----------------
IN: parse.constprop.0
0x0000d484:  
OBJD-T: 780000ea

----------------
IN: free
0x0000cdd0:  
OBJD-T: 001093e501c083e00c0052e1f4ffff1a

----------------
IN: unified_decrypt
0x00010650:  
OBJD-T: 88009fe50410a0e100008fe0fff9ffeb

----------------
IN: unified_decrypt
0x00010660:  
OBJD-T: 0400a0e1f087bde8

----------------
IN: main
0x000081b0:  
OBJD-T: 0010a0e118019fe500008fe0271b00eb

----------------
IN: main
0x000081c0:  
OBJD-T: 10019fe500008fe0241b00eb

----------------
IN: main
0x000081cc:  
OBJD-T: 08019fe500008fe0211b00eb

----------------
IN: main
0x000081d8:  
OBJD-T: 00019fe500008fe01e1b00eb

----------------
IN: main
0x000081e4:  
OBJD-T: f8009fe500008fe01b1b00eb

----------------
IN: main
0x000081f0:  
OBJD-T: 0500a0e12410a0e38d1300eb

----------------
IN: main
0x000081fc:  
OBJD-T: 0500a0e1cc1200eb

----------------
IN: free
0x0000cdb0:  
OBJD-T: 1eff2fe1

----------------
IN: main
0x00008204:  
OBJD-T: 040000ea

----------------
IN: main
0x0000821c:  
OBJD-T: 000054e31300001a

----------------
IN: main
0x00008274:  
OBJD-T: 74009fe500008fe0f71a00eb

----------------
IN: main
0x00008280:  
OBJD-T: 0400a0e12410a0e3691300eb

----------------
IN: main
0x0000828c:  
OBJD-T: 0400a0e1a81200eb

----------------
IN: free
0x0000cde0:  
OBJD-T: 0c2010e5040010e5011082e0080083e5001083e51eff2fe1

----------------
IN: main
0x00008294:  
OBJD-T: e2ffffea

----------------
IN: main
0x00008224:  
OBJD-T: 000057e30400000a

----------------
IN: main
0x0000822c:  
OBJD-T: 0700a0e12010a0e37e1300eb

----------------
IN: main
0x00008238:  
OBJD-T: 0700a0e1bd1200eb

----------------
IN: main
0x00008240:  
OBJD-T: 000056e30400000a

----------------
IN: main
0x00008248:  
OBJD-T: 0600a0e12010a0e3771300eb

----------------
IN: main
0x00008254:  
OBJD-T: 0600a0e1b61200eb

----------------
IN: main
0x0000825c:  
OBJD-T: 03f020e3

